2021.12.02 00:00:38 INFO  ce[][o.s.p.ProcessEntryPoint] Starting ce
2021.12.02 00:00:38 INFO  ce[][o.s.ce.app.CeServer] Compute Engine starting up...
2021.12.02 00:00:38 INFO  ce[][o.s.s.e.EsClientProvider] Connected to local Elasticsearch: [http://localhost:9001]
2021.12.02 00:00:38 INFO  ce[][o.sonar.db.Database] Create JDBC data source for jdbc:h2:tcp://127.0.0.1:9092/sonar
2021.12.02 00:00:38 WARN  ce[][o.s.db.dialect.H2] H2 database should be used for evaluation purpose only.
2021.12.02 00:00:39 INFO  ce[][o.s.s.p.ServerFileSystemImpl] SonarQube home: /opt/sonarqube
2021.12.02 00:00:39 INFO  ce[][o.s.c.c.CePluginRepository] Load plugins
2021.12.02 00:00:40 INFO  ce[][o.s.c.c.ComputeEngineContainerImpl] Running Community edition
2021.12.02 00:00:40 INFO  ce[][o.s.ce.app.CeServer] Compute Engine is operational
2021.12.02 01:11:44 INFO  ce[][o.s.p.ProcessEntryPoint] Gracefully stopping process
2021.12.02 01:11:44 INFO  ce[][o.s.ce.app.CeServer] Compute Engine is stopping...
2021.12.02 01:11:44 INFO  ce[][o.s.c.t.CeProcessingSchedulerImpl] Gracefully stopping workers...
2021.12.02 01:11:44 INFO  ce[][o.s.ce.app.CeServer] Compute Engine is stopped
2021.12.02 01:13:46 INFO  ce[][o.s.p.ProcessEntryPoint] Starting ce
2021.12.02 01:13:46 INFO  ce[][o.s.ce.app.CeServer] Compute Engine starting up...
2021.12.02 01:13:46 INFO  ce[][o.s.s.e.EsClientProvider] Connected to local Elasticsearch: [http://localhost:9001]
2021.12.02 01:13:46 INFO  ce[][o.sonar.db.Database] Create JDBC data source for jdbc:h2:tcp://127.0.0.1:9092/sonar
2021.12.02 01:13:46 WARN  ce[][o.s.db.dialect.H2] H2 database should be used for evaluation purpose only.
2021.12.02 01:13:47 INFO  ce[][o.s.s.p.ServerFileSystemImpl] SonarQube home: /opt/sonarqube
2021.12.02 01:13:47 INFO  ce[][o.s.c.c.CePluginRepository] Load plugins
2021.12.02 01:13:48 INFO  ce[][o.s.c.c.ComputeEngineContainerImpl] Running Community edition
2021.12.02 01:13:48 INFO  ce[][o.s.ce.app.CeServer] Compute Engine is operational
2021.12.02 01:14:04 INFO  ce[][o.s.p.ProcessEntryPoint] Gracefully stopping process
2021.12.02 01:14:04 INFO  ce[][o.s.ce.app.CeServer] Compute Engine is stopping...
2021.12.02 01:14:04 INFO  ce[][o.s.c.t.CeProcessingSchedulerImpl] Gracefully stopping workers...
2021.12.02 01:14:04 INFO  ce[][o.s.ce.app.CeServer] Compute Engine is stopped
2021.12.02 01:33:58 INFO  ce[][o.s.p.ProcessEntryPoint] Starting ce
2021.12.02 01:33:58 INFO  ce[][o.s.ce.app.CeServer] Compute Engine starting up...
2021.12.02 01:33:58 INFO  ce[][o.s.s.e.EsClientProvider] Connected to local Elasticsearch: [http://localhost:9001]
2021.12.02 01:33:58 INFO  ce[][o.sonar.db.Database] Create JDBC data source for jdbc:h2:tcp://127.0.0.1:9092/sonar
2021.12.02 01:33:58 WARN  ce[][o.s.db.dialect.H2] H2 database should be used for evaluation purpose only.
2021.12.02 01:33:59 INFO  ce[][o.s.s.p.ServerFileSystemImpl] SonarQube home: /opt/sonarqube
2021.12.02 01:33:59 INFO  ce[][o.s.c.c.CePluginRepository] Load plugins
2021.12.02 01:34:00 INFO  ce[][o.s.c.c.ComputeEngineContainerImpl] Running Community edition
2021.12.02 01:34:00 INFO  ce[][o.s.ce.app.CeServer] Compute Engine is operational
2021.12.02 08:46:43 INFO  ce[][o.s.p.ProcessEntryPoint] Gracefully stopping process
2021.12.02 08:46:43 INFO  ce[][o.s.ce.app.CeServer] Compute Engine is stopping...
2021.12.02 08:46:43 INFO  ce[][o.s.c.t.CeProcessingSchedulerImpl] Gracefully stopping workers...
2021.12.02 08:46:43 INFO  ce[][o.s.ce.app.CeServer] Compute Engine is stopped
2021.12.02 08:57:48 INFO  ce[][o.s.p.ProcessEntryPoint] Starting ce
2021.12.02 08:57:48 INFO  ce[][o.s.ce.app.CeServer] Compute Engine starting up...
2021.12.02 08:57:48 INFO  ce[][o.s.s.e.EsClientProvider] Connected to local Elasticsearch: [http://localhost:9001]
2021.12.02 08:57:49 INFO  ce[][o.sonar.db.Database] Create JDBC data source for jdbc:h2:tcp://127.0.0.1:9092/sonar
2021.12.02 08:57:50 WARN  ce[][o.s.db.dialect.H2] H2 database should be used for evaluation purpose only.
2021.12.02 08:57:51 INFO  ce[][o.s.s.p.ServerFileSystemImpl] SonarQube home: /opt/sonarqube
2021.12.02 08:57:52 INFO  ce[][o.s.p.ProcessEntryPoint] Gracefully stopping process
2021.12.02 08:57:52 INFO  ce[][o.s.c.c.CePluginRepository] Load plugins
2021.12.02 08:57:53 INFO  ce[][o.s.c.c.ComputeEngineContainerImpl] Running Community edition
2021.12.02 08:57:53 INFO  ce[][o.s.ce.app.CeServer] Compute Engine is operational
2021.12.02 08:57:53 INFO  ce[][o.s.ce.app.CeServer] Compute Engine is stopping...
2021.12.02 08:57:53 INFO  ce[][o.s.c.t.CeProcessingSchedulerImpl] Gracefully stopping workers...
2021.12.02 08:57:55 INFO  ce[][o.s.ce.app.CeServer] Compute Engine is stopped
2021.12.02 08:58:54 INFO  ce[][o.s.p.ProcessEntryPoint] Starting ce
2021.12.02 08:58:54 INFO  ce[][o.s.ce.app.CeServer] Compute Engine starting up...
2021.12.02 08:58:54 INFO  ce[][o.s.s.e.EsClientProvider] Connected to local Elasticsearch: [http://localhost:9001]
2021.12.02 08:58:55 INFO  ce[][o.sonar.db.Database] Create JDBC data source for jdbc:h2:tcp://127.0.0.1:9092/sonar
2021.12.02 08:58:56 WARN  ce[][o.s.db.dialect.H2] H2 database should be used for evaluation purpose only.
2021.12.02 08:58:57 INFO  ce[][o.s.s.p.ServerFileSystemImpl] SonarQube home: /opt/sonarqube
2021.12.02 08:58:58 INFO  ce[][o.s.c.c.CePluginRepository] Load plugins
2021.12.02 08:58:59 INFO  ce[][o.s.c.c.ComputeEngineContainerImpl] Running Community edition
2021.12.02 08:58:59 INFO  ce[][o.s.ce.app.CeServer] Compute Engine is operational
2021.12.02 09:26:08 INFO  ce[][o.s.p.ProcessEntryPoint] Gracefully stopping process
2021.12.02 09:26:08 INFO  ce[][o.s.ce.app.CeServer] Compute Engine is stopping...
2021.12.02 09:26:08 INFO  ce[][o.s.c.t.CeProcessingSchedulerImpl] Gracefully stopping workers...
2021.12.02 09:26:08 INFO  ce[][o.s.ce.app.CeServer] Compute Engine is stopped
2021.12.02 11:33:23 INFO  ce[][o.s.p.ProcessEntryPoint] Starting ce
2021.12.02 11:33:23 INFO  ce[][o.s.ce.app.CeServer] Compute Engine starting up...
2021.12.02 11:33:23 INFO  ce[][o.s.s.e.EsClientProvider] Connected to local Elasticsearch: [http://localhost:9001]
2021.12.02 11:33:24 INFO  ce[][o.sonar.db.Database] Create JDBC data source for jdbc:h2:tcp://127.0.0.1:9092/sonar
2021.12.02 11:33:25 WARN  ce[][o.s.db.dialect.H2] H2 database should be used for evaluation purpose only.
2021.12.02 11:33:27 INFO  ce[][o.s.s.p.ServerFileSystemImpl] SonarQube home: /opt/sonarqube
2021.12.02 11:33:27 INFO  ce[][o.s.c.c.CePluginRepository] Load plugins
2021.12.02 11:33:29 INFO  ce[][o.s.c.c.ComputeEngineContainerImpl] Running Community edition
2021.12.02 11:33:29 INFO  ce[][o.s.ce.app.CeServer] Compute Engine is operational
2021.12.02 11:34:35 INFO  ce[][o.s.p.ProcessEntryPoint] Gracefully stopping process
2021.12.02 11:34:35 INFO  ce[][o.s.ce.app.CeServer] Compute Engine is stopping...
2021.12.02 11:34:35 INFO  ce[][o.s.c.t.CeProcessingSchedulerImpl] Gracefully stopping workers...
2021.12.02 11:34:35 INFO  ce[][o.s.ce.app.CeServer] Compute Engine is stopped
2021.12.02 11:39:23 INFO  ce[][o.s.p.ProcessEntryPoint] Starting ce
2021.12.02 11:39:23 INFO  ce[][o.s.ce.app.CeServer] Compute Engine starting up...
2021.12.02 11:39:23 INFO  ce[][o.s.s.e.EsClientProvider] Connected to local Elasticsearch: [http://localhost:9001]
2021.12.02 11:39:24 INFO  ce[][o.sonar.db.Database] Create JDBC data source for jdbc:h2:tcp://127.0.0.1:9092/sonar
2021.12.02 11:39:25 WARN  ce[][o.s.db.dialect.H2] H2 database should be used for evaluation purpose only.
2021.12.02 11:39:27 INFO  ce[][o.s.s.p.ServerFileSystemImpl] SonarQube home: /opt/sonarqube
2021.12.02 11:39:27 INFO  ce[][o.s.c.c.CePluginRepository] Load plugins
2021.12.02 11:39:29 INFO  ce[][o.s.c.c.ComputeEngineContainerImpl] Running Community edition
2021.12.02 11:39:29 INFO  ce[][o.s.ce.app.CeServer] Compute Engine is operational
2021.12.02 11:40:11 INFO  ce[][o.s.p.ProcessEntryPoint] Gracefully stopping process
2021.12.02 11:40:11 INFO  ce[][o.s.ce.app.CeServer] Compute Engine is stopping...
2021.12.02 11:40:11 INFO  ce[][o.s.c.t.CeProcessingSchedulerImpl] Gracefully stopping workers...
2021.12.02 11:40:11 INFO  ce[][o.s.ce.app.CeServer] Compute Engine is stopped
2021.12.02 11:41:34 INFO  ce[][o.s.p.ProcessEntryPoint] Starting ce
2021.12.02 11:41:34 INFO  ce[][o.s.ce.app.CeServer] Compute Engine starting up...
2021.12.02 11:41:34 INFO  ce[][o.s.s.e.EsClientProvider] Connected to local Elasticsearch: [http://localhost:9001]
2021.12.02 11:41:35 INFO  ce[][o.s.p.ProcessEntryPoint] Gracefully stopping process
2021.12.02 11:41:35 INFO  ce[][o.sonar.db.Database] Create JDBC data source for jdbc:h2:tcp://127.0.0.1:9092/sonar
2021.12.02 11:41:36 WARN  ce[][o.s.db.dialect.H2] H2 database should be used for evaluation purpose only.
2021.12.02 11:41:38 INFO  ce[][o.s.s.p.ServerFileSystemImpl] SonarQube home: /opt/sonarqube
2021.12.02 11:41:38 INFO  ce[][o.s.c.c.CePluginRepository] Load plugins
2021.12.02 11:41:39 INFO  ce[][o.s.c.c.ComputeEngineContainerImpl] Running Community edition
2021.12.02 11:41:39 INFO  ce[][o.s.ce.app.CeServer] Compute Engine is operational
2021.12.02 11:41:39 INFO  ce[][o.s.ce.app.CeServer] Compute Engine is stopping...
2021.12.02 11:41:39 INFO  ce[][o.s.c.t.CeProcessingSchedulerImpl] Gracefully stopping workers...
2021.12.02 11:41:41 INFO  ce[][o.s.ce.app.CeServer] Compute Engine is stopped
2021.12.02 11:42:51 INFO  ce[][o.s.p.ProcessEntryPoint] Starting ce
2021.12.02 11:42:51 INFO  ce[][o.s.ce.app.CeServer] Compute Engine starting up...
2021.12.02 11:42:52 INFO  ce[][o.s.s.e.EsClientProvider] Connected to local Elasticsearch: [http://localhost:9001]
2021.12.02 11:42:53 INFO  ce[][o.sonar.db.Database] Create JDBC data source for jdbc:h2:tcp://127.0.0.1:9092/sonar
2021.12.02 11:42:53 WARN  ce[][o.s.db.dialect.H2] H2 database should be used for evaluation purpose only.
2021.12.02 11:42:55 INFO  ce[][o.s.s.p.ServerFileSystemImpl] SonarQube home: /opt/sonarqube
2021.12.02 11:42:55 INFO  ce[][o.s.c.c.CePluginRepository] Load plugins
2021.12.02 11:42:56 INFO  ce[][o.s.c.c.ComputeEngineContainerImpl] Running Community edition
2021.12.02 11:42:57 INFO  ce[][o.s.ce.app.CeServer] Compute Engine is operational
2021.12.02 15:12:50 INFO  ce[][o.s.p.ProcessEntryPoint] Gracefully stopping process
2021.12.02 15:12:50 INFO  ce[][o.s.ce.app.CeServer] Compute Engine is stopping...
2021.12.02 15:12:50 INFO  ce[][o.s.c.t.CeProcessingSchedulerImpl] Gracefully stopping workers...
2021.12.02 15:12:50 INFO  ce[][o.s.ce.app.CeServer] Compute Engine is stopped
2021.12.02 15:13:36 INFO  ce[][o.s.p.ProcessEntryPoint] Starting ce
2021.12.02 15:13:36 INFO  ce[][o.s.ce.app.CeServer] Compute Engine starting up...
2021.12.02 15:13:36 INFO  ce[][o.s.s.e.EsClientProvider] Connected to local Elasticsearch: [http://localhost:9001]
2021.12.02 15:13:36 INFO  ce[][o.sonar.db.Database] Create JDBC data source for jdbc:h2:tcp://127.0.0.1:9092/sonar
2021.12.02 15:13:37 WARN  ce[][o.s.db.dialect.H2] H2 database should be used for evaluation purpose only.
2021.12.02 15:13:37 INFO  ce[][o.s.s.p.ServerFileSystemImpl] SonarQube home: /opt/sonarqube
2021.12.02 15:13:37 INFO  ce[][o.s.c.c.CePluginRepository] Load plugins
2021.12.02 15:13:38 INFO  ce[][o.s.c.c.ComputeEngineContainerImpl] Running Community edition
2021.12.02 15:13:38 INFO  ce[][o.s.ce.app.CeServer] Compute Engine is operational
2021.12.02 16:04:56 INFO  ce[][o.s.p.ProcessEntryPoint] Gracefully stopping process
2021.12.02 16:04:56 INFO  ce[][o.s.ce.app.CeServer] Compute Engine is stopping...
2021.12.02 16:04:56 INFO  ce[][o.s.c.t.CeProcessingSchedulerImpl] Gracefully stopping workers...
2021.12.02 16:04:56 INFO  ce[][o.s.ce.app.CeServer] Compute Engine is stopped
2021.12.02 16:05:43 INFO  ce[][o.s.p.ProcessEntryPoint] Starting ce
2021.12.02 16:05:43 INFO  ce[][o.s.ce.app.CeServer] Compute Engine starting up...
2021.12.02 16:05:43 INFO  ce[][o.s.s.e.EsClientProvider] Connected to local Elasticsearch: [http://localhost:9001]
2021.12.02 16:05:44 INFO  ce[][o.sonar.db.Database] Create JDBC data source for jdbc:h2:tcp://127.0.0.1:9092/sonar
2021.12.02 16:05:44 WARN  ce[][o.s.db.dialect.H2] H2 database should be used for evaluation purpose only.
2021.12.02 16:05:45 INFO  ce[][o.s.s.p.ServerFileSystemImpl] SonarQube home: /opt/sonarqube
2021.12.02 16:05:45 INFO  ce[][o.s.c.c.CePluginRepository] Load plugins
2021.12.02 16:05:45 INFO  ce[][o.s.c.c.ComputeEngineContainerImpl] Running Community edition
2021.12.02 16:05:45 INFO  ce[][o.s.ce.app.CeServer] Compute Engine is operational
2021.12.02 16:13:30 INFO  ce[][o.s.p.ProcessEntryPoint] Gracefully stopping process
2021.12.02 16:13:30 INFO  ce[][o.s.ce.app.CeServer] Compute Engine is stopping...
2021.12.02 16:13:30 INFO  ce[][o.s.c.t.CeProcessingSchedulerImpl] Gracefully stopping workers...
2021.12.02 16:13:30 INFO  ce[][o.s.ce.app.CeServer] Compute Engine is stopped
2021.12.02 16:16:14 INFO  ce[][o.s.p.ProcessEntryPoint] Starting ce
2021.12.02 16:16:14 INFO  ce[][o.s.ce.app.CeServer] Compute Engine starting up...
2021.12.02 16:16:14 INFO  ce[][o.s.s.e.EsClientProvider] Connected to local Elasticsearch: [http://localhost:9001]
2021.12.02 16:16:15 INFO  ce[][o.sonar.db.Database] Create JDBC data source for jdbc:h2:tcp://127.0.0.1:9092/sonar
2021.12.02 16:16:15 WARN  ce[][o.s.db.dialect.H2] H2 database should be used for evaluation purpose only.
2021.12.02 16:16:16 INFO  ce[][o.s.s.p.ServerFileSystemImpl] SonarQube home: /opt/sonarqube
2021.12.02 16:16:16 INFO  ce[][o.s.c.c.CePluginRepository] Load plugins
2021.12.02 16:16:17 INFO  ce[][o.s.c.c.ComputeEngineContainerImpl] Running Community edition
2021.12.02 16:16:17 INFO  ce[][o.s.ce.app.CeServer] Compute Engine is operational
2021.12.02 16:45:24 INFO  ce[][o.s.p.ProcessEntryPoint] Gracefully stopping process
2021.12.02 16:45:24 INFO  ce[][o.s.ce.app.CeServer] Compute Engine is stopping...
2021.12.02 16:45:24 INFO  ce[][o.s.c.t.CeProcessingSchedulerImpl] Gracefully stopping workers...
2021.12.02 16:45:24 INFO  ce[][o.s.ce.app.CeServer] Compute Engine is stopped
2021.12.02 16:46:24 INFO  ce[][o.s.p.ProcessEntryPoint] Starting ce
2021.12.02 16:46:24 INFO  ce[][o.s.ce.app.CeServer] Compute Engine starting up...
2021.12.02 16:46:24 INFO  ce[][o.s.s.e.EsClientProvider] Connected to local Elasticsearch: [http://localhost:9001]
2021.12.02 16:46:25 INFO  ce[][o.sonar.db.Database] Create JDBC data source for jdbc:h2:tcp://127.0.0.1:9092/sonar
2021.12.02 16:46:25 WARN  ce[][o.s.db.dialect.H2] H2 database should be used for evaluation purpose only.
2021.12.02 16:46:26 INFO  ce[][o.s.s.p.ServerFileSystemImpl] SonarQube home: /opt/sonarqube
2021.12.02 16:46:26 INFO  ce[][o.s.c.c.CePluginRepository] Load plugins
2021.12.02 16:46:27 INFO  ce[][o.s.c.c.ComputeEngineContainerImpl] Running Community edition
2021.12.02 16:46:27 INFO  ce[][o.s.ce.app.CeServer] Compute Engine is operational
2021.12.02 19:14:42 INFO  ce[][o.s.p.ProcessEntryPoint] Gracefully stopping process
2021.12.02 19:14:42 INFO  ce[][o.s.ce.app.CeServer] Compute Engine is stopping...
2021.12.02 19:14:42 INFO  ce[][o.s.c.t.CeProcessingSchedulerImpl] Gracefully stopping workers...
2021.12.02 19:14:42 INFO  ce[][o.s.ce.app.CeServer] Compute Engine is stopped
2021.12.02 19:17:38 INFO  ce[][o.s.p.ProcessEntryPoint] Starting ce
2021.12.02 19:17:38 INFO  ce[][o.s.ce.app.CeServer] Compute Engine starting up...
2021.12.02 19:17:38 INFO  ce[][o.s.s.e.EsClientProvider] Connected to local Elasticsearch: [http://localhost:9001]
2021.12.02 19:17:38 INFO  ce[][o.sonar.db.Database] Create JDBC data source for jdbc:h2:tcp://127.0.0.1:9092/sonar
2021.12.02 19:17:38 WARN  ce[][o.s.db.dialect.H2] H2 database should be used for evaluation purpose only.
2021.12.02 19:17:39 INFO  ce[][o.s.s.p.ServerFileSystemImpl] SonarQube home: /opt/sonarqube
2021.12.02 19:17:39 INFO  ce[][o.s.c.c.CePluginRepository] Load plugins
2021.12.02 19:17:40 INFO  ce[][o.s.c.c.ComputeEngineContainerImpl] Running Community edition
2021.12.02 19:17:40 INFO  ce[][o.s.ce.app.CeServer] Compute Engine is operational
2021.12.02 20:29:58 INFO  ce[][o.s.p.ProcessEntryPoint] Gracefully stopping process
2021.12.02 20:29:58 INFO  ce[][o.s.ce.app.CeServer] Compute Engine is stopping...
2021.12.02 20:29:58 INFO  ce[][o.s.c.t.CeProcessingSchedulerImpl] Gracefully stopping workers...
2021.12.02 20:29:58 INFO  ce[][o.s.ce.app.CeServer] Compute Engine is stopped
2021.12.02 20:32:13 INFO  ce[][o.s.p.ProcessEntryPoint] Starting ce
2021.12.02 20:32:13 INFO  ce[][o.s.ce.app.CeServer] Compute Engine starting up...
2021.12.02 20:32:14 INFO  ce[][o.s.s.e.EsClientProvider] Connected to local Elasticsearch: [http://localhost:9001]
2021.12.02 20:32:14 INFO  ce[][o.sonar.db.Database] Create JDBC data source for jdbc:h2:tcp://127.0.0.1:9092/sonar
2021.12.02 20:32:14 WARN  ce[][o.s.db.dialect.H2] H2 database should be used for evaluation purpose only.
2021.12.02 20:32:15 INFO  ce[][o.s.s.p.ServerFileSystemImpl] SonarQube home: /opt/sonarqube
2021.12.02 20:32:15 INFO  ce[][o.s.c.c.CePluginRepository] Load plugins
2021.12.02 20:32:16 INFO  ce[][o.s.c.c.ComputeEngineContainerImpl] Running Community edition
2021.12.02 20:32:16 INFO  ce[][o.s.ce.app.CeServer] Compute Engine is operational
2021.12.02 20:39:57 INFO  ce[][o.s.p.ProcessEntryPoint] Gracefully stopping process
2021.12.02 20:39:57 INFO  ce[][o.s.ce.app.CeServer] Compute Engine is stopping...
2021.12.02 20:39:57 INFO  ce[][o.s.c.t.CeProcessingSchedulerImpl] Gracefully stopping workers...
2021.12.02 20:39:57 INFO  ce[][o.s.ce.app.CeServer] Compute Engine is stopped
2021.12.02 20:40:24 INFO  ce[][o.s.p.ProcessEntryPoint] Starting ce
2021.12.02 20:40:24 INFO  ce[][o.s.ce.app.CeServer] Compute Engine starting up...
2021.12.02 20:40:25 INFO  ce[][o.s.s.e.EsClientProvider] Connected to local Elasticsearch: [http://localhost:9001]
2021.12.02 20:40:25 INFO  ce[][o.sonar.db.Database] Create JDBC data source for jdbc:h2:tcp://127.0.0.1:9092/sonar
2021.12.02 20:40:25 WARN  ce[][o.s.db.dialect.H2] H2 database should be used for evaluation purpose only.
2021.12.02 20:40:26 INFO  ce[][o.s.s.p.ServerFileSystemImpl] SonarQube home: /opt/sonarqube
2021.12.02 20:40:26 INFO  ce[][o.s.c.c.CePluginRepository] Load plugins
2021.12.02 20:40:27 INFO  ce[][o.s.c.c.ComputeEngineContainerImpl] Running Community edition
2021.12.02 20:40:27 INFO  ce[][o.s.ce.app.CeServer] Compute Engine is operational
2021.12.02 20:40:28 INFO  ce[][o.s.p.ProcessEntryPoint] Gracefully stopping process
2021.12.02 20:40:28 INFO  ce[][o.s.ce.app.CeServer] Compute Engine is stopping...
2021.12.02 20:40:28 INFO  ce[][o.s.c.t.CeProcessingSchedulerImpl] Gracefully stopping workers...
2021.12.02 20:40:29 INFO  ce[][o.s.ce.app.CeServer] Compute Engine is stopped
2021.12.02 20:43:52 INFO  ce[][o.s.p.ProcessEntryPoint] Starting ce
2021.12.02 20:43:52 INFO  ce[][o.s.ce.app.CeServer] Compute Engine starting up...
2021.12.02 20:43:52 INFO  ce[][o.s.s.e.EsClientProvider] Connected to local Elasticsearch: [http://localhost:9001]
2021.12.02 20:43:52 INFO  ce[][o.sonar.db.Database] Create JDBC data source for jdbc:h2:tcp://127.0.0.1:9092/sonar
2021.12.02 20:43:52 WARN  ce[][o.s.db.dialect.H2] H2 database should be used for evaluation purpose only.
2021.12.02 20:43:53 INFO  ce[][o.s.s.p.ServerFileSystemImpl] SonarQube home: /opt/sonarqube
2021.12.02 20:43:53 INFO  ce[][o.s.c.c.CePluginRepository] Load plugins
2021.12.02 20:43:54 INFO  ce[][o.s.c.c.ComputeEngineContainerImpl] Running Community edition
2021.12.02 20:43:54 INFO  ce[][o.s.ce.app.CeServer] Compute Engine is operational
2021.12.02 20:48:04 INFO  ce[][o.s.p.ProcessEntryPoint] Gracefully stopping process
2021.12.02 20:48:04 INFO  ce[][o.s.ce.app.CeServer] Compute Engine is stopping...
2021.12.02 20:48:04 INFO  ce[][o.s.c.t.CeProcessingSchedulerImpl] Gracefully stopping workers...
2021.12.02 20:48:04 INFO  ce[][o.s.ce.app.CeServer] Compute Engine is stopped
2021.12.02 20:51:40 INFO  ce[][o.s.p.ProcessEntryPoint] Starting ce
2021.12.02 20:51:40 INFO  ce[][o.s.ce.app.CeServer] Compute Engine starting up...
2021.12.02 20:51:40 INFO  ce[][o.s.s.e.EsClientProvider] Connected to local Elasticsearch: [http://localhost:9001]
2021.12.02 20:51:41 INFO  ce[][o.sonar.db.Database] Create JDBC data source for jdbc:h2:tcp://127.0.0.1:9092/sonar
2021.12.02 20:51:41 WARN  ce[][o.s.db.dialect.H2] H2 database should be used for evaluation purpose only.
2021.12.02 20:51:42 INFO  ce[][o.s.s.p.ServerFileSystemImpl] SonarQube home: /opt/sonarqube
2021.12.02 20:51:42 INFO  ce[][o.s.c.c.CePluginRepository] Load plugins
2021.12.02 20:51:43 INFO  ce[][o.s.c.c.ComputeEngineContainerImpl] Running Community edition
2021.12.02 20:51:43 INFO  ce[][o.s.ce.app.CeServer] Compute Engine is operational
2021.12.02 21:09:57 INFO  ce[][o.s.p.ProcessEntryPoint] Gracefully stopping process
2021.12.02 21:09:57 INFO  ce[][o.s.ce.app.CeServer] Compute Engine is stopping...
2021.12.02 21:09:57 INFO  ce[][o.s.c.t.CeProcessingSchedulerImpl] Gracefully stopping workers...
2021.12.02 21:09:57 INFO  ce[][o.s.ce.app.CeServer] Compute Engine is stopped
2021.12.02 21:13:44 INFO  ce[][o.s.p.ProcessEntryPoint] Starting ce
2021.12.02 21:13:44 INFO  ce[][o.s.ce.app.CeServer] Compute Engine starting up...
2021.12.02 21:13:44 INFO  ce[][o.s.s.e.EsClientProvider] Connected to local Elasticsearch: [http://localhost:9001]
2021.12.02 21:13:44 INFO  ce[][o.sonar.db.Database] Create JDBC data source for jdbc:h2:tcp://127.0.0.1:9092/sonar
2021.12.02 21:13:45 WARN  ce[][o.s.db.dialect.H2] H2 database should be used for evaluation purpose only.
2021.12.02 21:13:58 INFO  ce[][o.s.s.p.ServerFileSystemImpl] SonarQube home: /opt/sonarqube
2021.12.02 21:13:58 INFO  ce[][o.s.c.c.CePluginRepository] Load plugins
2021.12.02 21:13:59 INFO  ce[][o.s.c.c.ComputeEngineContainerImpl] Running Community edition
2021.12.02 21:13:59 INFO  ce[][o.s.ce.app.CeServer] Compute Engine is operational
2021.12.02 22:01:49 INFO  ce[][o.s.p.ProcessEntryPoint] Gracefully stopping process
2021.12.02 22:01:49 INFO  ce[][o.s.ce.app.CeServer] Compute Engine is stopping...
2021.12.02 22:01:49 INFO  ce[][o.s.c.t.CeProcessingSchedulerImpl] Gracefully stopping workers...
2021.12.02 22:01:49 INFO  ce[][o.s.ce.app.CeServer] Compute Engine is stopped
2021.12.02 22:56:41 INFO  ce[][o.s.p.ProcessEntryPoint] Starting ce
2021.12.02 22:56:41 INFO  ce[][o.s.ce.app.CeServer] Compute Engine starting up...
2021.12.02 22:56:41 INFO  ce[][o.s.s.e.EsClientProvider] Connected to local Elasticsearch: [http://localhost:9001]
2021.12.02 22:56:41 INFO  ce[][o.sonar.db.Database] Create JDBC data source for jdbc:h2:tcp://127.0.0.1:9092/sonar
2021.12.02 22:56:41 WARN  ce[][o.s.db.dialect.H2] H2 database should be used for evaluation purpose only.
2021.12.02 22:56:42 INFO  ce[][o.s.s.p.ServerFileSystemImpl] SonarQube home: /opt/sonarqube
2021.12.02 22:56:42 INFO  ce[][o.s.c.c.CePluginRepository] Load plugins
2021.12.02 22:56:43 INFO  ce[][o.s.c.c.ComputeEngineContainerImpl] Running Community edition
2021.12.02 22:56:43 INFO  ce[][o.s.ce.app.CeServer] Compute Engine is operational
2021.12.02 22:57:11 INFO  ce[][o.s.p.ProcessEntryPoint] Gracefully stopping process
2021.12.02 22:57:11 INFO  ce[][o.s.ce.app.CeServer] Compute Engine is stopping...
2021.12.02 22:57:11 INFO  ce[][o.s.c.t.CeProcessingSchedulerImpl] Gracefully stopping workers...
2021.12.02 22:57:11 INFO  ce[][o.s.ce.app.CeServer] Compute Engine is stopped
2021.12.02 23:06:35 INFO  ce[][o.s.p.ProcessEntryPoint] Starting ce
2021.12.02 23:06:35 INFO  ce[][o.s.ce.app.CeServer] Compute Engine starting up...
2021.12.02 23:06:39 INFO  ce[][o.s.s.e.EsClientProvider] Connected to local Elasticsearch: [http://localhost:9001]
2021.12.02 23:06:41 INFO  ce[][o.sonar.db.Database] Create JDBC data source for jdbc:h2:tcp://127.0.0.1:9092/sonar
2021.12.02 23:06:41 WARN  ce[][o.s.db.dialect.H2] H2 database should be used for evaluation purpose only.
2021.12.02 23:06:43 INFO  ce[][o.s.s.p.ServerFileSystemImpl] SonarQube home: /opt/sonarqube
2021.12.02 23:06:43 INFO  ce[][o.s.c.c.CePluginRepository] Load plugins
2021.12.02 23:06:44 INFO  ce[][o.s.c.c.ComputeEngineContainerImpl] Running Community edition
2021.12.02 23:06:44 INFO  ce[][o.s.ce.app.CeServer] Compute Engine is operational
2021.12.02 23:26:02 INFO  ce[][o.s.p.ProcessEntryPoint] Gracefully stopping process
2021.12.02 23:26:02 INFO  ce[][o.s.ce.app.CeServer] Compute Engine is stopping...
2021.12.02 23:26:02 INFO  ce[][o.s.c.t.CeProcessingSchedulerImpl] Gracefully stopping workers...
2021.12.02 23:26:02 INFO  ce[][o.s.ce.app.CeServer] Compute Engine is stopped
2021.12.02 23:32:05 INFO  ce[][o.s.p.ProcessEntryPoint] Starting ce
2021.12.02 23:32:05 INFO  ce[][o.s.ce.app.CeServer] Compute Engine starting up...
2021.12.02 23:32:06 INFO  ce[][o.s.s.e.EsClientProvider] Connected to local Elasticsearch: [http://localhost:9001]
2021.12.02 23:32:08 INFO  ce[][o.sonar.db.Database] Create JDBC data source for jdbc:h2:tcp://127.0.0.1:9092/sonar
2021.12.02 23:32:08 WARN  ce[][o.s.db.dialect.H2] H2 database should be used for evaluation purpose only.
2021.12.02 23:32:12 INFO  ce[][o.s.s.p.ServerFileSystemImpl] SonarQube home: /opt/sonarqube
2021.12.02 23:32:12 INFO  ce[][o.s.c.c.CePluginRepository] Load plugins
2021.12.02 23:32:26 INFO  ce[][o.s.c.c.ComputeEngineContainerImpl] Running Community edition
2021.12.02 23:32:26 INFO  ce[][o.s.ce.app.CeServer] Compute Engine is operational
2021.12.02 23:35:52 INFO  ce[][o.s.p.ProcessEntryPoint] Gracefully stopping process
2021.12.02 23:35:52 INFO  ce[][o.s.ce.app.CeServer] Compute Engine is stopping...
2021.12.02 23:35:52 INFO  ce[][o.s.c.t.CeProcessingSchedulerImpl] Gracefully stopping workers...
2021.12.02 23:35:52 INFO  ce[][o.s.ce.app.CeServer] Compute Engine is stopped
2021.12.02 23:38:50 INFO  ce[][o.s.p.ProcessEntryPoint] Starting ce
2021.12.02 23:38:50 INFO  ce[][o.s.ce.app.CeServer] Compute Engine starting up...
2021.12.02 23:38:51 INFO  ce[][o.s.s.e.EsClientProvider] Connected to local Elasticsearch: [http://localhost:9001]
2021.12.02 23:38:51 INFO  ce[][o.sonar.db.Database] Create JDBC data source for jdbc:h2:tcp://127.0.0.1:9092/sonar
2021.12.02 23:38:51 WARN  ce[][o.s.db.dialect.H2] H2 database should be used for evaluation purpose only.
2021.12.02 23:38:52 INFO  ce[][o.s.s.p.ServerFileSystemImpl] SonarQube home: /opt/sonarqube
2021.12.02 23:38:52 INFO  ce[][o.s.c.c.CePluginRepository] Load plugins
2021.12.02 23:38:53 INFO  ce[][o.s.c.c.ComputeEngineContainerImpl] Running Community edition
2021.12.02 23:38:53 INFO  ce[][o.s.ce.app.CeServer] Compute Engine is operational
2021.12.02 23:53:41 INFO  ce[][o.s.p.ProcessEntryPoint] Gracefully stopping process
2021.12.02 23:53:41 INFO  ce[][o.s.ce.app.CeServer] Compute Engine is stopping...
2021.12.02 23:53:41 INFO  ce[][o.s.c.t.CeProcessingSchedulerImpl] Gracefully stopping workers...
2021.12.02 23:53:41 INFO  ce[][o.s.ce.app.CeServer] Compute Engine is stopped
2021.12.02 23:56:12 INFO  ce[][o.s.p.ProcessEntryPoint] Starting ce
2021.12.02 23:56:12 INFO  ce[][o.s.ce.app.CeServer] Compute Engine starting up...
2021.12.02 23:56:13 INFO  ce[][o.s.s.e.EsClientProvider] Connected to local Elasticsearch: [http://localhost:9001]
2021.12.02 23:56:13 INFO  ce[][o.sonar.db.Database] Create JDBC data source for jdbc:h2:tcp://127.0.0.1:9092/sonar
2021.12.02 23:56:13 WARN  ce[][o.s.db.dialect.H2] H2 database should be used for evaluation purpose only.
2021.12.02 23:56:14 INFO  ce[][o.s.s.p.ServerFileSystemImpl] SonarQube home: /opt/sonarqube
2021.12.02 23:56:14 INFO  ce[][o.s.c.c.CePluginRepository] Load plugins
2021.12.02 23:56:15 INFO  ce[][o.s.c.c.ComputeEngineContainerImpl] Running Community edition
2021.12.02 23:56:15 INFO  ce[][o.s.ce.app.CeServer] Compute Engine is operational
