2021.12.03 00:10:09 INFO  ce[][o.s.p.ProcessEntryPoint] Gracefully stopping process
2021.12.03 00:10:09 INFO  ce[][o.s.ce.app.CeServer] Compute Engine is stopping...
2021.12.03 00:10:09 INFO  ce[][o.s.c.t.CeProcessingSchedulerImpl] Gracefully stopping workers...
2021.12.03 00:10:09 INFO  ce[][o.s.ce.app.CeServer] Compute Engine is stopped
2021.12.03 00:14:55 INFO  ce[][o.s.p.ProcessEntryPoint] Starting ce
2021.12.03 00:14:55 INFO  ce[][o.s.ce.app.CeServer] Compute Engine starting up...
2021.12.03 00:14:56 INFO  ce[][o.s.s.e.EsClientProvider] Connected to local Elasticsearch: [http://localhost:9001]
2021.12.03 00:14:56 INFO  ce[][o.sonar.db.Database] Create JDBC data source for jdbc:h2:tcp://127.0.0.1:9092/sonar
2021.12.03 00:14:56 WARN  ce[][o.s.db.dialect.H2] H2 database should be used for evaluation purpose only.
2021.12.03 00:14:57 INFO  ce[][o.s.s.p.ServerFileSystemImpl] SonarQube home: /opt/sonarqube
2021.12.03 00:14:57 INFO  ce[][o.s.c.c.CePluginRepository] Load plugins
2021.12.03 00:14:58 INFO  ce[][o.s.c.c.ComputeEngineContainerImpl] Running Community edition
2021.12.03 00:14:58 INFO  ce[][o.s.ce.app.CeServer] Compute Engine is operational
2021.12.03 00:21:19 INFO  ce[][o.s.p.ProcessEntryPoint] Gracefully stopping process
2021.12.03 00:21:19 INFO  ce[][o.s.ce.app.CeServer] Compute Engine is stopping...
2021.12.03 00:21:19 INFO  ce[][o.s.c.t.CeProcessingSchedulerImpl] Gracefully stopping workers...
2021.12.03 00:21:19 INFO  ce[][o.s.ce.app.CeServer] Compute Engine is stopped
2021.12.03 00:38:33 INFO  ce[][o.s.p.ProcessEntryPoint] Starting ce
2021.12.03 00:38:33 INFO  ce[][o.s.ce.app.CeServer] Compute Engine starting up...
2021.12.03 00:38:33 INFO  ce[][o.s.s.e.EsClientProvider] Connected to local Elasticsearch: [http://localhost:9001]
2021.12.03 00:38:34 INFO  ce[][o.sonar.db.Database] Create JDBC data source for jdbc:h2:tcp://127.0.0.1:9092/sonar
2021.12.03 00:38:34 WARN  ce[][o.s.db.dialect.H2] H2 database should be used for evaluation purpose only.
2021.12.03 00:38:38 INFO  ce[][o.s.s.p.ServerFileSystemImpl] SonarQube home: /opt/sonarqube
2021.12.03 00:38:38 INFO  ce[][o.s.c.c.CePluginRepository] Load plugins
2021.12.03 00:38:44 INFO  ce[][o.s.c.c.ComputeEngineContainerImpl] Running Community edition
2021.12.03 00:38:44 INFO  ce[][o.s.ce.app.CeServer] Compute Engine is operational
2021.12.03 08:31:43 INFO  ce[][o.s.p.ProcessEntryPoint] Starting ce
2021.12.03 08:31:43 INFO  ce[][o.s.ce.app.CeServer] Compute Engine starting up...
2021.12.03 08:31:43 INFO  ce[][o.s.s.e.EsClientProvider] Connected to local Elasticsearch: [http://localhost:9001]
2021.12.03 08:31:44 INFO  ce[][o.sonar.db.Database] Create JDBC data source for jdbc:h2:tcp://127.0.0.1:9092/sonar
2021.12.03 08:31:45 WARN  ce[][o.s.db.dialect.H2] H2 database should be used for evaluation purpose only.
2021.12.03 08:31:47 INFO  ce[][o.s.s.p.ServerFileSystemImpl] SonarQube home: /opt/sonarqube
2021.12.03 08:31:47 INFO  ce[][o.s.c.c.CePluginRepository] Load plugins
2021.12.03 08:31:49 INFO  ce[][o.s.c.c.ComputeEngineContainerImpl] Running Community edition
2021.12.03 08:31:49 INFO  ce[][o.s.ce.app.CeServer] Compute Engine is operational
2021.12.03 10:42:19 INFO  ce[][o.s.p.ProcessEntryPoint] Gracefully stopping process
2021.12.03 10:42:19 INFO  ce[][o.s.ce.app.CeServer] Compute Engine is stopping...
2021.12.03 10:42:19 INFO  ce[][o.s.c.t.CeProcessingSchedulerImpl] Gracefully stopping workers...
2021.12.03 10:42:19 INFO  ce[][o.s.ce.app.CeServer] Compute Engine is stopped
2021.12.03 11:45:17 INFO  ce[][o.s.p.ProcessEntryPoint] Starting ce
2021.12.03 11:45:17 INFO  ce[][o.s.ce.app.CeServer] Compute Engine starting up...
2021.12.03 11:45:18 INFO  ce[][o.s.s.e.EsClientProvider] Connected to local Elasticsearch: [http://localhost:9001]
2021.12.03 11:45:19 INFO  ce[][o.sonar.db.Database] Create JDBC data source for jdbc:h2:tcp://127.0.0.1:9092/sonar
2021.12.03 11:45:19 WARN  ce[][o.s.db.dialect.H2] H2 database should be used for evaluation purpose only.
2021.12.03 11:45:21 INFO  ce[][o.s.s.p.ServerFileSystemImpl] SonarQube home: /opt/sonarqube
2021.12.03 11:45:21 INFO  ce[][o.s.c.c.CePluginRepository] Load plugins
2021.12.03 11:45:23 INFO  ce[][o.s.c.c.ComputeEngineContainerImpl] Running Community edition
2021.12.03 11:45:23 INFO  ce[][o.s.ce.app.CeServer] Compute Engine is operational
