2021.12.05 02:52:16 INFO  ce[][o.s.p.ProcessEntryPoint] Gracefully stopping process
2021.12.05 02:52:16 INFO  ce[][o.s.ce.app.CeServer] Compute Engine is stopping...
2021.12.05 02:52:16 INFO  ce[][o.s.c.t.CeProcessingSchedulerImpl] Gracefully stopping workers...
2021.12.05 02:52:16 INFO  ce[][o.s.ce.app.CeServer] Compute Engine is stopped
2021.12.05 02:57:47 INFO  ce[][o.s.p.ProcessEntryPoint] Starting ce
2021.12.05 02:57:47 INFO  ce[][o.s.ce.app.CeServer] Compute Engine starting up...
2021.12.05 02:57:47 INFO  ce[][o.s.s.e.EsClientProvider] Connected to local Elasticsearch: [http://localhost:9001]
2021.12.05 02:57:48 INFO  ce[][o.sonar.db.Database] Create JDBC data source for jdbc:h2:tcp://127.0.0.1:9092/sonar
2021.12.05 02:57:48 WARN  ce[][o.s.db.dialect.H2] H2 database should be used for evaluation purpose only.
2021.12.05 02:57:49 INFO  ce[][o.s.s.p.ServerFileSystemImpl] SonarQube home: /opt/sonarqube
2021.12.05 02:57:49 INFO  ce[][o.s.c.c.CePluginRepository] Load plugins
2021.12.05 02:57:50 INFO  ce[][o.s.c.c.ComputeEngineContainerImpl] Running Community edition
2021.12.05 02:57:50 INFO  ce[][o.s.ce.app.CeServer] Compute Engine is operational
2021.12.05 03:09:08 INFO  ce[][o.s.p.ProcessEntryPoint] Gracefully stopping process
2021.12.05 03:09:08 INFO  ce[][o.s.ce.app.CeServer] Compute Engine is stopping...
2021.12.05 03:09:08 INFO  ce[][o.s.c.t.CeProcessingSchedulerImpl] Gracefully stopping workers...
2021.12.05 03:09:08 INFO  ce[][o.s.ce.app.CeServer] Compute Engine is stopped
2021.12.05 03:12:17 INFO  ce[][o.s.p.ProcessEntryPoint] Starting ce
2021.12.05 03:12:17 INFO  ce[][o.s.ce.app.CeServer] Compute Engine starting up...
2021.12.05 03:12:17 INFO  ce[][o.s.s.e.EsClientProvider] Connected to local Elasticsearch: [http://localhost:9001]
2021.12.05 03:12:17 INFO  ce[][o.sonar.db.Database] Create JDBC data source for jdbc:h2:tcp://127.0.0.1:9092/sonar
2021.12.05 03:12:18 WARN  ce[][o.s.db.dialect.H2] H2 database should be used for evaluation purpose only.
2021.12.05 03:12:18 INFO  ce[][o.s.s.p.ServerFileSystemImpl] SonarQube home: /opt/sonarqube
2021.12.05 03:12:18 INFO  ce[][o.s.c.c.CePluginRepository] Load plugins
2021.12.05 03:12:19 INFO  ce[][o.s.c.c.ComputeEngineContainerImpl] Running Community edition
2021.12.05 03:12:19 INFO  ce[][o.s.ce.app.CeServer] Compute Engine is operational
2021.12.05 03:17:49 INFO  ce[][o.s.p.ProcessEntryPoint] Gracefully stopping process
2021.12.05 03:17:49 INFO  ce[][o.s.ce.app.CeServer] Compute Engine is stopping...
2021.12.05 03:17:49 INFO  ce[][o.s.c.t.CeProcessingSchedulerImpl] Gracefully stopping workers...
2021.12.05 03:17:49 INFO  ce[][o.s.ce.app.CeServer] Compute Engine is stopped
2021.12.05 03:18:19 INFO  ce[][o.s.p.ProcessEntryPoint] Starting ce
2021.12.05 03:18:19 INFO  ce[][o.s.ce.app.CeServer] Compute Engine starting up...
2021.12.05 03:18:19 INFO  ce[][o.s.s.e.EsClientProvider] Connected to local Elasticsearch: [http://localhost:9001]
2021.12.05 03:18:19 INFO  ce[][o.sonar.db.Database] Create JDBC data source for jdbc:h2:tcp://127.0.0.1:9092/sonar
2021.12.05 03:18:19 WARN  ce[][o.s.db.dialect.H2] H2 database should be used for evaluation purpose only.
2021.12.05 03:18:20 INFO  ce[][o.s.s.p.ServerFileSystemImpl] SonarQube home: /opt/sonarqube
2021.12.05 03:18:20 INFO  ce[][o.s.c.c.CePluginRepository] Load plugins
2021.12.05 03:18:21 INFO  ce[][o.s.c.c.ComputeEngineContainerImpl] Running Community edition
2021.12.05 03:18:21 INFO  ce[][o.s.ce.app.CeServer] Compute Engine is operational
