2021.11.26 01:59:05 INFO  es[][o.e.n.Node] version[7.13.4], pid[39], build[default/tar/c5f60e894ca0c61cdbae4f5a686d9f08bcefc942/2021-07-14T18:33:36.673943207Z], OS[Linux/5.10.60.1-microsoft-standard-WSL2/amd64], JVM[AdoptOpenJDK/OpenJDK 64-Bit Server VM/11.0.11/11.0.11+9]
2021.11.26 01:59:05 INFO  es[][o.e.n.Node] JVM home [/opt/java/openjdk]
2021.11.26 01:59:05 INFO  es[][o.e.n.Node] JVM arguments [-XX:+UseConcMarkSweepGC, -XX:CMSInitiatingOccupancyFraction=75, -XX:+UseCMSInitiatingOccupancyOnly, -Djava.io.tmpdir=/opt/sonarqube/temp, -XX:ErrorFile=../logs/es_hs_err_pid%p.log, -Des.networkaddress.cache.ttl=60, -Des.networkaddress.cache.negative.ttl=10, -XX:+AlwaysPreTouch, -Xss1m, -Djava.awt.headless=true, -Dfile.encoding=UTF-8, -Djna.nosys=true, -XX:-OmitStackTraceInFastThrow, -Dio.netty.noUnsafe=true, -Dio.netty.noKeySetOptimization=true, -Dio.netty.recycler.maxCapacityPerThread=0, -Dio.netty.allocator.numDirectArenas=0, -Dlog4j.shutdownHookEnabled=false, -Dlog4j2.disable.jmx=true, -Djava.locale.providers=COMPAT, -Xmx512m, -Xms512m, -XX:MaxDirectMemorySize=256m, -XX:+HeapDumpOnOutOfMemoryError, -Des.path.home=/opt/sonarqube/elasticsearch, -Des.path.conf=/opt/sonarqube/temp/conf/es, -Des.distribution.flavor=default, -Des.distribution.type=tar, -Des.bundled_jdk=false]
2021.11.26 01:59:05 INFO  es[][o.e.p.PluginsService] loaded module [analysis-common]
2021.11.26 01:59:05 INFO  es[][o.e.p.PluginsService] loaded module [lang-painless]
2021.11.26 01:59:05 INFO  es[][o.e.p.PluginsService] loaded module [parent-join]
2021.11.26 01:59:05 INFO  es[][o.e.p.PluginsService] loaded module [percolator]
2021.11.26 01:59:05 INFO  es[][o.e.p.PluginsService] loaded module [runtime-fields-common]
2021.11.26 01:59:05 INFO  es[][o.e.p.PluginsService] loaded module [transport-netty4]
2021.11.26 01:59:05 INFO  es[][o.e.p.PluginsService] no plugins loaded
2021.11.26 01:59:05 INFO  es[][o.e.e.NodeEnvironment] using [1] data paths, mounts [[/opt/sonarqube/data (/dev/sde)]], net usable_space [233.5gb], net total_space [250.9gb], types [ext4]
2021.11.26 01:59:05 INFO  es[][o.e.e.NodeEnvironment] heap size [494.9mb], compressed ordinary object pointers [true]
2021.11.26 01:59:05 INFO  es[][o.e.n.Node] node name [sonarqube], node ID [hiSNIaaqS1SwX8KIJvQbKA], cluster name [sonarqube], roles [data_frozen, master, remote_cluster_client, data, data_content, data_hot, data_warm, data_cold, ingest]
2021.11.26 01:59:09 INFO  es[][o.e.t.NettyAllocator] creating NettyAllocator with the following configs: [name=unpooled, suggested_max_allocation_size=1mb, factors={es.unsafe.use_unpooled_allocator=null, g1gc_enabled=false, g1gc_region_size=0b, heap_size=494.9mb}]
2021.11.26 01:59:09 INFO  es[][o.e.d.DiscoveryModule] using discovery type [zen] and seed hosts providers [settings]
2021.11.26 01:59:09 INFO  es[][o.e.g.DanglingIndicesState] gateway.auto_import_dangling_indices is disabled, dangling indices will not be automatically detected or imported and must be managed manually
2021.11.26 01:59:10 INFO  es[][o.e.n.Node] initialized
2021.11.26 01:59:10 INFO  es[][o.e.n.Node] starting ...
2021.11.26 01:59:10 INFO  es[][o.e.t.TransportService] publish_address {127.0.0.1:36417}, bound_addresses {127.0.0.1:36417}
2021.11.26 01:59:10 WARN  es[][o.e.b.BootstrapChecks] max virtual memory areas vm.max_map_count [65530] is too low, increase to at least [262144]
2021.11.26 01:59:10 INFO  es[][o.e.c.c.Coordinator] setting initial configuration to VotingConfiguration{hiSNIaaqS1SwX8KIJvQbKA}
2021.11.26 01:59:10 INFO  es[][o.e.c.s.MasterService] elected-as-master ([1] nodes joined)[{sonarqube}{hiSNIaaqS1SwX8KIJvQbKA}{wgTn-SfMQ-69y583fjf9iQ}{127.0.0.1}{127.0.0.1:36417}{cdfhimrsw} elect leader, _BECOME_MASTER_TASK_, _FINISH_ELECTION_], term: 1, version: 1, delta: master node changed {previous [], current [{sonarqube}{hiSNIaaqS1SwX8KIJvQbKA}{wgTn-SfMQ-69y583fjf9iQ}{127.0.0.1}{127.0.0.1:36417}{cdfhimrsw}]}
2021.11.26 01:59:10 INFO  es[][o.e.c.c.CoordinationState] cluster UUID set to [Eg9bE9BQTDWyvimCqMnqwA]
2021.11.26 01:59:10 INFO  es[][o.e.c.s.ClusterApplierService] master node changed {previous [], current [{sonarqube}{hiSNIaaqS1SwX8KIJvQbKA}{wgTn-SfMQ-69y583fjf9iQ}{127.0.0.1}{127.0.0.1:36417}{cdfhimrsw}]}, term: 1, version: 1, reason: Publication{term=1, version=1}
2021.11.26 01:59:11 INFO  es[][o.e.h.AbstractHttpServerTransport] publish_address {127.0.0.1:9001}, bound_addresses {127.0.0.1:9001}
2021.11.26 01:59:11 INFO  es[][o.e.n.Node] started
2021.11.26 01:59:11 INFO  es[][o.e.g.GatewayService] recovered [0] indices into cluster_state
2021.11.26 01:59:19 INFO  es[][o.e.c.m.MetadataCreateIndexService] [metadatas] creating index, cause [api], templates [], shards [1]/[0]
2021.11.26 01:59:19 INFO  es[][o.e.c.r.a.AllocationService] Cluster health status changed from [YELLOW] to [GREEN] (reason: [shards started [[metadatas][0]]]).
2021.11.26 01:59:19 INFO  es[][o.e.c.m.MetadataMappingService] [metadatas/GOFEUAc2T3euEvD1_Y5Z2w] create_mapping [metadata]
2021.11.26 01:59:20 INFO  es[][o.e.c.m.MetadataCreateIndexService] [components] creating index, cause [api], templates [], shards [5]/[0]
2021.11.26 01:59:20 INFO  es[][o.e.c.r.a.AllocationService] Cluster health status changed from [YELLOW] to [GREEN] (reason: [shards started [[components][4]]]).
2021.11.26 01:59:20 INFO  es[][o.e.c.m.MetadataMappingService] [components/JyYK0vVcQKKShJrkOgjKFw] create_mapping [auth]
2021.11.26 01:59:20 INFO  es[][o.e.c.m.MetadataCreateIndexService] [projectmeasures] creating index, cause [api], templates [], shards [5]/[0]
2021.11.26 01:59:21 INFO  es[][o.e.c.r.a.AllocationService] Cluster health status changed from [YELLOW] to [GREEN] (reason: [shards started [[projectmeasures][4]]]).
2021.11.26 01:59:21 INFO  es[][o.e.c.m.MetadataMappingService] [projectmeasures/hPaDu_5iTdikDWeoxbpNWQ] create_mapping [auth]
2021.11.26 01:59:21 INFO  es[][o.e.c.m.MetadataCreateIndexService] [rules] creating index, cause [api], templates [], shards [2]/[0]
2021.11.26 01:59:21 INFO  es[][o.e.c.r.a.AllocationService] Cluster health status changed from [YELLOW] to [GREEN] (reason: [shards started [[rules][0]]]).
2021.11.26 01:59:21 INFO  es[][o.e.c.m.MetadataMappingService] [rules/xdqXxxQhRO-9ZBaQtnu1RA] create_mapping [rule]
2021.11.26 01:59:21 INFO  es[][o.e.c.m.MetadataCreateIndexService] [issues] creating index, cause [api], templates [], shards [5]/[0]
2021.11.26 01:59:22 INFO  es[][o.e.c.r.a.AllocationService] Cluster health status changed from [YELLOW] to [GREEN] (reason: [shards started [[issues][4]]]).
2021.11.26 01:59:22 INFO  es[][o.e.c.m.MetadataMappingService] [issues/HdGCCnreSJKTFYO2lcse_Q] create_mapping [auth]
2021.11.26 01:59:22 INFO  es[][o.e.c.m.MetadataCreateIndexService] [users] creating index, cause [api], templates [], shards [1]/[0]
2021.11.26 01:59:22 INFO  es[][o.e.c.r.a.AllocationService] Cluster health status changed from [YELLOW] to [GREEN] (reason: [shards started [[users][0]]]).
2021.11.26 01:59:22 INFO  es[][o.e.c.m.MetadataMappingService] [users/k621DOTCQ866tfQgV2ZhVA] create_mapping [user]
2021.11.26 01:59:22 INFO  es[][o.e.c.m.MetadataCreateIndexService] [views] creating index, cause [api], templates [], shards [5]/[0]
2021.11.26 01:59:23 INFO  es[][o.e.c.r.a.AllocationService] Cluster health status changed from [YELLOW] to [GREEN] (reason: [shards started [[views][4]]]).
2021.11.26 01:59:23 INFO  es[][o.e.c.m.MetadataMappingService] [views/1nUEdAeLS6S0HVQbWu5trw] create_mapping [view]
2021.11.26 01:59:48 INFO  es[][o.e.c.s.IndexScopedSettings] updating [index.refresh_interval] from [30s] to [-1]
2021.11.26 01:59:49 INFO  es[][o.e.c.s.IndexScopedSettings] updating [index.refresh_interval] from [30s] to [-1]
2021.11.26 01:59:49 INFO  es[][o.e.c.s.IndexScopedSettings] updating [index.refresh_interval] from [-1] to [30s]
2021.11.26 01:59:49 INFO  es[][o.e.c.s.IndexScopedSettings] updating [index.refresh_interval] from [-1] to [30s]
2021.11.26 01:59:49 INFO  es[][o.e.c.s.IndexScopedSettings] updating [index.refresh_interval] from [30s] to [-1]
2021.11.26 01:59:49 INFO  es[][o.e.c.s.IndexScopedSettings] updating [index.refresh_interval] from [30s] to [-1]
2021.11.26 01:59:49 INFO  es[][o.e.c.s.IndexScopedSettings] updating [index.refresh_interval] from [-1] to [30s]
2021.11.26 01:59:49 INFO  es[][o.e.c.s.IndexScopedSettings] updating [index.refresh_interval] from [-1] to [30s]
