2021.12.03 00:10:08 INFO  app[][o.s.a.SchedulerImpl] Stopping SonarQube
2021.12.03 00:10:09 INFO  app[][o.s.a.SchedulerImpl] Process[ce] is stopped
2021.12.03 00:10:10 INFO  app[][o.s.a.SchedulerImpl] Process[web] is stopped
2021.12.03 00:10:10 INFO  app[][o.s.a.SchedulerImpl] Process[es] is stopped
2021.12.03 00:10:10 WARN  app[][o.s.a.p.AbstractManagedProcess] Process exited with exit value [es]: 143
2021.12.03 00:10:10 INFO  app[][o.s.a.SchedulerImpl] SonarQube is stopped
2021.12.03 00:14:30 INFO  app[][o.s.a.AppFileSystem] Cleaning or creating temp directory /opt/sonarqube/temp
2021.12.03 00:14:30 INFO  app[][o.s.a.es.EsSettings] Elasticsearch listening on [HTTP: 127.0.0.1:9001, TCP: 127.0.0.1:36009]
2021.12.03 00:14:30 INFO  app[][o.s.a.ProcessLauncherImpl] Launch process[[key='es', ipcIndex=1, logFilenamePrefix=es]] from [/opt/sonarqube/elasticsearch]: /opt/sonarqube/elasticsearch/bin/elasticsearch
2021.12.03 00:14:30 INFO  app[][o.s.a.SchedulerImpl] Waiting for Elasticsearch to be up and running
2021.12.03 00:14:41 INFO  app[][o.s.a.SchedulerImpl] Process[es] is up
2021.12.03 00:14:41 INFO  app[][o.s.a.ProcessLauncherImpl] Launch process[[key='web', ipcIndex=2, logFilenamePrefix=web]] from [/opt/sonarqube]: /opt/java/openjdk/bin/java -Djava.awt.headless=true -Dfile.encoding=UTF-8 -Djava.io.tmpdir=/opt/sonarqube/temp -XX:-OmitStackTraceInFastThrow --add-opens=java.base/java.util=ALL-UNNAMED --add-opens=java.base/java.lang=ALL-UNNAMED --add-opens=java.base/java.io=ALL-UNNAMED --add-opens=java.rmi/sun.rmi.transport=ALL-UNNAMED -Xmx512m -Xms128m -XX:+HeapDumpOnOutOfMemoryError -Dhttp.nonProxyHosts=localhost|127.*|[::1] -cp ./lib/sonar-application-8.9.3.48735.jar:/opt/sonarqube/lib/jdbc/h2/h2-1.4.199.jar org.sonar.server.app.WebServer /opt/sonarqube/temp/sq-process1119156100805440099properties
2021.12.03 00:14:55 INFO  app[][o.s.a.SchedulerImpl] Process[web] is up
2021.12.03 00:14:55 INFO  app[][o.s.a.ProcessLauncherImpl] Launch process[[key='ce', ipcIndex=3, logFilenamePrefix=ce]] from [/opt/sonarqube]: /opt/java/openjdk/bin/java -Djava.awt.headless=true -Dfile.encoding=UTF-8 -Djava.io.tmpdir=/opt/sonarqube/temp -XX:-OmitStackTraceInFastThrow --add-opens=java.base/java.util=ALL-UNNAMED -Xmx512m -Xms128m -XX:+HeapDumpOnOutOfMemoryError -Dhttp.nonProxyHosts=localhost|127.*|[::1] -cp ./lib/sonar-application-8.9.3.48735.jar:/opt/sonarqube/lib/jdbc/h2/h2-1.4.199.jar org.sonar.ce.app.CeServer /opt/sonarqube/temp/sq-process15496221930446545496properties
2021.12.03 00:14:59 INFO  app[][o.s.a.SchedulerImpl] Process[ce] is up
2021.12.03 00:14:59 INFO  app[][o.s.a.SchedulerImpl] SonarQube is up
2021.12.03 00:21:19 INFO  app[][o.s.a.SchedulerImpl] Stopping SonarQube
2021.12.03 00:21:19 INFO  app[][o.s.a.SchedulerImpl] Process[ce] is stopped
2021.12.03 00:21:20 INFO  app[][o.s.a.SchedulerImpl] Process[web] is stopped
2021.12.03 00:21:20 WARN  app[][o.s.a.p.AbstractManagedProcess] Process exited with exit value [es]: 143
2021.12.03 00:21:20 INFO  app[][o.s.a.SchedulerImpl] Process[es] is stopped
2021.12.03 00:21:20 INFO  app[][o.s.a.SchedulerImpl] SonarQube is stopped
2021.12.03 00:37:58 INFO  app[][o.s.a.AppFileSystem] Cleaning or creating temp directory /opt/sonarqube/temp
2021.12.03 00:37:58 INFO  app[][o.s.a.es.EsSettings] Elasticsearch listening on [HTTP: 127.0.0.1:9001, TCP: 127.0.0.1:46599]
2021.12.03 00:37:58 INFO  app[][o.s.a.ProcessLauncherImpl] Launch process[[key='es', ipcIndex=1, logFilenamePrefix=es]] from [/opt/sonarqube/elasticsearch]: /opt/sonarqube/elasticsearch/bin/elasticsearch
2021.12.03 00:37:58 INFO  app[][o.s.a.SchedulerImpl] Waiting for Elasticsearch to be up and running
2021.12.03 00:38:10 INFO  app[][o.s.a.SchedulerImpl] Process[es] is up
2021.12.03 00:38:10 INFO  app[][o.s.a.ProcessLauncherImpl] Launch process[[key='web', ipcIndex=2, logFilenamePrefix=web]] from [/opt/sonarqube]: /opt/java/openjdk/bin/java -Djava.awt.headless=true -Dfile.encoding=UTF-8 -Djava.io.tmpdir=/opt/sonarqube/temp -XX:-OmitStackTraceInFastThrow --add-opens=java.base/java.util=ALL-UNNAMED --add-opens=java.base/java.lang=ALL-UNNAMED --add-opens=java.base/java.io=ALL-UNNAMED --add-opens=java.rmi/sun.rmi.transport=ALL-UNNAMED -Xmx512m -Xms128m -XX:+HeapDumpOnOutOfMemoryError -Dhttp.nonProxyHosts=localhost|127.*|[::1] -cp ./lib/sonar-application-8.9.3.48735.jar:/opt/sonarqube/lib/jdbc/h2/h2-1.4.199.jar org.sonar.server.app.WebServer /opt/sonarqube/temp/sq-process4360085568242793094properties
2021.12.03 00:38:31 INFO  app[][o.s.a.SchedulerImpl] Process[web] is up
2021.12.03 00:38:31 INFO  app[][o.s.a.ProcessLauncherImpl] Launch process[[key='ce', ipcIndex=3, logFilenamePrefix=ce]] from [/opt/sonarqube]: /opt/java/openjdk/bin/java -Djava.awt.headless=true -Dfile.encoding=UTF-8 -Djava.io.tmpdir=/opt/sonarqube/temp -XX:-OmitStackTraceInFastThrow --add-opens=java.base/java.util=ALL-UNNAMED -Xmx512m -Xms128m -XX:+HeapDumpOnOutOfMemoryError -Dhttp.nonProxyHosts=localhost|127.*|[::1] -cp ./lib/sonar-application-8.9.3.48735.jar:/opt/sonarqube/lib/jdbc/h2/h2-1.4.199.jar org.sonar.ce.app.CeServer /opt/sonarqube/temp/sq-process8988127452233182354properties
2021.12.03 00:38:44 INFO  app[][o.s.a.SchedulerImpl] Process[ce] is up
2021.12.03 00:38:44 INFO  app[][o.s.a.SchedulerImpl] SonarQube is up
2021.12.03 08:30:32 INFO  app[][o.s.a.AppFileSystem] Cleaning or creating temp directory /opt/sonarqube/temp
2021.12.03 08:30:32 INFO  app[][o.s.a.es.EsSettings] Elasticsearch listening on [HTTP: 127.0.0.1:9001, TCP: 127.0.0.1:41927]
2021.12.03 08:30:33 INFO  app[][o.s.a.ProcessLauncherImpl] Launch process[[key='es', ipcIndex=1, logFilenamePrefix=es]] from [/opt/sonarqube/elasticsearch]: /opt/sonarqube/elasticsearch/bin/elasticsearch
2021.12.03 08:30:33 INFO  app[][o.s.a.SchedulerImpl] Waiting for Elasticsearch to be up and running
2021.12.03 08:31:05 INFO  app[][o.s.a.SchedulerImpl] Process[es] is up
2021.12.03 08:31:05 INFO  app[][o.s.a.ProcessLauncherImpl] Launch process[[key='web', ipcIndex=2, logFilenamePrefix=web]] from [/opt/sonarqube]: /opt/java/openjdk/bin/java -Djava.awt.headless=true -Dfile.encoding=UTF-8 -Djava.io.tmpdir=/opt/sonarqube/temp -XX:-OmitStackTraceInFastThrow --add-opens=java.base/java.util=ALL-UNNAMED --add-opens=java.base/java.lang=ALL-UNNAMED --add-opens=java.base/java.io=ALL-UNNAMED --add-opens=java.rmi/sun.rmi.transport=ALL-UNNAMED -Xmx512m -Xms128m -XX:+HeapDumpOnOutOfMemoryError -Dhttp.nonProxyHosts=localhost|127.*|[::1] -cp ./lib/sonar-application-8.9.3.48735.jar:/opt/sonarqube/lib/jdbc/h2/h2-1.4.199.jar org.sonar.server.app.WebServer /opt/sonarqube/temp/sq-process237409446818659232properties
2021.12.03 08:31:42 INFO  app[][o.s.a.SchedulerImpl] Process[web] is up
2021.12.03 08:31:42 INFO  app[][o.s.a.ProcessLauncherImpl] Launch process[[key='ce', ipcIndex=3, logFilenamePrefix=ce]] from [/opt/sonarqube]: /opt/java/openjdk/bin/java -Djava.awt.headless=true -Dfile.encoding=UTF-8 -Djava.io.tmpdir=/opt/sonarqube/temp -XX:-OmitStackTraceInFastThrow --add-opens=java.base/java.util=ALL-UNNAMED -Xmx512m -Xms128m -XX:+HeapDumpOnOutOfMemoryError -Dhttp.nonProxyHosts=localhost|127.*|[::1] -cp ./lib/sonar-application-8.9.3.48735.jar:/opt/sonarqube/lib/jdbc/h2/h2-1.4.199.jar org.sonar.ce.app.CeServer /opt/sonarqube/temp/sq-process273012868577811987properties
2021.12.03 08:31:50 INFO  app[][o.s.a.SchedulerImpl] Process[ce] is up
2021.12.03 08:31:50 INFO  app[][o.s.a.SchedulerImpl] SonarQube is up
2021.12.03 10:42:19 INFO  app[][o.s.a.SchedulerImpl] Stopping SonarQube
2021.12.03 10:42:19 INFO  app[][o.s.a.SchedulerImpl] Process[ce] is stopped
2021.12.03 10:42:20 INFO  app[][o.s.a.SchedulerImpl] Process[web] is stopped
2021.12.03 10:42:21 WARN  app[][o.s.a.p.AbstractManagedProcess] Process exited with exit value [es]: 143
2021.12.03 10:42:21 INFO  app[][o.s.a.SchedulerImpl] Process[es] is stopped
2021.12.03 10:42:21 INFO  app[][o.s.a.SchedulerImpl] SonarQube is stopped
2021.12.03 11:44:27 INFO  app[][o.s.a.AppFileSystem] Cleaning or creating temp directory /opt/sonarqube/temp
2021.12.03 11:44:27 INFO  app[][o.s.a.es.EsSettings] Elasticsearch listening on [HTTP: 127.0.0.1:9001, TCP: 127.0.0.1:38789]
2021.12.03 11:44:27 INFO  app[][o.s.a.ProcessLauncherImpl] Launch process[[key='es', ipcIndex=1, logFilenamePrefix=es]] from [/opt/sonarqube/elasticsearch]: /opt/sonarqube/elasticsearch/bin/elasticsearch
2021.12.03 11:44:27 INFO  app[][o.s.a.SchedulerImpl] Waiting for Elasticsearch to be up and running
2021.12.03 11:44:48 INFO  app[][o.s.a.SchedulerImpl] Process[es] is up
2021.12.03 11:44:48 INFO  app[][o.s.a.ProcessLauncherImpl] Launch process[[key='web', ipcIndex=2, logFilenamePrefix=web]] from [/opt/sonarqube]: /opt/java/openjdk/bin/java -Djava.awt.headless=true -Dfile.encoding=UTF-8 -Djava.io.tmpdir=/opt/sonarqube/temp -XX:-OmitStackTraceInFastThrow --add-opens=java.base/java.util=ALL-UNNAMED --add-opens=java.base/java.lang=ALL-UNNAMED --add-opens=java.base/java.io=ALL-UNNAMED --add-opens=java.rmi/sun.rmi.transport=ALL-UNNAMED -Xmx512m -Xms128m -XX:+HeapDumpOnOutOfMemoryError -Dhttp.nonProxyHosts=localhost|127.*|[::1] -cp ./lib/sonar-application-8.9.3.48735.jar:/opt/sonarqube/lib/jdbc/h2/h2-1.4.199.jar org.sonar.server.app.WebServer /opt/sonarqube/temp/sq-process3747529796607002492properties
2021.12.03 11:45:17 INFO  app[][o.s.a.SchedulerImpl] Process[web] is up
2021.12.03 11:45:17 INFO  app[][o.s.a.ProcessLauncherImpl] Launch process[[key='ce', ipcIndex=3, logFilenamePrefix=ce]] from [/opt/sonarqube]: /opt/java/openjdk/bin/java -Djava.awt.headless=true -Dfile.encoding=UTF-8 -Djava.io.tmpdir=/opt/sonarqube/temp -XX:-OmitStackTraceInFastThrow --add-opens=java.base/java.util=ALL-UNNAMED -Xmx512m -Xms128m -XX:+HeapDumpOnOutOfMemoryError -Dhttp.nonProxyHosts=localhost|127.*|[::1] -cp ./lib/sonar-application-8.9.3.48735.jar:/opt/sonarqube/lib/jdbc/h2/h2-1.4.199.jar org.sonar.ce.app.CeServer /opt/sonarqube/temp/sq-process9299098073203731013properties
2021.12.03 11:45:23 INFO  app[][o.s.a.SchedulerImpl] Process[ce] is up
2021.12.03 11:45:23 INFO  app[][o.s.a.SchedulerImpl] SonarQube is up
