2021.12.04 00:24:48 INFO  app[][o.s.a.SchedulerImpl] Stopping SonarQube
2021.12.04 00:24:50 INFO  app[][o.s.a.SchedulerImpl] Process[ce] is stopped
2021.12.04 00:25:21 INFO  app[][o.s.a.AppFileSystem] Cleaning or creating temp directory /opt/sonarqube/temp
2021.12.04 00:25:22 INFO  app[][o.s.a.es.EsSettings] Elasticsearch listening on [HTTP: 127.0.0.1:9001, TCP: 127.0.0.1:45977]
2021.12.04 00:25:23 INFO  app[][o.s.a.ProcessLauncherImpl] Launch process[[key='es', ipcIndex=1, logFilenamePrefix=es]] from [/opt/sonarqube/elasticsearch]: /opt/sonarqube/elasticsearch/bin/elasticsearch
2021.12.04 00:25:23 INFO  app[][o.s.a.SchedulerImpl] Waiting for Elasticsearch to be up and running
2021.12.04 00:28:01 INFO  app[][o.s.a.SchedulerImpl] Process[es] is up
2021.12.04 00:28:01 INFO  app[][o.s.a.ProcessLauncherImpl] Launch process[[key='web', ipcIndex=2, logFilenamePrefix=web]] from [/opt/sonarqube]: /opt/java/openjdk/bin/java -Djava.awt.headless=true -Dfile.encoding=UTF-8 -Djava.io.tmpdir=/opt/sonarqube/temp -XX:-OmitStackTraceInFastThrow --add-opens=java.base/java.util=ALL-UNNAMED --add-opens=java.base/java.lang=ALL-UNNAMED --add-opens=java.base/java.io=ALL-UNNAMED --add-opens=java.rmi/sun.rmi.transport=ALL-UNNAMED -Xmx512m -Xms128m -XX:+HeapDumpOnOutOfMemoryError -Dhttp.nonProxyHosts=localhost|127.*|[::1] -cp ./lib/sonar-application-8.9.3.48735.jar:/opt/sonarqube/lib/jdbc/h2/h2-1.4.199.jar org.sonar.server.app.WebServer /opt/sonarqube/temp/sq-process16482394894633034956properties
2021.12.04 00:31:55 INFO  app[][o.s.a.SchedulerImpl] Process[web] is up
2021.12.04 00:31:55 INFO  app[][o.s.a.ProcessLauncherImpl] Launch process[[key='ce', ipcIndex=3, logFilenamePrefix=ce]] from [/opt/sonarqube]: /opt/java/openjdk/bin/java -Djava.awt.headless=true -Dfile.encoding=UTF-8 -Djava.io.tmpdir=/opt/sonarqube/temp -XX:-OmitStackTraceInFastThrow --add-opens=java.base/java.util=ALL-UNNAMED -Xmx512m -Xms128m -XX:+HeapDumpOnOutOfMemoryError -Dhttp.nonProxyHosts=localhost|127.*|[::1] -cp ./lib/sonar-application-8.9.3.48735.jar:/opt/sonarqube/lib/jdbc/h2/h2-1.4.199.jar org.sonar.ce.app.CeServer /opt/sonarqube/temp/sq-process3219687840009311896properties
2021.12.04 00:33:09 INFO  app[][o.s.a.SchedulerImpl] Process[ce] is up
2021.12.04 00:33:09 INFO  app[][o.s.a.SchedulerImpl] SonarQube is up
2021.12.04 00:33:10 INFO  app[][o.s.a.SchedulerImpl] Stopping SonarQube
2021.12.04 00:33:11 INFO  app[][o.s.a.SchedulerImpl] Process[ce] is stopped
2021.12.04 00:36:23 INFO  app[][o.s.a.AppFileSystem] Cleaning or creating temp directory /opt/sonarqube/temp
2021.12.04 00:36:25 INFO  app[][o.s.a.es.EsSettings] Elasticsearch listening on [HTTP: 127.0.0.1:9001, TCP: 127.0.0.1:38703]
2021.12.04 00:36:27 INFO  app[][o.s.a.ProcessLauncherImpl] Launch process[[key='es', ipcIndex=1, logFilenamePrefix=es]] from [/opt/sonarqube/elasticsearch]: /opt/sonarqube/elasticsearch/bin/elasticsearch
2021.12.04 00:36:28 INFO  app[][o.s.a.SchedulerImpl] Waiting for Elasticsearch to be up and running
2021.12.04 00:37:49 INFO  app[][o.s.a.SchedulerImpl] Stopping SonarQube
2021.12.04 00:37:50 INFO  app[][o.s.a.SchedulerImpl] Process[es] is stopped
2021.12.04 00:37:50 WARN  app[][o.s.a.p.AbstractManagedProcess] Process exited with exit value [es]: 143
2021.12.04 00:37:51 INFO  app[][o.s.a.SchedulerImpl] SonarQube is stopped
2021.12.04 00:39:01 INFO  app[][o.s.a.AppFileSystem] Cleaning or creating temp directory /opt/sonarqube/temp
2021.12.04 00:39:02 INFO  app[][o.s.a.es.EsSettings] Elasticsearch listening on [HTTP: 127.0.0.1:9001, TCP: 127.0.0.1:34643]
2021.12.04 00:39:04 INFO  app[][o.s.a.ProcessLauncherImpl] Launch process[[key='es', ipcIndex=1, logFilenamePrefix=es]] from [/opt/sonarqube/elasticsearch]: /opt/sonarqube/elasticsearch/bin/elasticsearch
2021.12.04 00:39:05 INFO  app[][o.s.a.SchedulerImpl] Waiting for Elasticsearch to be up and running
2021.12.04 00:43:51 INFO  app[][o.s.a.SchedulerImpl] Process[es] is up
2021.12.04 00:43:51 INFO  app[][o.s.a.ProcessLauncherImpl] Launch process[[key='web', ipcIndex=2, logFilenamePrefix=web]] from [/opt/sonarqube]: /opt/java/openjdk/bin/java -Djava.awt.headless=true -Dfile.encoding=UTF-8 -Djava.io.tmpdir=/opt/sonarqube/temp -XX:-OmitStackTraceInFastThrow --add-opens=java.base/java.util=ALL-UNNAMED --add-opens=java.base/java.lang=ALL-UNNAMED --add-opens=java.base/java.io=ALL-UNNAMED --add-opens=java.rmi/sun.rmi.transport=ALL-UNNAMED -Xmx512m -Xms128m -XX:+HeapDumpOnOutOfMemoryError -Dhttp.nonProxyHosts=localhost|127.*|[::1] -cp ./lib/sonar-application-8.9.3.48735.jar:/opt/sonarqube/lib/jdbc/h2/h2-1.4.199.jar org.sonar.server.app.WebServer /opt/sonarqube/temp/sq-process3506746170073898562properties
2021.12.04 00:48:53 INFO  app[][o.s.a.SchedulerImpl] Process[web] is up
2021.12.04 00:48:53 INFO  app[][o.s.a.ProcessLauncherImpl] Launch process[[key='ce', ipcIndex=3, logFilenamePrefix=ce]] from [/opt/sonarqube]: /opt/java/openjdk/bin/java -Djava.awt.headless=true -Dfile.encoding=UTF-8 -Djava.io.tmpdir=/opt/sonarqube/temp -XX:-OmitStackTraceInFastThrow --add-opens=java.base/java.util=ALL-UNNAMED -Xmx512m -Xms128m -XX:+HeapDumpOnOutOfMemoryError -Dhttp.nonProxyHosts=localhost|127.*|[::1] -cp ./lib/sonar-application-8.9.3.48735.jar:/opt/sonarqube/lib/jdbc/h2/h2-1.4.199.jar org.sonar.ce.app.CeServer /opt/sonarqube/temp/sq-process12154113076049705919properties
2021.12.04 00:50:04 INFO  app[][o.s.a.SchedulerImpl] Process[ce] is up
2021.12.04 00:50:04 INFO  app[][o.s.a.SchedulerImpl] SonarQube is up
2021.12.04 01:10:18 INFO  app[][o.s.a.SchedulerImpl] Stopping SonarQube
2021.12.04 01:10:19 INFO  app[][o.s.a.SchedulerImpl] Process[ce] is stopped
2021.12.04 01:10:26 INFO  app[][o.s.a.SchedulerImpl] Process[web] is stopped
2021.12.04 01:16:16 INFO  app[][o.s.a.AppFileSystem] Cleaning or creating temp directory /opt/sonarqube/temp
2021.12.04 01:16:17 INFO  app[][o.s.a.es.EsSettings] Elasticsearch listening on [HTTP: 127.0.0.1:9001, TCP: 127.0.0.1:37221]
2021.12.04 01:16:20 INFO  app[][o.s.a.ProcessLauncherImpl] Launch process[[key='es', ipcIndex=1, logFilenamePrefix=es]] from [/opt/sonarqube/elasticsearch]: /opt/sonarqube/elasticsearch/bin/elasticsearch
2021.12.04 01:16:21 INFO  app[][o.s.a.SchedulerImpl] Waiting for Elasticsearch to be up and running
2021.12.04 01:21:25 INFO  app[][o.s.a.SchedulerImpl] Process[es] is up
2021.12.04 01:21:25 INFO  app[][o.s.a.ProcessLauncherImpl] Launch process[[key='web', ipcIndex=2, logFilenamePrefix=web]] from [/opt/sonarqube]: /opt/java/openjdk/bin/java -Djava.awt.headless=true -Dfile.encoding=UTF-8 -Djava.io.tmpdir=/opt/sonarqube/temp -XX:-OmitStackTraceInFastThrow --add-opens=java.base/java.util=ALL-UNNAMED --add-opens=java.base/java.lang=ALL-UNNAMED --add-opens=java.base/java.io=ALL-UNNAMED --add-opens=java.rmi/sun.rmi.transport=ALL-UNNAMED -Xmx512m -Xms128m -XX:+HeapDumpOnOutOfMemoryError -Dhttp.nonProxyHosts=localhost|127.*|[::1] -cp ./lib/sonar-application-8.9.3.48735.jar:/opt/sonarqube/lib/jdbc/h2/h2-1.4.199.jar org.sonar.server.app.WebServer /opt/sonarqube/temp/sq-process13281291723208409383properties
2021.12.04 01:26:14 INFO  app[][o.s.a.SchedulerImpl] Process[web] is up
2021.12.04 01:26:14 INFO  app[][o.s.a.ProcessLauncherImpl] Launch process[[key='ce', ipcIndex=3, logFilenamePrefix=ce]] from [/opt/sonarqube]: /opt/java/openjdk/bin/java -Djava.awt.headless=true -Dfile.encoding=UTF-8 -Djava.io.tmpdir=/opt/sonarqube/temp -XX:-OmitStackTraceInFastThrow --add-opens=java.base/java.util=ALL-UNNAMED -Xmx512m -Xms128m -XX:+HeapDumpOnOutOfMemoryError -Dhttp.nonProxyHosts=localhost|127.*|[::1] -cp ./lib/sonar-application-8.9.3.48735.jar:/opt/sonarqube/lib/jdbc/h2/h2-1.4.199.jar org.sonar.ce.app.CeServer /opt/sonarqube/temp/sq-process11811966724628492384properties
2021.12.04 01:27:15 INFO  app[][o.s.a.SchedulerImpl] Process[ce] is up
2021.12.04 01:27:15 INFO  app[][o.s.a.SchedulerImpl] SonarQube is up
2021.12.04 03:12:01 INFO  app[][o.s.a.SchedulerImpl] Stopping SonarQube
2021.12.04 03:12:02 INFO  app[][o.s.a.SchedulerImpl] Process[ce] is stopped
2021.12.04 03:12:54 INFO  app[][o.s.a.AppFileSystem] Cleaning or creating temp directory /opt/sonarqube/temp
2021.12.04 03:12:55 INFO  app[][o.s.a.es.EsSettings] Elasticsearch listening on [HTTP: 127.0.0.1:9001, TCP: 127.0.0.1:41947]
2021.12.04 03:12:56 INFO  app[][o.s.a.ProcessLauncherImpl] Launch process[[key='es', ipcIndex=1, logFilenamePrefix=es]] from [/opt/sonarqube/elasticsearch]: /opt/sonarqube/elasticsearch/bin/elasticsearch
2021.12.04 03:12:57 INFO  app[][o.s.a.SchedulerImpl] Waiting for Elasticsearch to be up and running
2021.12.04 03:18:08 INFO  app[][o.s.a.SchedulerImpl] Process[es] is up
2021.12.04 03:18:08 INFO  app[][o.s.a.ProcessLauncherImpl] Launch process[[key='web', ipcIndex=2, logFilenamePrefix=web]] from [/opt/sonarqube]: /opt/java/openjdk/bin/java -Djava.awt.headless=true -Dfile.encoding=UTF-8 -Djava.io.tmpdir=/opt/sonarqube/temp -XX:-OmitStackTraceInFastThrow --add-opens=java.base/java.util=ALL-UNNAMED --add-opens=java.base/java.lang=ALL-UNNAMED --add-opens=java.base/java.io=ALL-UNNAMED --add-opens=java.rmi/sun.rmi.transport=ALL-UNNAMED -Xmx512m -Xms128m -XX:+HeapDumpOnOutOfMemoryError -Dhttp.nonProxyHosts=localhost|127.*|[::1] -cp ./lib/sonar-application-8.9.3.48735.jar:/opt/sonarqube/lib/jdbc/h2/h2-1.4.199.jar org.sonar.server.app.WebServer /opt/sonarqube/temp/sq-process4852365422883124655properties
2021.12.04 03:23:16 INFO  app[][o.s.a.SchedulerImpl] Process[web] is up
2021.12.04 03:23:16 INFO  app[][o.s.a.ProcessLauncherImpl] Launch process[[key='ce', ipcIndex=3, logFilenamePrefix=ce]] from [/opt/sonarqube]: /opt/java/openjdk/bin/java -Djava.awt.headless=true -Dfile.encoding=UTF-8 -Djava.io.tmpdir=/opt/sonarqube/temp -XX:-OmitStackTraceInFastThrow --add-opens=java.base/java.util=ALL-UNNAMED -Xmx512m -Xms128m -XX:+HeapDumpOnOutOfMemoryError -Dhttp.nonProxyHosts=localhost|127.*|[::1] -cp ./lib/sonar-application-8.9.3.48735.jar:/opt/sonarqube/lib/jdbc/h2/h2-1.4.199.jar org.sonar.ce.app.CeServer /opt/sonarqube/temp/sq-process15080278495848020540properties
2021.12.04 03:24:16 INFO  app[][o.s.a.SchedulerImpl] Process[ce] is up
2021.12.04 03:24:16 INFO  app[][o.s.a.SchedulerImpl] SonarQube is up
2021.12.04 20:39:55 INFO  app[][o.s.a.AppFileSystem] Cleaning or creating temp directory /opt/sonarqube/temp
2021.12.04 20:39:55 INFO  app[][o.s.a.es.EsSettings] Elasticsearch listening on [HTTP: 127.0.0.1:9001, TCP: 127.0.0.1:40921]
2021.12.04 20:39:55 INFO  app[][o.s.a.ProcessLauncherImpl] Launch process[[key='es', ipcIndex=1, logFilenamePrefix=es]] from [/opt/sonarqube/elasticsearch]: /opt/sonarqube/elasticsearch/bin/elasticsearch
2021.12.04 20:39:55 INFO  app[][o.s.a.SchedulerImpl] Waiting for Elasticsearch to be up and running
2021.12.04 20:40:17 INFO  app[][o.s.a.SchedulerImpl] Process[es] is up
2021.12.04 20:40:17 INFO  app[][o.s.a.ProcessLauncherImpl] Launch process[[key='web', ipcIndex=2, logFilenamePrefix=web]] from [/opt/sonarqube]: /opt/java/openjdk/bin/java -Djava.awt.headless=true -Dfile.encoding=UTF-8 -Djava.io.tmpdir=/opt/sonarqube/temp -XX:-OmitStackTraceInFastThrow --add-opens=java.base/java.util=ALL-UNNAMED --add-opens=java.base/java.lang=ALL-UNNAMED --add-opens=java.base/java.io=ALL-UNNAMED --add-opens=java.rmi/sun.rmi.transport=ALL-UNNAMED -Xmx512m -Xms128m -XX:+HeapDumpOnOutOfMemoryError -Dhttp.nonProxyHosts=localhost|127.*|[::1] -cp ./lib/sonar-application-8.9.3.48735.jar:/opt/sonarqube/lib/jdbc/h2/h2-1.4.199.jar org.sonar.server.app.WebServer /opt/sonarqube/temp/sq-process2417823668931786362properties
2021.12.04 20:40:41 INFO  app[][o.s.a.SchedulerImpl] Process[web] is up
2021.12.04 20:40:41 INFO  app[][o.s.a.ProcessLauncherImpl] Launch process[[key='ce', ipcIndex=3, logFilenamePrefix=ce]] from [/opt/sonarqube]: /opt/java/openjdk/bin/java -Djava.awt.headless=true -Dfile.encoding=UTF-8 -Djava.io.tmpdir=/opt/sonarqube/temp -XX:-OmitStackTraceInFastThrow --add-opens=java.base/java.util=ALL-UNNAMED -Xmx512m -Xms128m -XX:+HeapDumpOnOutOfMemoryError -Dhttp.nonProxyHosts=localhost|127.*|[::1] -cp ./lib/sonar-application-8.9.3.48735.jar:/opt/sonarqube/lib/jdbc/h2/h2-1.4.199.jar org.sonar.ce.app.CeServer /opt/sonarqube/temp/sq-process14534999726925570241properties
2021.12.04 20:40:47 INFO  app[][o.s.a.SchedulerImpl] Process[ce] is up
2021.12.04 20:40:47 INFO  app[][o.s.a.SchedulerImpl] SonarQube is up
