2021.11.30 01:22:07 INFO  app[][o.s.a.AppFileSystem] Cleaning or creating temp directory /opt/sonarqube/temp
2021.11.30 01:22:07 INFO  app[][o.s.a.es.EsSettings] Elasticsearch listening on [HTTP: 127.0.0.1:9001, TCP: 127.0.0.1:35617]
2021.11.30 01:22:07 INFO  app[][o.s.a.ProcessLauncherImpl] Launch process[[key='es', ipcIndex=1, logFilenamePrefix=es]] from [/opt/sonarqube/elasticsearch]: /opt/sonarqube/elasticsearch/bin/elasticsearch
2021.11.30 01:22:07 INFO  app[][o.s.a.SchedulerImpl] Waiting for Elasticsearch to be up and running
2021.11.30 01:22:16 INFO  app[][o.s.a.SchedulerImpl] Process[es] is up
2021.11.30 01:22:16 INFO  app[][o.s.a.ProcessLauncherImpl] Launch process[[key='web', ipcIndex=2, logFilenamePrefix=web]] from [/opt/sonarqube]: /opt/java/openjdk/bin/java -Djava.awt.headless=true -Dfile.encoding=UTF-8 -Djava.io.tmpdir=/opt/sonarqube/temp -XX:-OmitStackTraceInFastThrow --add-opens=java.base/java.util=ALL-UNNAMED --add-opens=java.base/java.lang=ALL-UNNAMED --add-opens=java.base/java.io=ALL-UNNAMED --add-opens=java.rmi/sun.rmi.transport=ALL-UNNAMED -Xmx512m -Xms128m -XX:+HeapDumpOnOutOfMemoryError -Dhttp.nonProxyHosts=localhost|127.*|[::1] -cp ./lib/sonar-application-8.9.3.48735.jar:/opt/sonarqube/lib/jdbc/h2/h2-1.4.199.jar org.sonar.server.app.WebServer /opt/sonarqube/temp/sq-process2858378080549021956properties
2021.11.30 01:22:31 INFO  app[][o.s.a.SchedulerImpl] Process[web] is up
2021.11.30 01:22:31 INFO  app[][o.s.a.ProcessLauncherImpl] Launch process[[key='ce', ipcIndex=3, logFilenamePrefix=ce]] from [/opt/sonarqube]: /opt/java/openjdk/bin/java -Djava.awt.headless=true -Dfile.encoding=UTF-8 -Djava.io.tmpdir=/opt/sonarqube/temp -XX:-OmitStackTraceInFastThrow --add-opens=java.base/java.util=ALL-UNNAMED -Xmx512m -Xms128m -XX:+HeapDumpOnOutOfMemoryError -Dhttp.nonProxyHosts=localhost|127.*|[::1] -cp ./lib/sonar-application-8.9.3.48735.jar:/opt/sonarqube/lib/jdbc/h2/h2-1.4.199.jar org.sonar.ce.app.CeServer /opt/sonarqube/temp/sq-process2629751844125671078properties
2021.11.30 01:22:34 INFO  app[][o.s.a.SchedulerImpl] Process[ce] is up
2021.11.30 01:22:34 INFO  app[][o.s.a.SchedulerImpl] SonarQube is up
2021.11.30 01:34:54 INFO  app[][o.s.a.SchedulerImpl] Stopping SonarQube
2021.11.30 01:34:54 INFO  app[][o.s.a.SchedulerImpl] Process[ce] is stopped
2021.11.30 01:34:55 INFO  app[][o.s.a.SchedulerImpl] Process[web] is stopped
2021.11.30 01:34:55 WARN  app[][o.s.a.p.AbstractManagedProcess] Process exited with exit value [es]: 143
2021.11.30 01:34:55 INFO  app[][o.s.a.SchedulerImpl] Process[es] is stopped
2021.11.30 01:34:55 INFO  app[][o.s.a.SchedulerImpl] SonarQube is stopped
2021.11.30 01:37:27 INFO  app[][o.s.a.AppFileSystem] Cleaning or creating temp directory /opt/sonarqube/temp
2021.11.30 01:37:28 INFO  app[][o.s.a.es.EsSettings] Elasticsearch listening on [HTTP: 127.0.0.1:9001, TCP: 127.0.0.1:35515]
2021.11.30 01:37:28 INFO  app[][o.s.a.ProcessLauncherImpl] Launch process[[key='es', ipcIndex=1, logFilenamePrefix=es]] from [/opt/sonarqube/elasticsearch]: /opt/sonarqube/elasticsearch/bin/elasticsearch
2021.11.30 01:37:28 INFO  app[][o.s.a.SchedulerImpl] Waiting for Elasticsearch to be up and running
2021.11.30 01:37:37 INFO  app[][o.s.a.SchedulerImpl] Process[es] is up
2021.11.30 01:37:37 INFO  app[][o.s.a.ProcessLauncherImpl] Launch process[[key='web', ipcIndex=2, logFilenamePrefix=web]] from [/opt/sonarqube]: /opt/java/openjdk/bin/java -Djava.awt.headless=true -Dfile.encoding=UTF-8 -Djava.io.tmpdir=/opt/sonarqube/temp -XX:-OmitStackTraceInFastThrow --add-opens=java.base/java.util=ALL-UNNAMED --add-opens=java.base/java.lang=ALL-UNNAMED --add-opens=java.base/java.io=ALL-UNNAMED --add-opens=java.rmi/sun.rmi.transport=ALL-UNNAMED -Xmx512m -Xms128m -XX:+HeapDumpOnOutOfMemoryError -Dhttp.nonProxyHosts=localhost|127.*|[::1] -cp ./lib/sonar-application-8.9.3.48735.jar:/opt/sonarqube/lib/jdbc/h2/h2-1.4.199.jar org.sonar.server.app.WebServer /opt/sonarqube/temp/sq-process16755555470804610022properties
2021.11.30 01:37:51 INFO  app[][o.s.a.SchedulerImpl] Process[web] is up
2021.11.30 01:37:51 INFO  app[][o.s.a.ProcessLauncherImpl] Launch process[[key='ce', ipcIndex=3, logFilenamePrefix=ce]] from [/opt/sonarqube]: /opt/java/openjdk/bin/java -Djava.awt.headless=true -Dfile.encoding=UTF-8 -Djava.io.tmpdir=/opt/sonarqube/temp -XX:-OmitStackTraceInFastThrow --add-opens=java.base/java.util=ALL-UNNAMED -Xmx512m -Xms128m -XX:+HeapDumpOnOutOfMemoryError -Dhttp.nonProxyHosts=localhost|127.*|[::1] -cp ./lib/sonar-application-8.9.3.48735.jar:/opt/sonarqube/lib/jdbc/h2/h2-1.4.199.jar org.sonar.ce.app.CeServer /opt/sonarqube/temp/sq-process6946367803460365958properties
2021.11.30 01:37:54 INFO  app[][o.s.a.SchedulerImpl] Process[ce] is up
2021.11.30 01:37:54 INFO  app[][o.s.a.SchedulerImpl] SonarQube is up
2021.11.30 01:42:47 INFO  app[][o.s.a.SchedulerImpl] Stopping SonarQube
2021.11.30 01:42:48 INFO  app[][o.s.a.SchedulerImpl] Process[ce] is stopped
2021.11.30 01:42:48 INFO  app[][o.s.a.SchedulerImpl] Process[web] is stopped
2021.11.30 01:42:49 WARN  app[][o.s.a.p.AbstractManagedProcess] Process exited with exit value [es]: 143
2021.11.30 01:42:49 INFO  app[][o.s.a.SchedulerImpl] Process[es] is stopped
2021.11.30 01:42:49 INFO  app[][o.s.a.SchedulerImpl] SonarQube is stopped
2021.11.30 01:43:15 INFO  app[][o.s.a.AppFileSystem] Cleaning or creating temp directory /opt/sonarqube/temp
2021.11.30 01:43:15 INFO  app[][o.s.a.es.EsSettings] Elasticsearch listening on [HTTP: 127.0.0.1:9001, TCP: 127.0.0.1:40967]
2021.11.30 01:43:15 INFO  app[][o.s.a.ProcessLauncherImpl] Launch process[[key='es', ipcIndex=1, logFilenamePrefix=es]] from [/opt/sonarqube/elasticsearch]: /opt/sonarqube/elasticsearch/bin/elasticsearch
2021.11.30 01:43:15 INFO  app[][o.s.a.SchedulerImpl] Waiting for Elasticsearch to be up and running
2021.11.30 01:43:27 INFO  app[][o.s.a.SchedulerImpl] Process[es] is up
2021.11.30 01:43:27 INFO  app[][o.s.a.ProcessLauncherImpl] Launch process[[key='web', ipcIndex=2, logFilenamePrefix=web]] from [/opt/sonarqube]: /opt/java/openjdk/bin/java -Djava.awt.headless=true -Dfile.encoding=UTF-8 -Djava.io.tmpdir=/opt/sonarqube/temp -XX:-OmitStackTraceInFastThrow --add-opens=java.base/java.util=ALL-UNNAMED --add-opens=java.base/java.lang=ALL-UNNAMED --add-opens=java.base/java.io=ALL-UNNAMED --add-opens=java.rmi/sun.rmi.transport=ALL-UNNAMED -Xmx512m -Xms128m -XX:+HeapDumpOnOutOfMemoryError -Dhttp.nonProxyHosts=localhost|127.*|[::1] -cp ./lib/sonar-application-8.9.3.48735.jar:/opt/sonarqube/lib/jdbc/h2/h2-1.4.199.jar org.sonar.server.app.WebServer /opt/sonarqube/temp/sq-process4580056501987682857properties
2021.11.30 01:43:40 INFO  app[][o.s.a.SchedulerImpl] Process[web] is up
2021.11.30 01:43:40 INFO  app[][o.s.a.ProcessLauncherImpl] Launch process[[key='ce', ipcIndex=3, logFilenamePrefix=ce]] from [/opt/sonarqube]: /opt/java/openjdk/bin/java -Djava.awt.headless=true -Dfile.encoding=UTF-8 -Djava.io.tmpdir=/opt/sonarqube/temp -XX:-OmitStackTraceInFastThrow --add-opens=java.base/java.util=ALL-UNNAMED -Xmx512m -Xms128m -XX:+HeapDumpOnOutOfMemoryError -Dhttp.nonProxyHosts=localhost|127.*|[::1] -cp ./lib/sonar-application-8.9.3.48735.jar:/opt/sonarqube/lib/jdbc/h2/h2-1.4.199.jar org.sonar.ce.app.CeServer /opt/sonarqube/temp/sq-process3499384596737273663properties
2021.11.30 01:43:44 INFO  app[][o.s.a.SchedulerImpl] Process[ce] is up
2021.11.30 01:43:44 INFO  app[][o.s.a.SchedulerImpl] SonarQube is up
2021.11.30 02:25:50 INFO  app[][o.s.a.SchedulerImpl] Stopping SonarQube
2021.11.30 02:25:51 INFO  app[][o.s.a.SchedulerImpl] Process[ce] is stopped
2021.11.30 02:25:51 INFO  app[][o.s.a.SchedulerImpl] Process[web] is stopped
2021.11.30 02:25:51 WARN  app[][o.s.a.p.AbstractManagedProcess] Process exited with exit value [es]: 143
2021.11.30 02:25:51 INFO  app[][o.s.a.SchedulerImpl] Process[es] is stopped
2021.11.30 02:25:51 INFO  app[][o.s.a.SchedulerImpl] SonarQube is stopped
2021.11.30 02:28:42 INFO  app[][o.s.a.AppFileSystem] Cleaning or creating temp directory /opt/sonarqube/temp
2021.11.30 02:28:42 INFO  app[][o.s.a.es.EsSettings] Elasticsearch listening on [HTTP: 127.0.0.1:9001, TCP: 127.0.0.1:46543]
2021.11.30 02:28:42 INFO  app[][o.s.a.ProcessLauncherImpl] Launch process[[key='es', ipcIndex=1, logFilenamePrefix=es]] from [/opt/sonarqube/elasticsearch]: /opt/sonarqube/elasticsearch/bin/elasticsearch
2021.11.30 02:28:42 INFO  app[][o.s.a.SchedulerImpl] Waiting for Elasticsearch to be up and running
2021.11.30 02:28:54 INFO  app[][o.s.a.SchedulerImpl] Process[es] is up
2021.11.30 02:28:54 INFO  app[][o.s.a.ProcessLauncherImpl] Launch process[[key='web', ipcIndex=2, logFilenamePrefix=web]] from [/opt/sonarqube]: /opt/java/openjdk/bin/java -Djava.awt.headless=true -Dfile.encoding=UTF-8 -Djava.io.tmpdir=/opt/sonarqube/temp -XX:-OmitStackTraceInFastThrow --add-opens=java.base/java.util=ALL-UNNAMED --add-opens=java.base/java.lang=ALL-UNNAMED --add-opens=java.base/java.io=ALL-UNNAMED --add-opens=java.rmi/sun.rmi.transport=ALL-UNNAMED -Xmx512m -Xms128m -XX:+HeapDumpOnOutOfMemoryError -Dhttp.nonProxyHosts=localhost|127.*|[::1] -cp ./lib/sonar-application-8.9.3.48735.jar:/opt/sonarqube/lib/jdbc/h2/h2-1.4.199.jar org.sonar.server.app.WebServer /opt/sonarqube/temp/sq-process3901751193943291141properties
2021.11.30 02:29:09 INFO  app[][o.s.a.SchedulerImpl] Process[web] is up
2021.11.30 02:29:09 INFO  app[][o.s.a.ProcessLauncherImpl] Launch process[[key='ce', ipcIndex=3, logFilenamePrefix=ce]] from [/opt/sonarqube]: /opt/java/openjdk/bin/java -Djava.awt.headless=true -Dfile.encoding=UTF-8 -Djava.io.tmpdir=/opt/sonarqube/temp -XX:-OmitStackTraceInFastThrow --add-opens=java.base/java.util=ALL-UNNAMED -Xmx512m -Xms128m -XX:+HeapDumpOnOutOfMemoryError -Dhttp.nonProxyHosts=localhost|127.*|[::1] -cp ./lib/sonar-application-8.9.3.48735.jar:/opt/sonarqube/lib/jdbc/h2/h2-1.4.199.jar org.sonar.ce.app.CeServer /opt/sonarqube/temp/sq-process8287959508044085125properties
2021.11.30 02:29:12 INFO  app[][o.s.a.SchedulerImpl] Process[ce] is up
2021.11.30 02:29:12 INFO  app[][o.s.a.SchedulerImpl] SonarQube is up
2021.11.30 02:39:47 INFO  app[][o.s.a.SchedulerImpl] Stopping SonarQube
2021.11.30 02:39:47 INFO  app[][o.s.a.SchedulerImpl] Process[ce] is stopped
2021.11.30 02:39:48 INFO  app[][o.s.a.SchedulerImpl] Process[web] is stopped
2021.11.30 02:39:48 INFO  app[][o.s.a.SchedulerImpl] Process[es] is stopped
2021.11.30 02:39:48 WARN  app[][o.s.a.p.AbstractManagedProcess] Process exited with exit value [es]: 143
2021.11.30 02:39:48 INFO  app[][o.s.a.SchedulerImpl] SonarQube is stopped
2021.11.30 02:40:03 INFO  app[][o.s.a.AppFileSystem] Cleaning or creating temp directory /opt/sonarqube/temp
2021.11.30 02:40:03 INFO  app[][o.s.a.es.EsSettings] Elasticsearch listening on [HTTP: 127.0.0.1:9001, TCP: 127.0.0.1:33139]
2021.11.30 02:40:03 INFO  app[][o.s.a.ProcessLauncherImpl] Launch process[[key='es', ipcIndex=1, logFilenamePrefix=es]] from [/opt/sonarqube/elasticsearch]: /opt/sonarqube/elasticsearch/bin/elasticsearch
2021.11.30 02:40:03 INFO  app[][o.s.a.SchedulerImpl] Waiting for Elasticsearch to be up and running
2021.11.30 02:40:15 INFO  app[][o.s.a.SchedulerImpl] Process[es] is up
2021.11.30 02:40:15 INFO  app[][o.s.a.ProcessLauncherImpl] Launch process[[key='web', ipcIndex=2, logFilenamePrefix=web]] from [/opt/sonarqube]: /opt/java/openjdk/bin/java -Djava.awt.headless=true -Dfile.encoding=UTF-8 -Djava.io.tmpdir=/opt/sonarqube/temp -XX:-OmitStackTraceInFastThrow --add-opens=java.base/java.util=ALL-UNNAMED --add-opens=java.base/java.lang=ALL-UNNAMED --add-opens=java.base/java.io=ALL-UNNAMED --add-opens=java.rmi/sun.rmi.transport=ALL-UNNAMED -Xmx512m -Xms128m -XX:+HeapDumpOnOutOfMemoryError -Dhttp.nonProxyHosts=localhost|127.*|[::1] -cp ./lib/sonar-application-8.9.3.48735.jar:/opt/sonarqube/lib/jdbc/h2/h2-1.4.199.jar org.sonar.server.app.WebServer /opt/sonarqube/temp/sq-process14951217477843334298properties
2021.11.30 02:40:29 INFO  app[][o.s.a.SchedulerImpl] Process[web] is up
2021.11.30 02:40:29 INFO  app[][o.s.a.ProcessLauncherImpl] Launch process[[key='ce', ipcIndex=3, logFilenamePrefix=ce]] from [/opt/sonarqube]: /opt/java/openjdk/bin/java -Djava.awt.headless=true -Dfile.encoding=UTF-8 -Djava.io.tmpdir=/opt/sonarqube/temp -XX:-OmitStackTraceInFastThrow --add-opens=java.base/java.util=ALL-UNNAMED -Xmx512m -Xms128m -XX:+HeapDumpOnOutOfMemoryError -Dhttp.nonProxyHosts=localhost|127.*|[::1] -cp ./lib/sonar-application-8.9.3.48735.jar:/opt/sonarqube/lib/jdbc/h2/h2-1.4.199.jar org.sonar.ce.app.CeServer /opt/sonarqube/temp/sq-process15806220970038808103properties
2021.11.30 02:40:32 INFO  app[][o.s.a.SchedulerImpl] Process[ce] is up
2021.11.30 02:40:32 INFO  app[][o.s.a.SchedulerImpl] SonarQube is up
2021.11.30 02:46:40 INFO  app[][o.s.a.SchedulerImpl] Stopping SonarQube
2021.11.30 02:46:40 INFO  app[][o.s.a.SchedulerImpl] Process[ce] is stopped
2021.11.30 02:46:41 INFO  app[][o.s.a.SchedulerImpl] Process[web] is stopped
2021.11.30 02:46:41 WARN  app[][o.s.a.p.AbstractManagedProcess] Process exited with exit value [es]: 143
2021.11.30 02:46:41 INFO  app[][o.s.a.SchedulerImpl] Process[es] is stopped
2021.11.30 02:46:41 INFO  app[][o.s.a.SchedulerImpl] SonarQube is stopped
2021.11.30 02:46:57 INFO  app[][o.s.a.AppFileSystem] Cleaning or creating temp directory /opt/sonarqube/temp
2021.11.30 02:46:58 INFO  app[][o.s.a.es.EsSettings] Elasticsearch listening on [HTTP: 127.0.0.1:9001, TCP: 127.0.0.1:39619]
2021.11.30 02:46:58 INFO  app[][o.s.a.ProcessLauncherImpl] Launch process[[key='es', ipcIndex=1, logFilenamePrefix=es]] from [/opt/sonarqube/elasticsearch]: /opt/sonarqube/elasticsearch/bin/elasticsearch
2021.11.30 02:46:58 INFO  app[][o.s.a.SchedulerImpl] Waiting for Elasticsearch to be up and running
2021.11.30 02:47:10 INFO  app[][o.s.a.SchedulerImpl] Process[es] is up
2021.11.30 02:47:10 INFO  app[][o.s.a.ProcessLauncherImpl] Launch process[[key='web', ipcIndex=2, logFilenamePrefix=web]] from [/opt/sonarqube]: /opt/java/openjdk/bin/java -Djava.awt.headless=true -Dfile.encoding=UTF-8 -Djava.io.tmpdir=/opt/sonarqube/temp -XX:-OmitStackTraceInFastThrow --add-opens=java.base/java.util=ALL-UNNAMED --add-opens=java.base/java.lang=ALL-UNNAMED --add-opens=java.base/java.io=ALL-UNNAMED --add-opens=java.rmi/sun.rmi.transport=ALL-UNNAMED -Xmx512m -Xms128m -XX:+HeapDumpOnOutOfMemoryError -Dhttp.nonProxyHosts=localhost|127.*|[::1] -cp ./lib/sonar-application-8.9.3.48735.jar:/opt/sonarqube/lib/jdbc/h2/h2-1.4.199.jar org.sonar.server.app.WebServer /opt/sonarqube/temp/sq-process9942216741956945284properties
2021.11.30 02:47:23 INFO  app[][o.s.a.SchedulerImpl] Process[web] is up
2021.11.30 02:47:23 INFO  app[][o.s.a.ProcessLauncherImpl] Launch process[[key='ce', ipcIndex=3, logFilenamePrefix=ce]] from [/opt/sonarqube]: /opt/java/openjdk/bin/java -Djava.awt.headless=true -Dfile.encoding=UTF-8 -Djava.io.tmpdir=/opt/sonarqube/temp -XX:-OmitStackTraceInFastThrow --add-opens=java.base/java.util=ALL-UNNAMED -Xmx512m -Xms128m -XX:+HeapDumpOnOutOfMemoryError -Dhttp.nonProxyHosts=localhost|127.*|[::1] -cp ./lib/sonar-application-8.9.3.48735.jar:/opt/sonarqube/lib/jdbc/h2/h2-1.4.199.jar org.sonar.ce.app.CeServer /opt/sonarqube/temp/sq-process10089347934544277527properties
2021.11.30 02:47:26 INFO  app[][o.s.a.SchedulerImpl] Process[ce] is up
2021.11.30 02:47:26 INFO  app[][o.s.a.SchedulerImpl] SonarQube is up
2021.11.30 03:14:25 INFO  app[][o.s.a.SchedulerImpl] Stopping SonarQube
2021.11.30 03:14:25 INFO  app[][o.s.a.SchedulerImpl] Process[ce] is stopped
2021.11.30 03:14:26 INFO  app[][o.s.a.SchedulerImpl] Process[web] is stopped
2021.11.30 03:14:26 WARN  app[][o.s.a.p.AbstractManagedProcess] Process exited with exit value [es]: 143
2021.11.30 03:14:26 INFO  app[][o.s.a.SchedulerImpl] Process[es] is stopped
2021.11.30 03:14:26 INFO  app[][o.s.a.SchedulerImpl] SonarQube is stopped
2021.11.30 03:15:04 INFO  app[][o.s.a.AppFileSystem] Cleaning or creating temp directory /opt/sonarqube/temp
2021.11.30 03:15:04 INFO  app[][o.s.a.es.EsSettings] Elasticsearch listening on [HTTP: 127.0.0.1:9001, TCP: 127.0.0.1:46603]
2021.11.30 03:15:04 INFO  app[][o.s.a.ProcessLauncherImpl] Launch process[[key='es', ipcIndex=1, logFilenamePrefix=es]] from [/opt/sonarqube/elasticsearch]: /opt/sonarqube/elasticsearch/bin/elasticsearch
2021.11.30 03:15:04 INFO  app[][o.s.a.SchedulerImpl] Waiting for Elasticsearch to be up and running
2021.11.30 03:15:14 INFO  app[][o.s.a.SchedulerImpl] Process[es] is up
2021.11.30 03:15:14 INFO  app[][o.s.a.ProcessLauncherImpl] Launch process[[key='web', ipcIndex=2, logFilenamePrefix=web]] from [/opt/sonarqube]: /opt/java/openjdk/bin/java -Djava.awt.headless=true -Dfile.encoding=UTF-8 -Djava.io.tmpdir=/opt/sonarqube/temp -XX:-OmitStackTraceInFastThrow --add-opens=java.base/java.util=ALL-UNNAMED --add-opens=java.base/java.lang=ALL-UNNAMED --add-opens=java.base/java.io=ALL-UNNAMED --add-opens=java.rmi/sun.rmi.transport=ALL-UNNAMED -Xmx512m -Xms128m -XX:+HeapDumpOnOutOfMemoryError -Dhttp.nonProxyHosts=localhost|127.*|[::1] -cp ./lib/sonar-application-8.9.3.48735.jar:/opt/sonarqube/lib/jdbc/h2/h2-1.4.199.jar org.sonar.server.app.WebServer /opt/sonarqube/temp/sq-process9550690964449031816properties
2021.11.30 03:15:33 INFO  app[][o.s.a.SchedulerImpl] Process[web] is up
2021.11.30 03:15:33 INFO  app[][o.s.a.ProcessLauncherImpl] Launch process[[key='ce', ipcIndex=3, logFilenamePrefix=ce]] from [/opt/sonarqube]: /opt/java/openjdk/bin/java -Djava.awt.headless=true -Dfile.encoding=UTF-8 -Djava.io.tmpdir=/opt/sonarqube/temp -XX:-OmitStackTraceInFastThrow --add-opens=java.base/java.util=ALL-UNNAMED -Xmx512m -Xms128m -XX:+HeapDumpOnOutOfMemoryError -Dhttp.nonProxyHosts=localhost|127.*|[::1] -cp ./lib/sonar-application-8.9.3.48735.jar:/opt/sonarqube/lib/jdbc/h2/h2-1.4.199.jar org.sonar.ce.app.CeServer /opt/sonarqube/temp/sq-process4925839438685237714properties
2021.11.30 03:16:04 INFO  app[][o.s.a.SchedulerImpl] Process[ce] is up
2021.11.30 03:16:04 INFO  app[][o.s.a.SchedulerImpl] SonarQube is up
2021.11.30 11:05:30 INFO  app[][o.s.a.AppFileSystem] Cleaning or creating temp directory /opt/sonarqube/temp
2021.11.30 11:05:30 INFO  app[][o.s.a.es.EsSettings] Elasticsearch listening on [HTTP: 127.0.0.1:9001, TCP: 127.0.0.1:46805]
2021.11.30 11:05:30 INFO  app[][o.s.a.ProcessLauncherImpl] Launch process[[key='es', ipcIndex=1, logFilenamePrefix=es]] from [/opt/sonarqube/elasticsearch]: /opt/sonarqube/elasticsearch/bin/elasticsearch
2021.11.30 11:05:31 INFO  app[][o.s.a.SchedulerImpl] Waiting for Elasticsearch to be up and running
2021.11.30 11:05:56 INFO  app[][o.s.a.SchedulerImpl] Process[es] is up
2021.11.30 11:05:56 INFO  app[][o.s.a.ProcessLauncherImpl] Launch process[[key='web', ipcIndex=2, logFilenamePrefix=web]] from [/opt/sonarqube]: /opt/java/openjdk/bin/java -Djava.awt.headless=true -Dfile.encoding=UTF-8 -Djava.io.tmpdir=/opt/sonarqube/temp -XX:-OmitStackTraceInFastThrow --add-opens=java.base/java.util=ALL-UNNAMED --add-opens=java.base/java.lang=ALL-UNNAMED --add-opens=java.base/java.io=ALL-UNNAMED --add-opens=java.rmi/sun.rmi.transport=ALL-UNNAMED -Xmx512m -Xms128m -XX:+HeapDumpOnOutOfMemoryError -Dhttp.nonProxyHosts=localhost|127.*|[::1] -cp ./lib/sonar-application-8.9.3.48735.jar:/opt/sonarqube/lib/jdbc/h2/h2-1.4.199.jar org.sonar.server.app.WebServer /opt/sonarqube/temp/sq-process4896260628225156024properties
2021.11.30 11:06:20 INFO  app[][o.s.a.SchedulerImpl] Process[web] is up
2021.11.30 11:06:20 INFO  app[][o.s.a.ProcessLauncherImpl] Launch process[[key='ce', ipcIndex=3, logFilenamePrefix=ce]] from [/opt/sonarqube]: /opt/java/openjdk/bin/java -Djava.awt.headless=true -Dfile.encoding=UTF-8 -Djava.io.tmpdir=/opt/sonarqube/temp -XX:-OmitStackTraceInFastThrow --add-opens=java.base/java.util=ALL-UNNAMED -Xmx512m -Xms128m -XX:+HeapDumpOnOutOfMemoryError -Dhttp.nonProxyHosts=localhost|127.*|[::1] -cp ./lib/sonar-application-8.9.3.48735.jar:/opt/sonarqube/lib/jdbc/h2/h2-1.4.199.jar org.sonar.ce.app.CeServer /opt/sonarqube/temp/sq-process360409276724997443properties
2021.11.30 11:06:26 INFO  app[][o.s.a.SchedulerImpl] Process[ce] is up
2021.11.30 11:06:26 INFO  app[][o.s.a.SchedulerImpl] SonarQube is up
