2021.12.05 02:52:15 INFO  app[][o.s.a.SchedulerImpl] Stopping SonarQube
2021.12.05 02:52:16 INFO  app[][o.s.a.SchedulerImpl] Process[ce] is stopped
2021.12.05 02:52:17 INFO  app[][o.s.a.SchedulerImpl] Process[web] is stopped
2021.12.05 02:52:17 WARN  app[][o.s.a.p.AbstractManagedProcess] Process exited with exit value [es]: 143
2021.12.05 02:52:17 INFO  app[][o.s.a.SchedulerImpl] Process[es] is stopped
2021.12.05 02:52:17 INFO  app[][o.s.a.SchedulerImpl] SonarQube is stopped
2021.12.05 02:57:20 INFO  app[][o.s.a.AppFileSystem] Cleaning or creating temp directory /opt/sonarqube/temp
2021.12.05 02:57:20 INFO  app[][o.s.a.es.EsSettings] Elasticsearch listening on [HTTP: 127.0.0.1:9001, TCP: 127.0.0.1:38919]
2021.12.05 02:57:20 INFO  app[][o.s.a.ProcessLauncherImpl] Launch process[[key='es', ipcIndex=1, logFilenamePrefix=es]] from [/opt/sonarqube/elasticsearch]: /opt/sonarqube/elasticsearch/bin/elasticsearch
2021.12.05 02:57:20 INFO  app[][o.s.a.SchedulerImpl] Waiting for Elasticsearch to be up and running
2021.12.05 02:57:31 INFO  app[][o.s.a.SchedulerImpl] Process[es] is up
2021.12.05 02:57:31 INFO  app[][o.s.a.ProcessLauncherImpl] Launch process[[key='web', ipcIndex=2, logFilenamePrefix=web]] from [/opt/sonarqube]: /opt/java/openjdk/bin/java -Djava.awt.headless=true -Dfile.encoding=UTF-8 -Djava.io.tmpdir=/opt/sonarqube/temp -XX:-OmitStackTraceInFastThrow --add-opens=java.base/java.util=ALL-UNNAMED --add-opens=java.base/java.lang=ALL-UNNAMED --add-opens=java.base/java.io=ALL-UNNAMED --add-opens=java.rmi/sun.rmi.transport=ALL-UNNAMED -Xmx512m -Xms128m -XX:+HeapDumpOnOutOfMemoryError -Dhttp.nonProxyHosts=localhost|127.*|[::1] -cp ./lib/sonar-application-8.9.3.48735.jar:/opt/sonarqube/lib/jdbc/h2/h2-1.4.199.jar org.sonar.server.app.WebServer /opt/sonarqube/temp/sq-process18440565284930811216properties
2021.12.05 02:57:47 INFO  app[][o.s.a.SchedulerImpl] Process[web] is up
2021.12.05 02:57:47 INFO  app[][o.s.a.ProcessLauncherImpl] Launch process[[key='ce', ipcIndex=3, logFilenamePrefix=ce]] from [/opt/sonarqube]: /opt/java/openjdk/bin/java -Djava.awt.headless=true -Dfile.encoding=UTF-8 -Djava.io.tmpdir=/opt/sonarqube/temp -XX:-OmitStackTraceInFastThrow --add-opens=java.base/java.util=ALL-UNNAMED -Xmx512m -Xms128m -XX:+HeapDumpOnOutOfMemoryError -Dhttp.nonProxyHosts=localhost|127.*|[::1] -cp ./lib/sonar-application-8.9.3.48735.jar:/opt/sonarqube/lib/jdbc/h2/h2-1.4.199.jar org.sonar.ce.app.CeServer /opt/sonarqube/temp/sq-process11116132630293498966properties
2021.12.05 02:57:50 INFO  app[][o.s.a.SchedulerImpl] Process[ce] is up
2021.12.05 02:57:50 INFO  app[][o.s.a.SchedulerImpl] SonarQube is up
2021.12.05 03:09:07 INFO  app[][o.s.a.SchedulerImpl] Stopping SonarQube
2021.12.05 03:09:08 INFO  app[][o.s.a.SchedulerImpl] Process[ce] is stopped
2021.12.05 03:09:08 INFO  app[][o.s.a.SchedulerImpl] Process[web] is stopped
2021.12.05 03:09:08 WARN  app[][o.s.a.p.AbstractManagedProcess] Process exited with exit value [es]: 143
2021.12.05 03:09:08 INFO  app[][o.s.a.SchedulerImpl] Process[es] is stopped
2021.12.05 03:09:08 INFO  app[][o.s.a.SchedulerImpl] SonarQube is stopped
2021.12.05 03:11:52 INFO  app[][o.s.a.AppFileSystem] Cleaning or creating temp directory /opt/sonarqube/temp
2021.12.05 03:11:52 INFO  app[][o.s.a.es.EsSettings] Elasticsearch listening on [HTTP: 127.0.0.1:9001, TCP: 127.0.0.1:34681]
2021.12.05 03:11:52 INFO  app[][o.s.a.ProcessLauncherImpl] Launch process[[key='es', ipcIndex=1, logFilenamePrefix=es]] from [/opt/sonarqube/elasticsearch]: /opt/sonarqube/elasticsearch/bin/elasticsearch
2021.12.05 03:11:52 INFO  app[][o.s.a.SchedulerImpl] Waiting for Elasticsearch to be up and running
2021.12.05 03:12:02 INFO  app[][o.s.a.SchedulerImpl] Process[es] is up
2021.12.05 03:12:02 INFO  app[][o.s.a.ProcessLauncherImpl] Launch process[[key='web', ipcIndex=2, logFilenamePrefix=web]] from [/opt/sonarqube]: /opt/java/openjdk/bin/java -Djava.awt.headless=true -Dfile.encoding=UTF-8 -Djava.io.tmpdir=/opt/sonarqube/temp -XX:-OmitStackTraceInFastThrow --add-opens=java.base/java.util=ALL-UNNAMED --add-opens=java.base/java.lang=ALL-UNNAMED --add-opens=java.base/java.io=ALL-UNNAMED --add-opens=java.rmi/sun.rmi.transport=ALL-UNNAMED -Xmx512m -Xms128m -XX:+HeapDumpOnOutOfMemoryError -Dhttp.nonProxyHosts=localhost|127.*|[::1] -cp ./lib/sonar-application-8.9.3.48735.jar:/opt/sonarqube/lib/jdbc/h2/h2-1.4.199.jar org.sonar.server.app.WebServer /opt/sonarqube/temp/sq-process11068393312313187441properties
2021.12.05 03:12:16 INFO  app[][o.s.a.SchedulerImpl] Process[web] is up
2021.12.05 03:12:16 INFO  app[][o.s.a.ProcessLauncherImpl] Launch process[[key='ce', ipcIndex=3, logFilenamePrefix=ce]] from [/opt/sonarqube]: /opt/java/openjdk/bin/java -Djava.awt.headless=true -Dfile.encoding=UTF-8 -Djava.io.tmpdir=/opt/sonarqube/temp -XX:-OmitStackTraceInFastThrow --add-opens=java.base/java.util=ALL-UNNAMED -Xmx512m -Xms128m -XX:+HeapDumpOnOutOfMemoryError -Dhttp.nonProxyHosts=localhost|127.*|[::1] -cp ./lib/sonar-application-8.9.3.48735.jar:/opt/sonarqube/lib/jdbc/h2/h2-1.4.199.jar org.sonar.ce.app.CeServer /opt/sonarqube/temp/sq-process526824587761384065properties
2021.12.05 03:12:19 INFO  app[][o.s.a.SchedulerImpl] Process[ce] is up
2021.12.05 03:12:19 INFO  app[][o.s.a.SchedulerImpl] SonarQube is up
2021.12.05 03:17:49 INFO  app[][o.s.a.SchedulerImpl] Stopping SonarQube
2021.12.05 03:17:49 INFO  app[][o.s.a.SchedulerImpl] Process[ce] is stopped
2021.12.05 03:17:50 INFO  app[][o.s.a.SchedulerImpl] Process[web] is stopped
2021.12.05 03:17:50 INFO  app[][o.s.a.SchedulerImpl] Process[es] is stopped
2021.12.05 03:17:50 WARN  app[][o.s.a.p.AbstractManagedProcess] Process exited with exit value [es]: 143
2021.12.05 03:17:50 INFO  app[][o.s.a.SchedulerImpl] SonarQube is stopped
2021.12.05 03:17:55 INFO  app[][o.s.a.AppFileSystem] Cleaning or creating temp directory /opt/sonarqube/temp
2021.12.05 03:17:55 INFO  app[][o.s.a.es.EsSettings] Elasticsearch listening on [HTTP: 127.0.0.1:9001, TCP: 127.0.0.1:40837]
2021.12.05 03:17:55 INFO  app[][o.s.a.ProcessLauncherImpl] Launch process[[key='es', ipcIndex=1, logFilenamePrefix=es]] from [/opt/sonarqube/elasticsearch]: /opt/sonarqube/elasticsearch/bin/elasticsearch
2021.12.05 03:17:55 INFO  app[][o.s.a.SchedulerImpl] Waiting for Elasticsearch to be up and running
2021.12.05 03:18:05 INFO  app[][o.s.a.SchedulerImpl] Process[es] is up
2021.12.05 03:18:05 INFO  app[][o.s.a.ProcessLauncherImpl] Launch process[[key='web', ipcIndex=2, logFilenamePrefix=web]] from [/opt/sonarqube]: /opt/java/openjdk/bin/java -Djava.awt.headless=true -Dfile.encoding=UTF-8 -Djava.io.tmpdir=/opt/sonarqube/temp -XX:-OmitStackTraceInFastThrow --add-opens=java.base/java.util=ALL-UNNAMED --add-opens=java.base/java.lang=ALL-UNNAMED --add-opens=java.base/java.io=ALL-UNNAMED --add-opens=java.rmi/sun.rmi.transport=ALL-UNNAMED -Xmx512m -Xms128m -XX:+HeapDumpOnOutOfMemoryError -Dhttp.nonProxyHosts=localhost|127.*|[::1] -cp ./lib/sonar-application-8.9.3.48735.jar:/opt/sonarqube/lib/jdbc/h2/h2-1.4.199.jar org.sonar.server.app.WebServer /opt/sonarqube/temp/sq-process2484915417198017669properties
2021.12.05 03:18:18 INFO  app[][o.s.a.SchedulerImpl] Process[web] is up
2021.12.05 03:18:18 INFO  app[][o.s.a.ProcessLauncherImpl] Launch process[[key='ce', ipcIndex=3, logFilenamePrefix=ce]] from [/opt/sonarqube]: /opt/java/openjdk/bin/java -Djava.awt.headless=true -Dfile.encoding=UTF-8 -Djava.io.tmpdir=/opt/sonarqube/temp -XX:-OmitStackTraceInFastThrow --add-opens=java.base/java.util=ALL-UNNAMED -Xmx512m -Xms128m -XX:+HeapDumpOnOutOfMemoryError -Dhttp.nonProxyHosts=localhost|127.*|[::1] -cp ./lib/sonar-application-8.9.3.48735.jar:/opt/sonarqube/lib/jdbc/h2/h2-1.4.199.jar org.sonar.ce.app.CeServer /opt/sonarqube/temp/sq-process6392438781711940379properties
2021.12.05 03:18:21 INFO  app[][o.s.a.SchedulerImpl] Process[ce] is up
2021.12.05 03:18:21 INFO  app[][o.s.a.SchedulerImpl] SonarQube is up
