2021.11.28 00:02:10 INFO  app[][o.s.a.SchedulerImpl] Stopping SonarQube
2021.11.28 00:02:10 INFO  app[][o.s.a.SchedulerImpl] Process[ce] is stopped
2021.11.28 00:02:11 INFO  app[][o.s.a.SchedulerImpl] Process[web] is stopped
2021.11.28 00:02:11 WARN  app[][o.s.a.p.AbstractManagedProcess] Process exited with exit value [es]: 143
2021.11.28 00:02:11 INFO  app[][o.s.a.SchedulerImpl] Process[es] is stopped
2021.11.28 00:02:11 INFO  app[][o.s.a.SchedulerImpl] SonarQube is stopped
2021.11.28 00:02:26 INFO  app[][o.s.a.AppFileSystem] Cleaning or creating temp directory /opt/sonarqube/temp
2021.11.28 00:02:26 INFO  app[][o.s.a.es.EsSettings] Elasticsearch listening on [HTTP: 127.0.0.1:9001, TCP: 127.0.0.1:32801]
2021.11.28 00:02:26 INFO  app[][o.s.a.ProcessLauncherImpl] Launch process[[key='es', ipcIndex=1, logFilenamePrefix=es]] from [/opt/sonarqube/elasticsearch]: /opt/sonarqube/elasticsearch/bin/elasticsearch
2021.11.28 00:02:26 INFO  app[][o.s.a.SchedulerImpl] Waiting for Elasticsearch to be up and running
2021.11.28 00:02:37 INFO  app[][o.s.a.SchedulerImpl] Process[es] is up
2021.11.28 00:02:37 INFO  app[][o.s.a.ProcessLauncherImpl] Launch process[[key='web', ipcIndex=2, logFilenamePrefix=web]] from [/opt/sonarqube]: /opt/java/openjdk/bin/java -Djava.awt.headless=true -Dfile.encoding=UTF-8 -Djava.io.tmpdir=/opt/sonarqube/temp -XX:-OmitStackTraceInFastThrow --add-opens=java.base/java.util=ALL-UNNAMED --add-opens=java.base/java.lang=ALL-UNNAMED --add-opens=java.base/java.io=ALL-UNNAMED --add-opens=java.rmi/sun.rmi.transport=ALL-UNNAMED -Xmx512m -Xms128m -XX:+HeapDumpOnOutOfMemoryError -Dhttp.nonProxyHosts=localhost|127.*|[::1] -cp ./lib/sonar-application-8.9.3.48735.jar:/opt/sonarqube/lib/jdbc/h2/h2-1.4.199.jar org.sonar.server.app.WebServer /opt/sonarqube/temp/sq-process18055704631359697694properties
2021.11.28 00:02:51 INFO  app[][o.s.a.SchedulerImpl] Process[web] is up
2021.11.28 00:02:51 INFO  app[][o.s.a.ProcessLauncherImpl] Launch process[[key='ce', ipcIndex=3, logFilenamePrefix=ce]] from [/opt/sonarqube]: /opt/java/openjdk/bin/java -Djava.awt.headless=true -Dfile.encoding=UTF-8 -Djava.io.tmpdir=/opt/sonarqube/temp -XX:-OmitStackTraceInFastThrow --add-opens=java.base/java.util=ALL-UNNAMED -Xmx512m -Xms128m -XX:+HeapDumpOnOutOfMemoryError -Dhttp.nonProxyHosts=localhost|127.*|[::1] -cp ./lib/sonar-application-8.9.3.48735.jar:/opt/sonarqube/lib/jdbc/h2/h2-1.4.199.jar org.sonar.ce.app.CeServer /opt/sonarqube/temp/sq-process18036879423136125714properties
2021.11.28 00:02:54 INFO  app[][o.s.a.SchedulerImpl] Process[ce] is up
2021.11.28 00:02:54 INFO  app[][o.s.a.SchedulerImpl] SonarQube is up
2021.11.28 00:19:26 INFO  app[][o.s.a.SchedulerImpl] Stopping SonarQube
2021.11.28 00:19:27 INFO  app[][o.s.a.SchedulerImpl] Process[ce] is stopped
2021.11.28 00:19:28 INFO  app[][o.s.a.SchedulerImpl] Process[web] is stopped
2021.11.28 00:19:28 INFO  app[][o.s.a.SchedulerImpl] Process[es] is stopped
2021.11.28 00:19:28 WARN  app[][o.s.a.p.AbstractManagedProcess] Process exited with exit value [es]: 143
2021.11.28 00:19:28 INFO  app[][o.s.a.SchedulerImpl] SonarQube is stopped
2021.11.28 00:26:14 INFO  app[][o.s.a.AppFileSystem] Cleaning or creating temp directory /opt/sonarqube/temp
2021.11.28 00:26:14 INFO  app[][o.s.a.es.EsSettings] Elasticsearch listening on [HTTP: 127.0.0.1:9001, TCP: 127.0.0.1:41209]
2021.11.28 00:26:14 INFO  app[][o.s.a.ProcessLauncherImpl] Launch process[[key='es', ipcIndex=1, logFilenamePrefix=es]] from [/opt/sonarqube/elasticsearch]: /opt/sonarqube/elasticsearch/bin/elasticsearch
2021.11.28 00:26:14 INFO  app[][o.s.a.SchedulerImpl] Waiting for Elasticsearch to be up and running
2021.11.28 00:26:25 INFO  app[][o.s.a.SchedulerImpl] Process[es] is up
2021.11.28 00:26:25 INFO  app[][o.s.a.ProcessLauncherImpl] Launch process[[key='web', ipcIndex=2, logFilenamePrefix=web]] from [/opt/sonarqube]: /opt/java/openjdk/bin/java -Djava.awt.headless=true -Dfile.encoding=UTF-8 -Djava.io.tmpdir=/opt/sonarqube/temp -XX:-OmitStackTraceInFastThrow --add-opens=java.base/java.util=ALL-UNNAMED --add-opens=java.base/java.lang=ALL-UNNAMED --add-opens=java.base/java.io=ALL-UNNAMED --add-opens=java.rmi/sun.rmi.transport=ALL-UNNAMED -Xmx512m -Xms128m -XX:+HeapDumpOnOutOfMemoryError -Dhttp.nonProxyHosts=localhost|127.*|[::1] -cp ./lib/sonar-application-8.9.3.48735.jar:/opt/sonarqube/lib/jdbc/h2/h2-1.4.199.jar org.sonar.server.app.WebServer /opt/sonarqube/temp/sq-process3792232538982197505properties
2021.11.28 00:26:39 INFO  app[][o.s.a.SchedulerImpl] Process[web] is up
2021.11.28 00:26:39 INFO  app[][o.s.a.ProcessLauncherImpl] Launch process[[key='ce', ipcIndex=3, logFilenamePrefix=ce]] from [/opt/sonarqube]: /opt/java/openjdk/bin/java -Djava.awt.headless=true -Dfile.encoding=UTF-8 -Djava.io.tmpdir=/opt/sonarqube/temp -XX:-OmitStackTraceInFastThrow --add-opens=java.base/java.util=ALL-UNNAMED -Xmx512m -Xms128m -XX:+HeapDumpOnOutOfMemoryError -Dhttp.nonProxyHosts=localhost|127.*|[::1] -cp ./lib/sonar-application-8.9.3.48735.jar:/opt/sonarqube/lib/jdbc/h2/h2-1.4.199.jar org.sonar.ce.app.CeServer /opt/sonarqube/temp/sq-process3872324226007558511properties
2021.11.28 00:26:42 INFO  app[][o.s.a.SchedulerImpl] Process[ce] is up
2021.11.28 00:26:42 INFO  app[][o.s.a.SchedulerImpl] SonarQube is up
2021.11.28 00:29:31 INFO  app[][o.s.a.SchedulerImpl] Stopping SonarQube
2021.11.28 00:29:32 INFO  app[][o.s.a.SchedulerImpl] Process[ce] is stopped
2021.11.28 00:29:32 INFO  app[][o.s.a.SchedulerImpl] Process[web] is stopped
2021.11.28 00:29:32 WARN  app[][o.s.a.p.AbstractManagedProcess] Process exited with exit value [es]: 143
2021.11.28 00:29:32 INFO  app[][o.s.a.SchedulerImpl] Process[es] is stopped
2021.11.28 00:29:32 INFO  app[][o.s.a.SchedulerImpl] SonarQube is stopped
2021.11.28 00:29:36 INFO  app[][o.s.a.AppFileSystem] Cleaning or creating temp directory /opt/sonarqube/temp
2021.11.28 00:29:36 INFO  app[][o.s.a.es.EsSettings] Elasticsearch listening on [HTTP: 127.0.0.1:9001, TCP: 127.0.0.1:39517]
2021.11.28 00:29:36 INFO  app[][o.s.a.ProcessLauncherImpl] Launch process[[key='es', ipcIndex=1, logFilenamePrefix=es]] from [/opt/sonarqube/elasticsearch]: /opt/sonarqube/elasticsearch/bin/elasticsearch
2021.11.28 00:29:36 INFO  app[][o.s.a.SchedulerImpl] Waiting for Elasticsearch to be up and running
2021.11.28 00:29:47 INFO  app[][o.s.a.SchedulerImpl] Process[es] is up
2021.11.28 00:29:47 INFO  app[][o.s.a.ProcessLauncherImpl] Launch process[[key='web', ipcIndex=2, logFilenamePrefix=web]] from [/opt/sonarqube]: /opt/java/openjdk/bin/java -Djava.awt.headless=true -Dfile.encoding=UTF-8 -Djava.io.tmpdir=/opt/sonarqube/temp -XX:-OmitStackTraceInFastThrow --add-opens=java.base/java.util=ALL-UNNAMED --add-opens=java.base/java.lang=ALL-UNNAMED --add-opens=java.base/java.io=ALL-UNNAMED --add-opens=java.rmi/sun.rmi.transport=ALL-UNNAMED -Xmx512m -Xms128m -XX:+HeapDumpOnOutOfMemoryError -Dhttp.nonProxyHosts=localhost|127.*|[::1] -cp ./lib/sonar-application-8.9.3.48735.jar:/opt/sonarqube/lib/jdbc/h2/h2-1.4.199.jar org.sonar.server.app.WebServer /opt/sonarqube/temp/sq-process8373370344724162360properties
2021.11.28 00:30:02 INFO  app[][o.s.a.SchedulerImpl] Process[web] is up
2021.11.28 00:30:02 INFO  app[][o.s.a.ProcessLauncherImpl] Launch process[[key='ce', ipcIndex=3, logFilenamePrefix=ce]] from [/opt/sonarqube]: /opt/java/openjdk/bin/java -Djava.awt.headless=true -Dfile.encoding=UTF-8 -Djava.io.tmpdir=/opt/sonarqube/temp -XX:-OmitStackTraceInFastThrow --add-opens=java.base/java.util=ALL-UNNAMED -Xmx512m -Xms128m -XX:+HeapDumpOnOutOfMemoryError -Dhttp.nonProxyHosts=localhost|127.*|[::1] -cp ./lib/sonar-application-8.9.3.48735.jar:/opt/sonarqube/lib/jdbc/h2/h2-1.4.199.jar org.sonar.ce.app.CeServer /opt/sonarqube/temp/sq-process8748568953818653465properties
2021.11.28 00:30:06 INFO  app[][o.s.a.SchedulerImpl] Process[ce] is up
2021.11.28 00:30:06 INFO  app[][o.s.a.SchedulerImpl] SonarQube is up
2021.11.28 00:35:56 INFO  app[][o.s.a.SchedulerImpl] Stopping SonarQube
2021.11.28 00:35:56 INFO  app[][o.s.a.SchedulerImpl] Process[ce] is stopped
2021.11.28 00:35:57 INFO  app[][o.s.a.SchedulerImpl] Process[web] is stopped
2021.11.28 00:35:57 WARN  app[][o.s.a.p.AbstractManagedProcess] Process exited with exit value [es]: 143
2021.11.28 00:35:57 INFO  app[][o.s.a.SchedulerImpl] Process[es] is stopped
2021.11.28 00:35:57 INFO  app[][o.s.a.SchedulerImpl] SonarQube is stopped
2021.11.28 00:36:22 INFO  app[][o.s.a.AppFileSystem] Cleaning or creating temp directory /opt/sonarqube/temp
2021.11.28 00:36:22 INFO  app[][o.s.a.es.EsSettings] Elasticsearch listening on [HTTP: 127.0.0.1:9001, TCP: 127.0.0.1:42665]
2021.11.28 00:36:22 INFO  app[][o.s.a.ProcessLauncherImpl] Launch process[[key='es', ipcIndex=1, logFilenamePrefix=es]] from [/opt/sonarqube/elasticsearch]: /opt/sonarqube/elasticsearch/bin/elasticsearch
2021.11.28 00:36:22 INFO  app[][o.s.a.SchedulerImpl] Waiting for Elasticsearch to be up and running
2021.11.28 00:36:33 INFO  app[][o.s.a.SchedulerImpl] Process[es] is up
2021.11.28 00:36:33 INFO  app[][o.s.a.ProcessLauncherImpl] Launch process[[key='web', ipcIndex=2, logFilenamePrefix=web]] from [/opt/sonarqube]: /opt/java/openjdk/bin/java -Djava.awt.headless=true -Dfile.encoding=UTF-8 -Djava.io.tmpdir=/opt/sonarqube/temp -XX:-OmitStackTraceInFastThrow --add-opens=java.base/java.util=ALL-UNNAMED --add-opens=java.base/java.lang=ALL-UNNAMED --add-opens=java.base/java.io=ALL-UNNAMED --add-opens=java.rmi/sun.rmi.transport=ALL-UNNAMED -Xmx512m -Xms128m -XX:+HeapDumpOnOutOfMemoryError -Dhttp.nonProxyHosts=localhost|127.*|[::1] -cp ./lib/sonar-application-8.9.3.48735.jar:/opt/sonarqube/lib/jdbc/h2/h2-1.4.199.jar org.sonar.server.app.WebServer /opt/sonarqube/temp/sq-process17967897603550843449properties
2021.11.28 00:36:47 INFO  app[][o.s.a.SchedulerImpl] Process[web] is up
2021.11.28 00:36:47 INFO  app[][o.s.a.ProcessLauncherImpl] Launch process[[key='ce', ipcIndex=3, logFilenamePrefix=ce]] from [/opt/sonarqube]: /opt/java/openjdk/bin/java -Djava.awt.headless=true -Dfile.encoding=UTF-8 -Djava.io.tmpdir=/opt/sonarqube/temp -XX:-OmitStackTraceInFastThrow --add-opens=java.base/java.util=ALL-UNNAMED -Xmx512m -Xms128m -XX:+HeapDumpOnOutOfMemoryError -Dhttp.nonProxyHosts=localhost|127.*|[::1] -cp ./lib/sonar-application-8.9.3.48735.jar:/opt/sonarqube/lib/jdbc/h2/h2-1.4.199.jar org.sonar.ce.app.CeServer /opt/sonarqube/temp/sq-process16691162717290460167properties
2021.11.28 00:36:50 INFO  app[][o.s.a.SchedulerImpl] Process[ce] is up
2021.11.28 00:36:50 INFO  app[][o.s.a.SchedulerImpl] SonarQube is up
2021.11.28 00:40:34 INFO  app[][o.s.a.SchedulerImpl] Stopping SonarQube
2021.11.28 00:40:34 INFO  app[][o.s.a.SchedulerImpl] Process[ce] is stopped
2021.11.28 00:40:35 INFO  app[][o.s.a.SchedulerImpl] Process[web] is stopped
2021.11.28 00:40:35 INFO  app[][o.s.a.SchedulerImpl] Process[es] is stopped
2021.11.28 00:40:35 WARN  app[][o.s.a.p.AbstractManagedProcess] Process exited with exit value [es]: 143
2021.11.28 00:40:35 INFO  app[][o.s.a.SchedulerImpl] SonarQube is stopped
2021.11.28 00:40:49 INFO  app[][o.s.a.AppFileSystem] Cleaning or creating temp directory /opt/sonarqube/temp
2021.11.28 00:40:49 INFO  app[][o.s.a.es.EsSettings] Elasticsearch listening on [HTTP: 127.0.0.1:9001, TCP: 127.0.0.1:36597]
2021.11.28 00:40:49 INFO  app[][o.s.a.ProcessLauncherImpl] Launch process[[key='es', ipcIndex=1, logFilenamePrefix=es]] from [/opt/sonarqube/elasticsearch]: /opt/sonarqube/elasticsearch/bin/elasticsearch
2021.11.28 00:40:49 INFO  app[][o.s.a.SchedulerImpl] Waiting for Elasticsearch to be up and running
2021.11.28 00:41:01 INFO  app[][o.s.a.SchedulerImpl] Process[es] is up
2021.11.28 00:41:01 INFO  app[][o.s.a.ProcessLauncherImpl] Launch process[[key='web', ipcIndex=2, logFilenamePrefix=web]] from [/opt/sonarqube]: /opt/java/openjdk/bin/java -Djava.awt.headless=true -Dfile.encoding=UTF-8 -Djava.io.tmpdir=/opt/sonarqube/temp -XX:-OmitStackTraceInFastThrow --add-opens=java.base/java.util=ALL-UNNAMED --add-opens=java.base/java.lang=ALL-UNNAMED --add-opens=java.base/java.io=ALL-UNNAMED --add-opens=java.rmi/sun.rmi.transport=ALL-UNNAMED -Xmx512m -Xms128m -XX:+HeapDumpOnOutOfMemoryError -Dhttp.nonProxyHosts=localhost|127.*|[::1] -cp ./lib/sonar-application-8.9.3.48735.jar:/opt/sonarqube/lib/jdbc/h2/h2-1.4.199.jar org.sonar.server.app.WebServer /opt/sonarqube/temp/sq-process7010306314353023385properties
2021.11.28 00:41:15 INFO  app[][o.s.a.SchedulerImpl] Process[web] is up
2021.11.28 00:41:15 INFO  app[][o.s.a.ProcessLauncherImpl] Launch process[[key='ce', ipcIndex=3, logFilenamePrefix=ce]] from [/opt/sonarqube]: /opt/java/openjdk/bin/java -Djava.awt.headless=true -Dfile.encoding=UTF-8 -Djava.io.tmpdir=/opt/sonarqube/temp -XX:-OmitStackTraceInFastThrow --add-opens=java.base/java.util=ALL-UNNAMED -Xmx512m -Xms128m -XX:+HeapDumpOnOutOfMemoryError -Dhttp.nonProxyHosts=localhost|127.*|[::1] -cp ./lib/sonar-application-8.9.3.48735.jar:/opt/sonarqube/lib/jdbc/h2/h2-1.4.199.jar org.sonar.ce.app.CeServer /opt/sonarqube/temp/sq-process5343022373048709730properties
2021.11.28 00:41:18 INFO  app[][o.s.a.SchedulerImpl] Process[ce] is up
2021.11.28 00:41:18 INFO  app[][o.s.a.SchedulerImpl] SonarQube is up
2021.11.28 00:41:47 INFO  app[][o.s.a.SchedulerImpl] Stopping SonarQube
2021.11.28 00:41:47 INFO  app[][o.s.a.SchedulerImpl] Process[ce] is stopped
2021.11.28 00:41:49 INFO  app[][o.s.a.SchedulerImpl] Process[web] is stopped
2021.11.28 00:41:49 INFO  app[][o.s.a.SchedulerImpl] Process[es] is stopped
2021.11.28 00:41:49 WARN  app[][o.s.a.p.AbstractManagedProcess] Process exited with exit value [es]: 143
2021.11.28 00:41:49 INFO  app[][o.s.a.SchedulerImpl] SonarQube is stopped
2021.11.28 00:43:13 INFO  app[][o.s.a.AppFileSystem] Cleaning or creating temp directory /opt/sonarqube/temp
2021.11.28 00:43:13 INFO  app[][o.s.a.es.EsSettings] Elasticsearch listening on [HTTP: 127.0.0.1:9001, TCP: 127.0.0.1:41667]
2021.11.28 00:43:13 INFO  app[][o.s.a.ProcessLauncherImpl] Launch process[[key='es', ipcIndex=1, logFilenamePrefix=es]] from [/opt/sonarqube/elasticsearch]: /opt/sonarqube/elasticsearch/bin/elasticsearch
2021.11.28 00:43:13 INFO  app[][o.s.a.SchedulerImpl] Waiting for Elasticsearch to be up and running
2021.11.28 00:43:25 INFO  app[][o.s.a.SchedulerImpl] Process[es] is up
2021.11.28 00:43:25 INFO  app[][o.s.a.ProcessLauncherImpl] Launch process[[key='web', ipcIndex=2, logFilenamePrefix=web]] from [/opt/sonarqube]: /opt/java/openjdk/bin/java -Djava.awt.headless=true -Dfile.encoding=UTF-8 -Djava.io.tmpdir=/opt/sonarqube/temp -XX:-OmitStackTraceInFastThrow --add-opens=java.base/java.util=ALL-UNNAMED --add-opens=java.base/java.lang=ALL-UNNAMED --add-opens=java.base/java.io=ALL-UNNAMED --add-opens=java.rmi/sun.rmi.transport=ALL-UNNAMED -Xmx512m -Xms128m -XX:+HeapDumpOnOutOfMemoryError -Dhttp.nonProxyHosts=localhost|127.*|[::1] -cp ./lib/sonar-application-8.9.3.48735.jar:/opt/sonarqube/lib/jdbc/h2/h2-1.4.199.jar org.sonar.server.app.WebServer /opt/sonarqube/temp/sq-process15973049014640310409properties
2021.11.28 00:43:38 INFO  app[][o.s.a.SchedulerImpl] Stopping SonarQube
2021.11.28 00:43:39 INFO  app[][o.s.a.SchedulerImpl] Process[web] is stopped
2021.11.28 00:43:39 WARN  app[][o.s.a.p.AbstractManagedProcess] Process exited with exit value [es]: 143
2021.11.28 00:43:39 INFO  app[][o.s.a.SchedulerImpl] Process[es] is stopped
2021.11.28 00:43:39 INFO  app[][o.s.a.SchedulerImpl] SonarQube is stopped
2021.11.28 00:44:38 INFO  app[][o.s.a.AppFileSystem] Cleaning or creating temp directory /opt/sonarqube/temp
2021.11.28 00:44:38 INFO  app[][o.s.a.es.EsSettings] Elasticsearch listening on [HTTP: 127.0.0.1:9001, TCP: 127.0.0.1:34861]
2021.11.28 00:44:38 INFO  app[][o.s.a.ProcessLauncherImpl] Launch process[[key='es', ipcIndex=1, logFilenamePrefix=es]] from [/opt/sonarqube/elasticsearch]: /opt/sonarqube/elasticsearch/bin/elasticsearch
2021.11.28 00:44:38 INFO  app[][o.s.a.SchedulerImpl] Waiting for Elasticsearch to be up and running
2021.11.28 00:44:47 INFO  app[][o.s.a.SchedulerImpl] Process[es] is up
2021.11.28 00:44:47 INFO  app[][o.s.a.ProcessLauncherImpl] Launch process[[key='web', ipcIndex=2, logFilenamePrefix=web]] from [/opt/sonarqube]: /opt/java/openjdk/bin/java -Djava.awt.headless=true -Dfile.encoding=UTF-8 -Djava.io.tmpdir=/opt/sonarqube/temp -XX:-OmitStackTraceInFastThrow --add-opens=java.base/java.util=ALL-UNNAMED --add-opens=java.base/java.lang=ALL-UNNAMED --add-opens=java.base/java.io=ALL-UNNAMED --add-opens=java.rmi/sun.rmi.transport=ALL-UNNAMED -Xmx512m -Xms128m -XX:+HeapDumpOnOutOfMemoryError -Dhttp.nonProxyHosts=localhost|127.*|[::1] -cp ./lib/sonar-application-8.9.3.48735.jar:/opt/sonarqube/lib/jdbc/h2/h2-1.4.199.jar org.sonar.server.app.WebServer /opt/sonarqube/temp/sq-process8479179319387926040properties
2021.11.28 00:45:03 INFO  app[][o.s.a.SchedulerImpl] Process[web] is up
2021.11.28 00:45:03 INFO  app[][o.s.a.ProcessLauncherImpl] Launch process[[key='ce', ipcIndex=3, logFilenamePrefix=ce]] from [/opt/sonarqube]: /opt/java/openjdk/bin/java -Djava.awt.headless=true -Dfile.encoding=UTF-8 -Djava.io.tmpdir=/opt/sonarqube/temp -XX:-OmitStackTraceInFastThrow --add-opens=java.base/java.util=ALL-UNNAMED -Xmx512m -Xms128m -XX:+HeapDumpOnOutOfMemoryError -Dhttp.nonProxyHosts=localhost|127.*|[::1] -cp ./lib/sonar-application-8.9.3.48735.jar:/opt/sonarqube/lib/jdbc/h2/h2-1.4.199.jar org.sonar.ce.app.CeServer /opt/sonarqube/temp/sq-process15753129151302180545properties
2021.11.28 00:45:06 INFO  app[][o.s.a.SchedulerImpl] Process[ce] is up
2021.11.28 00:45:06 INFO  app[][o.s.a.SchedulerImpl] SonarQube is up
2021.11.28 00:55:29 INFO  app[][o.s.a.SchedulerImpl] Stopping SonarQube
2021.11.28 00:55:29 INFO  app[][o.s.a.SchedulerImpl] Process[ce] is stopped
2021.11.28 00:55:29 INFO  app[][o.s.a.SchedulerImpl] Process[web] is stopped
2021.11.28 00:55:29 INFO  app[][o.s.a.SchedulerImpl] Process[es] is stopped
2021.11.28 00:55:29 WARN  app[][o.s.a.p.AbstractManagedProcess] Process exited with exit value [es]: 143
2021.11.28 00:55:29 INFO  app[][o.s.a.SchedulerImpl] SonarQube is stopped
2021.11.28 00:56:06 INFO  app[][o.s.a.AppFileSystem] Cleaning or creating temp directory /opt/sonarqube/temp
2021.11.28 00:56:06 INFO  app[][o.s.a.es.EsSettings] Elasticsearch listening on [HTTP: 127.0.0.1:9001, TCP: 127.0.0.1:37367]
2021.11.28 00:56:06 INFO  app[][o.s.a.ProcessLauncherImpl] Launch process[[key='es', ipcIndex=1, logFilenamePrefix=es]] from [/opt/sonarqube/elasticsearch]: /opt/sonarqube/elasticsearch/bin/elasticsearch
2021.11.28 00:56:06 INFO  app[][o.s.a.SchedulerImpl] Waiting for Elasticsearch to be up and running
2021.11.28 00:56:17 INFO  app[][o.s.a.SchedulerImpl] Process[es] is up
2021.11.28 00:56:17 INFO  app[][o.s.a.ProcessLauncherImpl] Launch process[[key='web', ipcIndex=2, logFilenamePrefix=web]] from [/opt/sonarqube]: /opt/java/openjdk/bin/java -Djava.awt.headless=true -Dfile.encoding=UTF-8 -Djava.io.tmpdir=/opt/sonarqube/temp -XX:-OmitStackTraceInFastThrow --add-opens=java.base/java.util=ALL-UNNAMED --add-opens=java.base/java.lang=ALL-UNNAMED --add-opens=java.base/java.io=ALL-UNNAMED --add-opens=java.rmi/sun.rmi.transport=ALL-UNNAMED -Xmx512m -Xms128m -XX:+HeapDumpOnOutOfMemoryError -Dhttp.nonProxyHosts=localhost|127.*|[::1] -cp ./lib/sonar-application-8.9.3.48735.jar:/opt/sonarqube/lib/jdbc/h2/h2-1.4.199.jar org.sonar.server.app.WebServer /opt/sonarqube/temp/sq-process14089693702739653769properties
2021.11.28 00:56:31 INFO  app[][o.s.a.SchedulerImpl] Stopping SonarQube
2021.11.28 00:56:32 INFO  app[][o.s.a.SchedulerImpl] Process[web] is up
2021.11.28 00:56:32 INFO  app[][o.s.a.SchedulerImpl] Process[web] is stopped
2021.11.28 00:56:32 WARN  app[][o.s.a.p.AbstractManagedProcess] Process exited with exit value [es]: 143
2021.11.28 00:56:32 INFO  app[][o.s.a.SchedulerImpl] Process[es] is stopped
2021.11.28 00:56:32 INFO  app[][o.s.a.SchedulerImpl] SonarQube is stopped
2021.11.28 00:57:27 INFO  app[][o.s.a.AppFileSystem] Cleaning or creating temp directory /opt/sonarqube/temp
2021.11.28 00:57:27 INFO  app[][o.s.a.es.EsSettings] Elasticsearch listening on [HTTP: 127.0.0.1:9001, TCP: 127.0.0.1:40125]
2021.11.28 00:57:27 INFO  app[][o.s.a.ProcessLauncherImpl] Launch process[[key='es', ipcIndex=1, logFilenamePrefix=es]] from [/opt/sonarqube/elasticsearch]: /opt/sonarqube/elasticsearch/bin/elasticsearch
2021.11.28 00:57:27 INFO  app[][o.s.a.SchedulerImpl] Waiting for Elasticsearch to be up and running
2021.11.28 00:57:38 INFO  app[][o.s.a.SchedulerImpl] Process[es] is up
2021.11.28 00:57:38 INFO  app[][o.s.a.ProcessLauncherImpl] Launch process[[key='web', ipcIndex=2, logFilenamePrefix=web]] from [/opt/sonarqube]: /opt/java/openjdk/bin/java -Djava.awt.headless=true -Dfile.encoding=UTF-8 -Djava.io.tmpdir=/opt/sonarqube/temp -XX:-OmitStackTraceInFastThrow --add-opens=java.base/java.util=ALL-UNNAMED --add-opens=java.base/java.lang=ALL-UNNAMED --add-opens=java.base/java.io=ALL-UNNAMED --add-opens=java.rmi/sun.rmi.transport=ALL-UNNAMED -Xmx512m -Xms128m -XX:+HeapDumpOnOutOfMemoryError -Dhttp.nonProxyHosts=localhost|127.*|[::1] -cp ./lib/sonar-application-8.9.3.48735.jar:/opt/sonarqube/lib/jdbc/h2/h2-1.4.199.jar org.sonar.server.app.WebServer /opt/sonarqube/temp/sq-process17193350670636442574properties
2021.11.28 00:57:52 INFO  app[][o.s.a.SchedulerImpl] Process[web] is up
2021.11.28 00:57:52 INFO  app[][o.s.a.ProcessLauncherImpl] Launch process[[key='ce', ipcIndex=3, logFilenamePrefix=ce]] from [/opt/sonarqube]: /opt/java/openjdk/bin/java -Djava.awt.headless=true -Dfile.encoding=UTF-8 -Djava.io.tmpdir=/opt/sonarqube/temp -XX:-OmitStackTraceInFastThrow --add-opens=java.base/java.util=ALL-UNNAMED -Xmx512m -Xms128m -XX:+HeapDumpOnOutOfMemoryError -Dhttp.nonProxyHosts=localhost|127.*|[::1] -cp ./lib/sonar-application-8.9.3.48735.jar:/opt/sonarqube/lib/jdbc/h2/h2-1.4.199.jar org.sonar.ce.app.CeServer /opt/sonarqube/temp/sq-process13758625182511247308properties
2021.11.28 00:57:55 INFO  app[][o.s.a.SchedulerImpl] Process[ce] is up
2021.11.28 00:57:55 INFO  app[][o.s.a.SchedulerImpl] SonarQube is up
2021.11.28 00:58:58 INFO  app[][o.s.a.SchedulerImpl] Stopping SonarQube
2021.11.28 00:58:58 INFO  app[][o.s.a.SchedulerImpl] Process[ce] is stopped
2021.11.28 00:58:59 INFO  app[][o.s.a.SchedulerImpl] Process[web] is stopped
2021.11.28 00:58:59 WARN  app[][o.s.a.p.AbstractManagedProcess] Process exited with exit value [es]: 143
2021.11.28 00:58:59 INFO  app[][o.s.a.SchedulerImpl] Process[es] is stopped
2021.11.28 00:58:59 INFO  app[][o.s.a.SchedulerImpl] SonarQube is stopped
2021.11.28 00:59:44 INFO  app[][o.s.a.AppFileSystem] Cleaning or creating temp directory /opt/sonarqube/temp
2021.11.28 00:59:44 INFO  app[][o.s.a.es.EsSettings] Elasticsearch listening on [HTTP: 127.0.0.1:9001, TCP: 127.0.0.1:42243]
2021.11.28 00:59:44 INFO  app[][o.s.a.ProcessLauncherImpl] Launch process[[key='es', ipcIndex=1, logFilenamePrefix=es]] from [/opt/sonarqube/elasticsearch]: /opt/sonarqube/elasticsearch/bin/elasticsearch
2021.11.28 00:59:44 INFO  app[][o.s.a.SchedulerImpl] Waiting for Elasticsearch to be up and running
2021.11.28 00:59:55 INFO  app[][o.s.a.SchedulerImpl] Process[es] is up
2021.11.28 00:59:55 INFO  app[][o.s.a.ProcessLauncherImpl] Launch process[[key='web', ipcIndex=2, logFilenamePrefix=web]] from [/opt/sonarqube]: /opt/java/openjdk/bin/java -Djava.awt.headless=true -Dfile.encoding=UTF-8 -Djava.io.tmpdir=/opt/sonarqube/temp -XX:-OmitStackTraceInFastThrow --add-opens=java.base/java.util=ALL-UNNAMED --add-opens=java.base/java.lang=ALL-UNNAMED --add-opens=java.base/java.io=ALL-UNNAMED --add-opens=java.rmi/sun.rmi.transport=ALL-UNNAMED -Xmx512m -Xms128m -XX:+HeapDumpOnOutOfMemoryError -Dhttp.nonProxyHosts=localhost|127.*|[::1] -cp ./lib/sonar-application-8.9.3.48735.jar:/opt/sonarqube/lib/jdbc/h2/h2-1.4.199.jar org.sonar.server.app.WebServer /opt/sonarqube/temp/sq-process18198856356317110854properties
2021.11.28 01:00:10 INFO  app[][o.s.a.SchedulerImpl] Process[web] is up
2021.11.28 01:00:10 INFO  app[][o.s.a.ProcessLauncherImpl] Launch process[[key='ce', ipcIndex=3, logFilenamePrefix=ce]] from [/opt/sonarqube]: /opt/java/openjdk/bin/java -Djava.awt.headless=true -Dfile.encoding=UTF-8 -Djava.io.tmpdir=/opt/sonarqube/temp -XX:-OmitStackTraceInFastThrow --add-opens=java.base/java.util=ALL-UNNAMED -Xmx512m -Xms128m -XX:+HeapDumpOnOutOfMemoryError -Dhttp.nonProxyHosts=localhost|127.*|[::1] -cp ./lib/sonar-application-8.9.3.48735.jar:/opt/sonarqube/lib/jdbc/h2/h2-1.4.199.jar org.sonar.ce.app.CeServer /opt/sonarqube/temp/sq-process1461767784647685117properties
2021.11.28 01:00:13 INFO  app[][o.s.a.SchedulerImpl] Process[ce] is up
2021.11.28 01:00:13 INFO  app[][o.s.a.SchedulerImpl] SonarQube is up
2021.11.28 01:03:28 INFO  app[][o.s.a.SchedulerImpl] Stopping SonarQube
2021.11.28 01:03:28 INFO  app[][o.s.a.SchedulerImpl] Process[ce] is stopped
2021.11.28 01:03:29 INFO  app[][o.s.a.SchedulerImpl] Process[web] is stopped
2021.11.28 01:03:29 INFO  app[][o.s.a.SchedulerImpl] Process[es] is stopped
2021.11.28 01:03:29 WARN  app[][o.s.a.p.AbstractManagedProcess] Process exited with exit value [es]: 143
2021.11.28 01:03:29 INFO  app[][o.s.a.SchedulerImpl] SonarQube is stopped
2021.11.28 01:03:42 INFO  app[][o.s.a.AppFileSystem] Cleaning or creating temp directory /opt/sonarqube/temp
2021.11.28 01:03:42 INFO  app[][o.s.a.es.EsSettings] Elasticsearch listening on [HTTP: 127.0.0.1:9001, TCP: 127.0.0.1:46095]
2021.11.28 01:03:42 INFO  app[][o.s.a.ProcessLauncherImpl] Launch process[[key='es', ipcIndex=1, logFilenamePrefix=es]] from [/opt/sonarqube/elasticsearch]: /opt/sonarqube/elasticsearch/bin/elasticsearch
2021.11.28 01:03:42 INFO  app[][o.s.a.SchedulerImpl] Waiting for Elasticsearch to be up and running
2021.11.28 01:03:55 INFO  app[][o.s.a.SchedulerImpl] Process[es] is up
2021.11.28 01:03:55 INFO  app[][o.s.a.ProcessLauncherImpl] Launch process[[key='web', ipcIndex=2, logFilenamePrefix=web]] from [/opt/sonarqube]: /opt/java/openjdk/bin/java -Djava.awt.headless=true -Dfile.encoding=UTF-8 -Djava.io.tmpdir=/opt/sonarqube/temp -XX:-OmitStackTraceInFastThrow --add-opens=java.base/java.util=ALL-UNNAMED --add-opens=java.base/java.lang=ALL-UNNAMED --add-opens=java.base/java.io=ALL-UNNAMED --add-opens=java.rmi/sun.rmi.transport=ALL-UNNAMED -Xmx512m -Xms128m -XX:+HeapDumpOnOutOfMemoryError -Dhttp.nonProxyHosts=localhost|127.*|[::1] -cp ./lib/sonar-application-8.9.3.48735.jar:/opt/sonarqube/lib/jdbc/h2/h2-1.4.199.jar org.sonar.server.app.WebServer /opt/sonarqube/temp/sq-process2654102111316137986properties
2021.11.28 01:04:09 INFO  app[][o.s.a.SchedulerImpl] Process[web] is up
2021.11.28 01:04:09 INFO  app[][o.s.a.ProcessLauncherImpl] Launch process[[key='ce', ipcIndex=3, logFilenamePrefix=ce]] from [/opt/sonarqube]: /opt/java/openjdk/bin/java -Djava.awt.headless=true -Dfile.encoding=UTF-8 -Djava.io.tmpdir=/opt/sonarqube/temp -XX:-OmitStackTraceInFastThrow --add-opens=java.base/java.util=ALL-UNNAMED -Xmx512m -Xms128m -XX:+HeapDumpOnOutOfMemoryError -Dhttp.nonProxyHosts=localhost|127.*|[::1] -cp ./lib/sonar-application-8.9.3.48735.jar:/opt/sonarqube/lib/jdbc/h2/h2-1.4.199.jar org.sonar.ce.app.CeServer /opt/sonarqube/temp/sq-process15877756177644495693properties
2021.11.28 01:04:12 INFO  app[][o.s.a.SchedulerImpl] Process[ce] is up
2021.11.28 01:04:12 INFO  app[][o.s.a.SchedulerImpl] SonarQube is up
2021.11.28 01:04:44 INFO  app[][o.s.a.SchedulerImpl] Stopping SonarQube
2021.11.28 01:04:44 INFO  app[][o.s.a.SchedulerImpl] Process[ce] is stopped
2021.11.28 01:04:45 INFO  app[][o.s.a.SchedulerImpl] Process[web] is stopped
2021.11.28 01:04:45 WARN  app[][o.s.a.p.AbstractManagedProcess] Process exited with exit value [es]: 143
2021.11.28 01:04:45 INFO  app[][o.s.a.SchedulerImpl] Process[es] is stopped
2021.11.28 01:04:45 INFO  app[][o.s.a.SchedulerImpl] SonarQube is stopped
2021.11.28 01:04:58 INFO  app[][o.s.a.AppFileSystem] Cleaning or creating temp directory /opt/sonarqube/temp
2021.11.28 01:04:58 INFO  app[][o.s.a.es.EsSettings] Elasticsearch listening on [HTTP: 127.0.0.1:9001, TCP: 127.0.0.1:41165]
2021.11.28 01:04:58 INFO  app[][o.s.a.ProcessLauncherImpl] Launch process[[key='es', ipcIndex=1, logFilenamePrefix=es]] from [/opt/sonarqube/elasticsearch]: /opt/sonarqube/elasticsearch/bin/elasticsearch
2021.11.28 01:04:58 INFO  app[][o.s.a.SchedulerImpl] Waiting for Elasticsearch to be up and running
2021.11.28 01:05:10 INFO  app[][o.s.a.SchedulerImpl] Process[es] is up
2021.11.28 01:05:10 INFO  app[][o.s.a.ProcessLauncherImpl] Launch process[[key='web', ipcIndex=2, logFilenamePrefix=web]] from [/opt/sonarqube]: /opt/java/openjdk/bin/java -Djava.awt.headless=true -Dfile.encoding=UTF-8 -Djava.io.tmpdir=/opt/sonarqube/temp -XX:-OmitStackTraceInFastThrow --add-opens=java.base/java.util=ALL-UNNAMED --add-opens=java.base/java.lang=ALL-UNNAMED --add-opens=java.base/java.io=ALL-UNNAMED --add-opens=java.rmi/sun.rmi.transport=ALL-UNNAMED -Xmx512m -Xms128m -XX:+HeapDumpOnOutOfMemoryError -Dhttp.nonProxyHosts=localhost|127.*|[::1] -cp ./lib/sonar-application-8.9.3.48735.jar:/opt/sonarqube/lib/jdbc/h2/h2-1.4.199.jar org.sonar.server.app.WebServer /opt/sonarqube/temp/sq-process542351150535102748properties
2021.11.28 01:05:24 INFO  app[][o.s.a.SchedulerImpl] Process[web] is up
2021.11.28 01:05:24 INFO  app[][o.s.a.ProcessLauncherImpl] Launch process[[key='ce', ipcIndex=3, logFilenamePrefix=ce]] from [/opt/sonarqube]: /opt/java/openjdk/bin/java -Djava.awt.headless=true -Dfile.encoding=UTF-8 -Djava.io.tmpdir=/opt/sonarqube/temp -XX:-OmitStackTraceInFastThrow --add-opens=java.base/java.util=ALL-UNNAMED -Xmx512m -Xms128m -XX:+HeapDumpOnOutOfMemoryError -Dhttp.nonProxyHosts=localhost|127.*|[::1] -cp ./lib/sonar-application-8.9.3.48735.jar:/opt/sonarqube/lib/jdbc/h2/h2-1.4.199.jar org.sonar.ce.app.CeServer /opt/sonarqube/temp/sq-process11821252365575696196properties
2021.11.28 01:05:27 INFO  app[][o.s.a.SchedulerImpl] Process[ce] is up
2021.11.28 01:05:27 INFO  app[][o.s.a.SchedulerImpl] SonarQube is up
2021.11.28 01:06:06 INFO  app[][o.s.a.SchedulerImpl] Stopping SonarQube
2021.11.28 01:06:06 INFO  app[][o.s.a.SchedulerImpl] Process[ce] is stopped
2021.11.28 01:06:07 INFO  app[][o.s.a.SchedulerImpl] Process[web] is stopped
2021.11.28 01:06:07 INFO  app[][o.s.a.SchedulerImpl] Process[es] is stopped
2021.11.28 01:06:07 WARN  app[][o.s.a.p.AbstractManagedProcess] Process exited with exit value [es]: 143
2021.11.28 01:06:07 INFO  app[][o.s.a.SchedulerImpl] SonarQube is stopped
2021.11.28 01:06:22 INFO  app[][o.s.a.AppFileSystem] Cleaning or creating temp directory /opt/sonarqube/temp
2021.11.28 01:06:22 INFO  app[][o.s.a.es.EsSettings] Elasticsearch listening on [HTTP: 127.0.0.1:9001, TCP: 127.0.0.1:44187]
2021.11.28 01:06:22 INFO  app[][o.s.a.ProcessLauncherImpl] Launch process[[key='es', ipcIndex=1, logFilenamePrefix=es]] from [/opt/sonarqube/elasticsearch]: /opt/sonarqube/elasticsearch/bin/elasticsearch
2021.11.28 01:06:22 INFO  app[][o.s.a.SchedulerImpl] Waiting for Elasticsearch to be up and running
2021.11.28 01:06:33 INFO  app[][o.s.a.SchedulerImpl] Process[es] is up
2021.11.28 01:06:33 INFO  app[][o.s.a.ProcessLauncherImpl] Launch process[[key='web', ipcIndex=2, logFilenamePrefix=web]] from [/opt/sonarqube]: /opt/java/openjdk/bin/java -Djava.awt.headless=true -Dfile.encoding=UTF-8 -Djava.io.tmpdir=/opt/sonarqube/temp -XX:-OmitStackTraceInFastThrow --add-opens=java.base/java.util=ALL-UNNAMED --add-opens=java.base/java.lang=ALL-UNNAMED --add-opens=java.base/java.io=ALL-UNNAMED --add-opens=java.rmi/sun.rmi.transport=ALL-UNNAMED -Xmx512m -Xms128m -XX:+HeapDumpOnOutOfMemoryError -Dhttp.nonProxyHosts=localhost|127.*|[::1] -cp ./lib/sonar-application-8.9.3.48735.jar:/opt/sonarqube/lib/jdbc/h2/h2-1.4.199.jar org.sonar.server.app.WebServer /opt/sonarqube/temp/sq-process13677679810136966020properties
2021.11.28 01:06:49 INFO  app[][o.s.a.SchedulerImpl] Process[web] is up
2021.11.28 01:06:49 INFO  app[][o.s.a.ProcessLauncherImpl] Launch process[[key='ce', ipcIndex=3, logFilenamePrefix=ce]] from [/opt/sonarqube]: /opt/java/openjdk/bin/java -Djava.awt.headless=true -Dfile.encoding=UTF-8 -Djava.io.tmpdir=/opt/sonarqube/temp -XX:-OmitStackTraceInFastThrow --add-opens=java.base/java.util=ALL-UNNAMED -Xmx512m -Xms128m -XX:+HeapDumpOnOutOfMemoryError -Dhttp.nonProxyHosts=localhost|127.*|[::1] -cp ./lib/sonar-application-8.9.3.48735.jar:/opt/sonarqube/lib/jdbc/h2/h2-1.4.199.jar org.sonar.ce.app.CeServer /opt/sonarqube/temp/sq-process17530495115076525340properties
2021.11.28 01:06:53 INFO  app[][o.s.a.SchedulerImpl] Process[ce] is up
2021.11.28 01:06:53 INFO  app[][o.s.a.SchedulerImpl] SonarQube is up
2021.11.28 01:09:24 INFO  app[][o.s.a.SchedulerImpl] Stopping SonarQube
2021.11.28 01:09:24 INFO  app[][o.s.a.SchedulerImpl] Process[ce] is stopped
2021.11.28 01:09:25 INFO  app[][o.s.a.SchedulerImpl] Process[web] is stopped
2021.11.28 01:09:25 WARN  app[][o.s.a.p.AbstractManagedProcess] Process exited with exit value [es]: 143
2021.11.28 01:09:25 INFO  app[][o.s.a.SchedulerImpl] Process[es] is stopped
2021.11.28 01:09:25 INFO  app[][o.s.a.SchedulerImpl] SonarQube is stopped
2021.11.28 01:09:38 INFO  app[][o.s.a.AppFileSystem] Cleaning or creating temp directory /opt/sonarqube/temp
2021.11.28 01:09:38 INFO  app[][o.s.a.es.EsSettings] Elasticsearch listening on [HTTP: 127.0.0.1:9001, TCP: 127.0.0.1:33859]
2021.11.28 01:09:39 INFO  app[][o.s.a.ProcessLauncherImpl] Launch process[[key='es', ipcIndex=1, logFilenamePrefix=es]] from [/opt/sonarqube/elasticsearch]: /opt/sonarqube/elasticsearch/bin/elasticsearch
2021.11.28 01:09:39 INFO  app[][o.s.a.SchedulerImpl] Waiting for Elasticsearch to be up and running
2021.11.28 01:09:50 INFO  app[][o.s.a.SchedulerImpl] Process[es] is up
2021.11.28 01:09:50 INFO  app[][o.s.a.ProcessLauncherImpl] Launch process[[key='web', ipcIndex=2, logFilenamePrefix=web]] from [/opt/sonarqube]: /opt/java/openjdk/bin/java -Djava.awt.headless=true -Dfile.encoding=UTF-8 -Djava.io.tmpdir=/opt/sonarqube/temp -XX:-OmitStackTraceInFastThrow --add-opens=java.base/java.util=ALL-UNNAMED --add-opens=java.base/java.lang=ALL-UNNAMED --add-opens=java.base/java.io=ALL-UNNAMED --add-opens=java.rmi/sun.rmi.transport=ALL-UNNAMED -Xmx512m -Xms128m -XX:+HeapDumpOnOutOfMemoryError -Dhttp.nonProxyHosts=localhost|127.*|[::1] -cp ./lib/sonar-application-8.9.3.48735.jar:/opt/sonarqube/lib/jdbc/h2/h2-1.4.199.jar org.sonar.server.app.WebServer /opt/sonarqube/temp/sq-process4338485825772662273properties
2021.11.28 01:10:05 INFO  app[][o.s.a.SchedulerImpl] Process[web] is up
2021.11.28 01:10:05 INFO  app[][o.s.a.ProcessLauncherImpl] Launch process[[key='ce', ipcIndex=3, logFilenamePrefix=ce]] from [/opt/sonarqube]: /opt/java/openjdk/bin/java -Djava.awt.headless=true -Dfile.encoding=UTF-8 -Djava.io.tmpdir=/opt/sonarqube/temp -XX:-OmitStackTraceInFastThrow --add-opens=java.base/java.util=ALL-UNNAMED -Xmx512m -Xms128m -XX:+HeapDumpOnOutOfMemoryError -Dhttp.nonProxyHosts=localhost|127.*|[::1] -cp ./lib/sonar-application-8.9.3.48735.jar:/opt/sonarqube/lib/jdbc/h2/h2-1.4.199.jar org.sonar.ce.app.CeServer /opt/sonarqube/temp/sq-process7355988062964080377properties
2021.11.28 01:10:08 INFO  app[][o.s.a.SchedulerImpl] Process[ce] is up
2021.11.28 01:10:08 INFO  app[][o.s.a.SchedulerImpl] SonarQube is up
2021.11.28 01:10:17 INFO  app[][o.s.a.SchedulerImpl] Stopping SonarQube
2021.11.28 01:10:17 INFO  app[][o.s.a.SchedulerImpl] Process[ce] is stopped
2021.11.28 01:10:18 INFO  app[][o.s.a.SchedulerImpl] Process[web] is stopped
2021.11.28 01:10:18 INFO  app[][o.s.a.SchedulerImpl] Process[es] is stopped
2021.11.28 01:10:18 WARN  app[][o.s.a.p.AbstractManagedProcess] Process exited with exit value [es]: 143
2021.11.28 01:10:18 INFO  app[][o.s.a.SchedulerImpl] SonarQube is stopped
2021.11.28 01:10:47 INFO  app[][o.s.a.AppFileSystem] Cleaning or creating temp directory /opt/sonarqube/temp
2021.11.28 01:10:47 INFO  app[][o.s.a.es.EsSettings] Elasticsearch listening on [HTTP: 127.0.0.1:9001, TCP: 127.0.0.1:39383]
2021.11.28 01:10:47 INFO  app[][o.s.a.ProcessLauncherImpl] Launch process[[key='es', ipcIndex=1, logFilenamePrefix=es]] from [/opt/sonarqube/elasticsearch]: /opt/sonarqube/elasticsearch/bin/elasticsearch
2021.11.28 01:10:47 INFO  app[][o.s.a.SchedulerImpl] Waiting for Elasticsearch to be up and running
2021.11.28 01:10:59 INFO  app[][o.s.a.SchedulerImpl] Process[es] is up
2021.11.28 01:10:59 INFO  app[][o.s.a.ProcessLauncherImpl] Launch process[[key='web', ipcIndex=2, logFilenamePrefix=web]] from [/opt/sonarqube]: /opt/java/openjdk/bin/java -Djava.awt.headless=true -Dfile.encoding=UTF-8 -Djava.io.tmpdir=/opt/sonarqube/temp -XX:-OmitStackTraceInFastThrow --add-opens=java.base/java.util=ALL-UNNAMED --add-opens=java.base/java.lang=ALL-UNNAMED --add-opens=java.base/java.io=ALL-UNNAMED --add-opens=java.rmi/sun.rmi.transport=ALL-UNNAMED -Xmx512m -Xms128m -XX:+HeapDumpOnOutOfMemoryError -Dhttp.nonProxyHosts=localhost|127.*|[::1] -cp ./lib/sonar-application-8.9.3.48735.jar:/opt/sonarqube/lib/jdbc/h2/h2-1.4.199.jar org.sonar.server.app.WebServer /opt/sonarqube/temp/sq-process14112386894593370973properties
2021.11.28 01:11:14 INFO  app[][o.s.a.SchedulerImpl] Process[web] is up
2021.11.28 01:11:14 INFO  app[][o.s.a.ProcessLauncherImpl] Launch process[[key='ce', ipcIndex=3, logFilenamePrefix=ce]] from [/opt/sonarqube]: /opt/java/openjdk/bin/java -Djava.awt.headless=true -Dfile.encoding=UTF-8 -Djava.io.tmpdir=/opt/sonarqube/temp -XX:-OmitStackTraceInFastThrow --add-opens=java.base/java.util=ALL-UNNAMED -Xmx512m -Xms128m -XX:+HeapDumpOnOutOfMemoryError -Dhttp.nonProxyHosts=localhost|127.*|[::1] -cp ./lib/sonar-application-8.9.3.48735.jar:/opt/sonarqube/lib/jdbc/h2/h2-1.4.199.jar org.sonar.ce.app.CeServer /opt/sonarqube/temp/sq-process15434789173206834485properties
2021.11.28 01:11:18 INFO  app[][o.s.a.SchedulerImpl] Process[ce] is up
2021.11.28 01:11:18 INFO  app[][o.s.a.SchedulerImpl] SonarQube is up
2021.11.28 01:11:22 INFO  app[][o.s.a.SchedulerImpl] Stopping SonarQube
2021.11.28 01:11:22 INFO  app[][o.s.a.SchedulerImpl] Process[ce] is stopped
2021.11.28 01:11:22 INFO  app[][o.s.a.SchedulerImpl] Process[web] is stopped
2021.11.28 01:11:22 INFO  app[][o.s.a.SchedulerImpl] Process[es] is stopped
2021.11.28 01:11:22 WARN  app[][o.s.a.p.AbstractManagedProcess] Process exited with exit value [es]: 143
2021.11.28 01:11:22 INFO  app[][o.s.a.SchedulerImpl] SonarQube is stopped
2021.11.28 01:11:29 INFO  app[][o.s.a.AppFileSystem] Cleaning or creating temp directory /opt/sonarqube/temp
2021.11.28 01:11:29 INFO  app[][o.s.a.es.EsSettings] Elasticsearch listening on [HTTP: 127.0.0.1:9001, TCP: 127.0.0.1:41023]
2021.11.28 01:11:29 INFO  app[][o.s.a.ProcessLauncherImpl] Launch process[[key='es', ipcIndex=1, logFilenamePrefix=es]] from [/opt/sonarqube/elasticsearch]: /opt/sonarqube/elasticsearch/bin/elasticsearch
2021.11.28 01:11:29 INFO  app[][o.s.a.SchedulerImpl] Waiting for Elasticsearch to be up and running
2021.11.28 01:11:43 INFO  app[][o.s.a.SchedulerImpl] Process[es] is up
2021.11.28 01:11:43 INFO  app[][o.s.a.ProcessLauncherImpl] Launch process[[key='web', ipcIndex=2, logFilenamePrefix=web]] from [/opt/sonarqube]: /opt/java/openjdk/bin/java -Djava.awt.headless=true -Dfile.encoding=UTF-8 -Djava.io.tmpdir=/opt/sonarqube/temp -XX:-OmitStackTraceInFastThrow --add-opens=java.base/java.util=ALL-UNNAMED --add-opens=java.base/java.lang=ALL-UNNAMED --add-opens=java.base/java.io=ALL-UNNAMED --add-opens=java.rmi/sun.rmi.transport=ALL-UNNAMED -Xmx512m -Xms128m -XX:+HeapDumpOnOutOfMemoryError -Dhttp.nonProxyHosts=localhost|127.*|[::1] -cp ./lib/sonar-application-8.9.3.48735.jar:/opt/sonarqube/lib/jdbc/h2/h2-1.4.199.jar org.sonar.server.app.WebServer /opt/sonarqube/temp/sq-process6415573709077824652properties
2021.11.28 01:12:00 INFO  app[][o.s.a.SchedulerImpl] Process[web] is up
2021.11.28 01:12:00 INFO  app[][o.s.a.ProcessLauncherImpl] Launch process[[key='ce', ipcIndex=3, logFilenamePrefix=ce]] from [/opt/sonarqube]: /opt/java/openjdk/bin/java -Djava.awt.headless=true -Dfile.encoding=UTF-8 -Djava.io.tmpdir=/opt/sonarqube/temp -XX:-OmitStackTraceInFastThrow --add-opens=java.base/java.util=ALL-UNNAMED -Xmx512m -Xms128m -XX:+HeapDumpOnOutOfMemoryError -Dhttp.nonProxyHosts=localhost|127.*|[::1] -cp ./lib/sonar-application-8.9.3.48735.jar:/opt/sonarqube/lib/jdbc/h2/h2-1.4.199.jar org.sonar.ce.app.CeServer /opt/sonarqube/temp/sq-process3341855782676500572properties
2021.11.28 01:12:04 INFO  app[][o.s.a.SchedulerImpl] Process[ce] is up
2021.11.28 01:12:04 INFO  app[][o.s.a.SchedulerImpl] SonarQube is up
2021.11.28 01:12:21 INFO  app[][o.s.a.SchedulerImpl] Stopping SonarQube
2021.11.28 01:12:21 INFO  app[][o.s.a.SchedulerImpl] Process[ce] is stopped
2021.11.28 01:12:22 INFO  app[][o.s.a.SchedulerImpl] Process[web] is stopped
2021.11.28 01:12:22 WARN  app[][o.s.a.p.AbstractManagedProcess] Process exited with exit value [es]: 143
2021.11.28 01:12:22 INFO  app[][o.s.a.SchedulerImpl] Process[es] is stopped
2021.11.28 01:12:22 INFO  app[][o.s.a.SchedulerImpl] SonarQube is stopped
2021.11.28 01:12:40 INFO  app[][o.s.a.AppFileSystem] Cleaning or creating temp directory /opt/sonarqube/temp
2021.11.28 01:12:40 INFO  app[][o.s.a.es.EsSettings] Elasticsearch listening on [HTTP: 127.0.0.1:9001, TCP: 127.0.0.1:38117]
2021.11.28 01:12:40 INFO  app[][o.s.a.ProcessLauncherImpl] Launch process[[key='es', ipcIndex=1, logFilenamePrefix=es]] from [/opt/sonarqube/elasticsearch]: /opt/sonarqube/elasticsearch/bin/elasticsearch
2021.11.28 01:12:40 INFO  app[][o.s.a.SchedulerImpl] Waiting for Elasticsearch to be up and running
2021.11.28 01:12:52 INFO  app[][o.s.a.SchedulerImpl] Process[es] is up
2021.11.28 01:12:52 INFO  app[][o.s.a.ProcessLauncherImpl] Launch process[[key='web', ipcIndex=2, logFilenamePrefix=web]] from [/opt/sonarqube]: /opt/java/openjdk/bin/java -Djava.awt.headless=true -Dfile.encoding=UTF-8 -Djava.io.tmpdir=/opt/sonarqube/temp -XX:-OmitStackTraceInFastThrow --add-opens=java.base/java.util=ALL-UNNAMED --add-opens=java.base/java.lang=ALL-UNNAMED --add-opens=java.base/java.io=ALL-UNNAMED --add-opens=java.rmi/sun.rmi.transport=ALL-UNNAMED -Xmx512m -Xms128m -XX:+HeapDumpOnOutOfMemoryError -Dhttp.nonProxyHosts=localhost|127.*|[::1] -cp ./lib/sonar-application-8.9.3.48735.jar:/opt/sonarqube/lib/jdbc/h2/h2-1.4.199.jar org.sonar.server.app.WebServer /opt/sonarqube/temp/sq-process2317846292879643222properties
2021.11.28 01:13:11 INFO  app[][o.s.a.SchedulerImpl] Process[web] is up
2021.11.28 01:13:11 INFO  app[][o.s.a.ProcessLauncherImpl] Launch process[[key='ce', ipcIndex=3, logFilenamePrefix=ce]] from [/opt/sonarqube]: /opt/java/openjdk/bin/java -Djava.awt.headless=true -Dfile.encoding=UTF-8 -Djava.io.tmpdir=/opt/sonarqube/temp -XX:-OmitStackTraceInFastThrow --add-opens=java.base/java.util=ALL-UNNAMED -Xmx512m -Xms128m -XX:+HeapDumpOnOutOfMemoryError -Dhttp.nonProxyHosts=localhost|127.*|[::1] -cp ./lib/sonar-application-8.9.3.48735.jar:/opt/sonarqube/lib/jdbc/h2/h2-1.4.199.jar org.sonar.ce.app.CeServer /opt/sonarqube/temp/sq-process4032575124759549552properties
2021.11.28 01:13:15 INFO  app[][o.s.a.SchedulerImpl] Process[ce] is up
2021.11.28 01:13:15 INFO  app[][o.s.a.SchedulerImpl] SonarQube is up
2021.11.28 01:13:35 INFO  app[][o.s.a.SchedulerImpl] Stopping SonarQube
2021.11.28 01:13:35 INFO  app[][o.s.a.SchedulerImpl] Process[ce] is stopped
2021.11.28 01:13:36 INFO  app[][o.s.a.SchedulerImpl] Process[web] is stopped
2021.11.28 01:13:36 INFO  app[][o.s.a.SchedulerImpl] Process[es] is stopped
2021.11.28 01:13:36 WARN  app[][o.s.a.p.AbstractManagedProcess] Process exited with exit value [es]: 143
2021.11.28 01:13:36 INFO  app[][o.s.a.SchedulerImpl] SonarQube is stopped
2021.11.28 01:15:08 INFO  app[][o.s.a.AppFileSystem] Cleaning or creating temp directory /opt/sonarqube/temp
2021.11.28 01:15:08 INFO  app[][o.s.a.es.EsSettings] Elasticsearch listening on [HTTP: 127.0.0.1:9001, TCP: 127.0.0.1:39643]
2021.11.28 01:15:08 INFO  app[][o.s.a.ProcessLauncherImpl] Launch process[[key='es', ipcIndex=1, logFilenamePrefix=es]] from [/opt/sonarqube/elasticsearch]: /opt/sonarqube/elasticsearch/bin/elasticsearch
2021.11.28 01:15:08 INFO  app[][o.s.a.SchedulerImpl] Waiting for Elasticsearch to be up and running
2021.11.28 01:15:19 INFO  app[][o.s.a.SchedulerImpl] Process[es] is up
2021.11.28 01:15:19 INFO  app[][o.s.a.ProcessLauncherImpl] Launch process[[key='web', ipcIndex=2, logFilenamePrefix=web]] from [/opt/sonarqube]: /opt/java/openjdk/bin/java -Djava.awt.headless=true -Dfile.encoding=UTF-8 -Djava.io.tmpdir=/opt/sonarqube/temp -XX:-OmitStackTraceInFastThrow --add-opens=java.base/java.util=ALL-UNNAMED --add-opens=java.base/java.lang=ALL-UNNAMED --add-opens=java.base/java.io=ALL-UNNAMED --add-opens=java.rmi/sun.rmi.transport=ALL-UNNAMED -Xmx512m -Xms128m -XX:+HeapDumpOnOutOfMemoryError -Dhttp.nonProxyHosts=localhost|127.*|[::1] -cp ./lib/sonar-application-8.9.3.48735.jar:/opt/sonarqube/lib/jdbc/h2/h2-1.4.199.jar org.sonar.server.app.WebServer /opt/sonarqube/temp/sq-process2944682789109946341properties
2021.11.28 01:15:35 INFO  app[][o.s.a.SchedulerImpl] Process[web] is up
2021.11.28 01:15:35 INFO  app[][o.s.a.ProcessLauncherImpl] Launch process[[key='ce', ipcIndex=3, logFilenamePrefix=ce]] from [/opt/sonarqube]: /opt/java/openjdk/bin/java -Djava.awt.headless=true -Dfile.encoding=UTF-8 -Djava.io.tmpdir=/opt/sonarqube/temp -XX:-OmitStackTraceInFastThrow --add-opens=java.base/java.util=ALL-UNNAMED -Xmx512m -Xms128m -XX:+HeapDumpOnOutOfMemoryError -Dhttp.nonProxyHosts=localhost|127.*|[::1] -cp ./lib/sonar-application-8.9.3.48735.jar:/opt/sonarqube/lib/jdbc/h2/h2-1.4.199.jar org.sonar.ce.app.CeServer /opt/sonarqube/temp/sq-process13996786113541650881properties
2021.11.28 01:15:38 INFO  app[][o.s.a.SchedulerImpl] Process[ce] is up
2021.11.28 01:15:38 INFO  app[][o.s.a.SchedulerImpl] SonarQube is up
2021.11.28 01:28:43 INFO  app[][o.s.a.SchedulerImpl] Stopping SonarQube
2021.11.28 01:28:43 INFO  app[][o.s.a.SchedulerImpl] Process[ce] is stopped
2021.11.28 01:28:44 INFO  app[][o.s.a.SchedulerImpl] Process[web] is stopped
2021.11.28 01:28:44 INFO  app[][o.s.a.SchedulerImpl] Process[es] is stopped
2021.11.28 01:28:44 WARN  app[][o.s.a.p.AbstractManagedProcess] Process exited with exit value [es]: 143
2021.11.28 01:28:44 INFO  app[][o.s.a.SchedulerImpl] SonarQube is stopped
2021.11.28 01:29:02 INFO  app[][o.s.a.AppFileSystem] Cleaning or creating temp directory /opt/sonarqube/temp
2021.11.28 01:29:02 INFO  app[][o.s.a.es.EsSettings] Elasticsearch listening on [HTTP: 127.0.0.1:9001, TCP: 127.0.0.1:39253]
2021.11.28 01:29:02 INFO  app[][o.s.a.ProcessLauncherImpl] Launch process[[key='es', ipcIndex=1, logFilenamePrefix=es]] from [/opt/sonarqube/elasticsearch]: /opt/sonarqube/elasticsearch/bin/elasticsearch
2021.11.28 01:29:02 INFO  app[][o.s.a.SchedulerImpl] Waiting for Elasticsearch to be up and running
2021.11.28 01:29:14 INFO  app[][o.s.a.SchedulerImpl] Process[es] is up
2021.11.28 01:29:14 INFO  app[][o.s.a.ProcessLauncherImpl] Launch process[[key='web', ipcIndex=2, logFilenamePrefix=web]] from [/opt/sonarqube]: /opt/java/openjdk/bin/java -Djava.awt.headless=true -Dfile.encoding=UTF-8 -Djava.io.tmpdir=/opt/sonarqube/temp -XX:-OmitStackTraceInFastThrow --add-opens=java.base/java.util=ALL-UNNAMED --add-opens=java.base/java.lang=ALL-UNNAMED --add-opens=java.base/java.io=ALL-UNNAMED --add-opens=java.rmi/sun.rmi.transport=ALL-UNNAMED -Xmx512m -Xms128m -XX:+HeapDumpOnOutOfMemoryError -Dhttp.nonProxyHosts=localhost|127.*|[::1] -cp ./lib/sonar-application-8.9.3.48735.jar:/opt/sonarqube/lib/jdbc/h2/h2-1.4.199.jar org.sonar.server.app.WebServer /opt/sonarqube/temp/sq-process5139668086462929751properties
2021.11.28 01:29:28 INFO  app[][o.s.a.SchedulerImpl] Process[web] is up
2021.11.28 01:29:28 INFO  app[][o.s.a.ProcessLauncherImpl] Launch process[[key='ce', ipcIndex=3, logFilenamePrefix=ce]] from [/opt/sonarqube]: /opt/java/openjdk/bin/java -Djava.awt.headless=true -Dfile.encoding=UTF-8 -Djava.io.tmpdir=/opt/sonarqube/temp -XX:-OmitStackTraceInFastThrow --add-opens=java.base/java.util=ALL-UNNAMED -Xmx512m -Xms128m -XX:+HeapDumpOnOutOfMemoryError -Dhttp.nonProxyHosts=localhost|127.*|[::1] -cp ./lib/sonar-application-8.9.3.48735.jar:/opt/sonarqube/lib/jdbc/h2/h2-1.4.199.jar org.sonar.ce.app.CeServer /opt/sonarqube/temp/sq-process1561840607414242493properties
2021.11.28 01:29:31 INFO  app[][o.s.a.SchedulerImpl] Process[ce] is up
2021.11.28 01:29:31 INFO  app[][o.s.a.SchedulerImpl] SonarQube is up
2021.11.28 01:31:38 INFO  app[][o.s.a.SchedulerImpl] Stopping SonarQube
2021.11.28 01:31:38 INFO  app[][o.s.a.SchedulerImpl] Process[ce] is stopped
2021.11.28 01:31:39 INFO  app[][o.s.a.SchedulerImpl] Process[web] is stopped
2021.11.28 01:31:39 WARN  app[][o.s.a.p.AbstractManagedProcess] Process exited with exit value [es]: 143
2021.11.28 01:31:39 INFO  app[][o.s.a.SchedulerImpl] Process[es] is stopped
2021.11.28 01:31:39 INFO  app[][o.s.a.SchedulerImpl] SonarQube is stopped
2021.11.28 01:48:24 INFO  app[][o.s.a.AppFileSystem] Cleaning or creating temp directory /opt/sonarqube/temp
2021.11.28 01:48:24 INFO  app[][o.s.a.es.EsSettings] Elasticsearch listening on [HTTP: 127.0.0.1:9001, TCP: 127.0.0.1:36881]
2021.11.28 01:48:24 INFO  app[][o.s.a.ProcessLauncherImpl] Launch process[[key='es', ipcIndex=1, logFilenamePrefix=es]] from [/opt/sonarqube/elasticsearch]: /opt/sonarqube/elasticsearch/bin/elasticsearch
2021.11.28 01:48:24 INFO  app[][o.s.a.SchedulerImpl] Waiting for Elasticsearch to be up and running
2021.11.28 01:48:35 INFO  app[][o.s.a.SchedulerImpl] Process[es] is up
2021.11.28 01:48:35 INFO  app[][o.s.a.ProcessLauncherImpl] Launch process[[key='web', ipcIndex=2, logFilenamePrefix=web]] from [/opt/sonarqube]: /opt/java/openjdk/bin/java -Djava.awt.headless=true -Dfile.encoding=UTF-8 -Djava.io.tmpdir=/opt/sonarqube/temp -XX:-OmitStackTraceInFastThrow --add-opens=java.base/java.util=ALL-UNNAMED --add-opens=java.base/java.lang=ALL-UNNAMED --add-opens=java.base/java.io=ALL-UNNAMED --add-opens=java.rmi/sun.rmi.transport=ALL-UNNAMED -Xmx512m -Xms128m -XX:+HeapDumpOnOutOfMemoryError -Dhttp.nonProxyHosts=localhost|127.*|[::1] -cp ./lib/sonar-application-8.9.3.48735.jar:/opt/sonarqube/lib/jdbc/h2/h2-1.4.199.jar org.sonar.server.app.WebServer /opt/sonarqube/temp/sq-process4010029807250106463properties
2021.11.28 01:48:49 INFO  app[][o.s.a.SchedulerImpl] Process[web] is up
2021.11.28 01:48:49 INFO  app[][o.s.a.ProcessLauncherImpl] Launch process[[key='ce', ipcIndex=3, logFilenamePrefix=ce]] from [/opt/sonarqube]: /opt/java/openjdk/bin/java -Djava.awt.headless=true -Dfile.encoding=UTF-8 -Djava.io.tmpdir=/opt/sonarqube/temp -XX:-OmitStackTraceInFastThrow --add-opens=java.base/java.util=ALL-UNNAMED -Xmx512m -Xms128m -XX:+HeapDumpOnOutOfMemoryError -Dhttp.nonProxyHosts=localhost|127.*|[::1] -cp ./lib/sonar-application-8.9.3.48735.jar:/opt/sonarqube/lib/jdbc/h2/h2-1.4.199.jar org.sonar.ce.app.CeServer /opt/sonarqube/temp/sq-process1903499018270286831properties
2021.11.28 01:48:52 INFO  app[][o.s.a.SchedulerImpl] Process[ce] is up
2021.11.28 01:48:52 INFO  app[][o.s.a.SchedulerImpl] SonarQube is up
2021.11.28 01:50:15 INFO  app[][o.s.a.SchedulerImpl] Stopping SonarQube
2021.11.28 01:50:15 INFO  app[][o.s.a.SchedulerImpl] Process[ce] is stopped
2021.11.28 01:50:16 INFO  app[][o.s.a.SchedulerImpl] Process[web] is stopped
2021.11.28 01:50:16 WARN  app[][o.s.a.p.AbstractManagedProcess] Process exited with exit value [es]: 143
2021.11.28 01:50:16 INFO  app[][o.s.a.SchedulerImpl] Process[es] is stopped
2021.11.28 01:50:16 INFO  app[][o.s.a.SchedulerImpl] SonarQube is stopped
2021.11.28 02:01:08 INFO  app[][o.s.a.AppFileSystem] Cleaning or creating temp directory /opt/sonarqube/temp
2021.11.28 02:01:08 INFO  app[][o.s.a.es.EsSettings] Elasticsearch listening on [HTTP: 127.0.0.1:9001, TCP: 127.0.0.1:33159]
2021.11.28 02:01:08 INFO  app[][o.s.a.ProcessLauncherImpl] Launch process[[key='es', ipcIndex=1, logFilenamePrefix=es]] from [/opt/sonarqube/elasticsearch]: /opt/sonarqube/elasticsearch/bin/elasticsearch
2021.11.28 02:01:08 INFO  app[][o.s.a.SchedulerImpl] Waiting for Elasticsearch to be up and running
2021.11.28 02:01:20 INFO  app[][o.s.a.SchedulerImpl] Process[es] is up
2021.11.28 02:01:20 INFO  app[][o.s.a.ProcessLauncherImpl] Launch process[[key='web', ipcIndex=2, logFilenamePrefix=web]] from [/opt/sonarqube]: /opt/java/openjdk/bin/java -Djava.awt.headless=true -Dfile.encoding=UTF-8 -Djava.io.tmpdir=/opt/sonarqube/temp -XX:-OmitStackTraceInFastThrow --add-opens=java.base/java.util=ALL-UNNAMED --add-opens=java.base/java.lang=ALL-UNNAMED --add-opens=java.base/java.io=ALL-UNNAMED --add-opens=java.rmi/sun.rmi.transport=ALL-UNNAMED -Xmx512m -Xms128m -XX:+HeapDumpOnOutOfMemoryError -Dhttp.nonProxyHosts=localhost|127.*|[::1] -cp ./lib/sonar-application-8.9.3.48735.jar:/opt/sonarqube/lib/jdbc/h2/h2-1.4.199.jar org.sonar.server.app.WebServer /opt/sonarqube/temp/sq-process17987054565115040743properties
2021.11.28 02:01:37 INFO  app[][o.s.a.SchedulerImpl] Process[web] is up
2021.11.28 02:01:37 INFO  app[][o.s.a.ProcessLauncherImpl] Launch process[[key='ce', ipcIndex=3, logFilenamePrefix=ce]] from [/opt/sonarqube]: /opt/java/openjdk/bin/java -Djava.awt.headless=true -Dfile.encoding=UTF-8 -Djava.io.tmpdir=/opt/sonarqube/temp -XX:-OmitStackTraceInFastThrow --add-opens=java.base/java.util=ALL-UNNAMED -Xmx512m -Xms128m -XX:+HeapDumpOnOutOfMemoryError -Dhttp.nonProxyHosts=localhost|127.*|[::1] -cp ./lib/sonar-application-8.9.3.48735.jar:/opt/sonarqube/lib/jdbc/h2/h2-1.4.199.jar org.sonar.ce.app.CeServer /opt/sonarqube/temp/sq-process18425157407039526831properties
2021.11.28 02:01:40 INFO  app[][o.s.a.SchedulerImpl] Process[ce] is up
2021.11.28 02:01:40 INFO  app[][o.s.a.SchedulerImpl] SonarQube is up
2021.11.28 02:03:35 INFO  app[][o.s.a.SchedulerImpl] Stopping SonarQube
2021.11.28 02:03:35 INFO  app[][o.s.a.SchedulerImpl] Process[ce] is stopped
2021.11.28 02:03:35 INFO  app[][o.s.a.SchedulerImpl] Process[web] is stopped
2021.11.28 02:03:36 WARN  app[][o.s.a.p.AbstractManagedProcess] Process exited with exit value [es]: 143
2021.11.28 02:03:36 INFO  app[][o.s.a.SchedulerImpl] Process[es] is stopped
2021.11.28 02:03:36 INFO  app[][o.s.a.SchedulerImpl] SonarQube is stopped
2021.11.28 02:05:40 INFO  app[][o.s.a.AppFileSystem] Cleaning or creating temp directory /opt/sonarqube/temp
2021.11.28 02:05:40 INFO  app[][o.s.a.es.EsSettings] Elasticsearch listening on [HTTP: 127.0.0.1:9001, TCP: 127.0.0.1:46801]
2021.11.28 02:05:41 INFO  app[][o.s.a.ProcessLauncherImpl] Launch process[[key='es', ipcIndex=1, logFilenamePrefix=es]] from [/opt/sonarqube/elasticsearch]: /opt/sonarqube/elasticsearch/bin/elasticsearch
2021.11.28 02:05:41 INFO  app[][o.s.a.SchedulerImpl] Waiting for Elasticsearch to be up and running
2021.11.28 02:05:52 INFO  app[][o.s.a.SchedulerImpl] Process[es] is up
2021.11.28 02:05:52 INFO  app[][o.s.a.ProcessLauncherImpl] Launch process[[key='web', ipcIndex=2, logFilenamePrefix=web]] from [/opt/sonarqube]: /opt/java/openjdk/bin/java -Djava.awt.headless=true -Dfile.encoding=UTF-8 -Djava.io.tmpdir=/opt/sonarqube/temp -XX:-OmitStackTraceInFastThrow --add-opens=java.base/java.util=ALL-UNNAMED --add-opens=java.base/java.lang=ALL-UNNAMED --add-opens=java.base/java.io=ALL-UNNAMED --add-opens=java.rmi/sun.rmi.transport=ALL-UNNAMED -Xmx512m -Xms128m -XX:+HeapDumpOnOutOfMemoryError -Dhttp.nonProxyHosts=localhost|127.*|[::1] -cp ./lib/sonar-application-8.9.3.48735.jar:/opt/sonarqube/lib/jdbc/h2/h2-1.4.199.jar org.sonar.server.app.WebServer /opt/sonarqube/temp/sq-process1542213351201595227properties
2021.11.28 02:06:06 INFO  app[][o.s.a.SchedulerImpl] Process[web] is up
2021.11.28 02:06:06 INFO  app[][o.s.a.ProcessLauncherImpl] Launch process[[key='ce', ipcIndex=3, logFilenamePrefix=ce]] from [/opt/sonarqube]: /opt/java/openjdk/bin/java -Djava.awt.headless=true -Dfile.encoding=UTF-8 -Djava.io.tmpdir=/opt/sonarqube/temp -XX:-OmitStackTraceInFastThrow --add-opens=java.base/java.util=ALL-UNNAMED -Xmx512m -Xms128m -XX:+HeapDumpOnOutOfMemoryError -Dhttp.nonProxyHosts=localhost|127.*|[::1] -cp ./lib/sonar-application-8.9.3.48735.jar:/opt/sonarqube/lib/jdbc/h2/h2-1.4.199.jar org.sonar.ce.app.CeServer /opt/sonarqube/temp/sq-process7748826783378957422properties
2021.11.28 02:06:09 INFO  app[][o.s.a.SchedulerImpl] Process[ce] is up
2021.11.28 02:06:09 INFO  app[][o.s.a.SchedulerImpl] SonarQube is up
2021.11.28 02:06:18 INFO  app[][o.s.a.SchedulerImpl] Stopping SonarQube
2021.11.28 02:06:19 INFO  app[][o.s.a.SchedulerImpl] Process[ce] is stopped
2021.11.28 02:06:20 INFO  app[][o.s.a.SchedulerImpl] Process[web] is stopped
2021.11.28 02:06:20 WARN  app[][o.s.a.p.AbstractManagedProcess] Process exited with exit value [es]: 143
2021.11.28 02:06:20 INFO  app[][o.s.a.SchedulerImpl] Process[es] is stopped
2021.11.28 02:06:20 INFO  app[][o.s.a.SchedulerImpl] SonarQube is stopped
2021.11.28 02:06:29 INFO  app[][o.s.a.AppFileSystem] Cleaning or creating temp directory /opt/sonarqube/temp
2021.11.28 02:06:30 INFO  app[][o.s.a.es.EsSettings] Elasticsearch listening on [HTTP: 127.0.0.1:9001, TCP: 127.0.0.1:35069]
2021.11.28 02:06:30 INFO  app[][o.s.a.ProcessLauncherImpl] Launch process[[key='es', ipcIndex=1, logFilenamePrefix=es]] from [/opt/sonarqube/elasticsearch]: /opt/sonarqube/elasticsearch/bin/elasticsearch
2021.11.28 02:06:30 INFO  app[][o.s.a.SchedulerImpl] Waiting for Elasticsearch to be up and running
2021.11.28 02:06:41 INFO  app[][o.s.a.SchedulerImpl] Process[es] is up
2021.11.28 02:06:41 INFO  app[][o.s.a.ProcessLauncherImpl] Launch process[[key='web', ipcIndex=2, logFilenamePrefix=web]] from [/opt/sonarqube]: /opt/java/openjdk/bin/java -Djava.awt.headless=true -Dfile.encoding=UTF-8 -Djava.io.tmpdir=/opt/sonarqube/temp -XX:-OmitStackTraceInFastThrow --add-opens=java.base/java.util=ALL-UNNAMED --add-opens=java.base/java.lang=ALL-UNNAMED --add-opens=java.base/java.io=ALL-UNNAMED --add-opens=java.rmi/sun.rmi.transport=ALL-UNNAMED -Xmx512m -Xms128m -XX:+HeapDumpOnOutOfMemoryError -Dhttp.nonProxyHosts=localhost|127.*|[::1] -cp ./lib/sonar-application-8.9.3.48735.jar:/opt/sonarqube/lib/jdbc/h2/h2-1.4.199.jar org.sonar.server.app.WebServer /opt/sonarqube/temp/sq-process5284214214818366250properties
2021.11.28 02:06:55 INFO  app[][o.s.a.SchedulerImpl] Process[web] is up
2021.11.28 02:06:55 INFO  app[][o.s.a.ProcessLauncherImpl] Launch process[[key='ce', ipcIndex=3, logFilenamePrefix=ce]] from [/opt/sonarqube]: /opt/java/openjdk/bin/java -Djava.awt.headless=true -Dfile.encoding=UTF-8 -Djava.io.tmpdir=/opt/sonarqube/temp -XX:-OmitStackTraceInFastThrow --add-opens=java.base/java.util=ALL-UNNAMED -Xmx512m -Xms128m -XX:+HeapDumpOnOutOfMemoryError -Dhttp.nonProxyHosts=localhost|127.*|[::1] -cp ./lib/sonar-application-8.9.3.48735.jar:/opt/sonarqube/lib/jdbc/h2/h2-1.4.199.jar org.sonar.ce.app.CeServer /opt/sonarqube/temp/sq-process13333470707836622531properties
2021.11.28 02:06:58 INFO  app[][o.s.a.SchedulerImpl] Process[ce] is up
2021.11.28 02:06:58 INFO  app[][o.s.a.SchedulerImpl] SonarQube is up
2021.11.28 02:07:05 INFO  app[][o.s.a.SchedulerImpl] Stopping SonarQube
2021.11.28 02:07:05 INFO  app[][o.s.a.SchedulerImpl] Process[ce] is stopped
2021.11.28 02:07:06 INFO  app[][o.s.a.SchedulerImpl] Process[web] is stopped
2021.11.28 02:07:06 INFO  app[][o.s.a.SchedulerImpl] Process[es] is stopped
2021.11.28 02:07:06 WARN  app[][o.s.a.p.AbstractManagedProcess] Process exited with exit value [es]: 143
2021.11.28 02:07:06 INFO  app[][o.s.a.SchedulerImpl] SonarQube is stopped
2021.11.28 02:07:25 INFO  app[][o.s.a.AppFileSystem] Cleaning or creating temp directory /opt/sonarqube/temp
2021.11.28 02:07:26 INFO  app[][o.s.a.es.EsSettings] Elasticsearch listening on [HTTP: 127.0.0.1:9001, TCP: 127.0.0.1:35679]
2021.11.28 02:07:26 INFO  app[][o.s.a.ProcessLauncherImpl] Launch process[[key='es', ipcIndex=1, logFilenamePrefix=es]] from [/opt/sonarqube/elasticsearch]: /opt/sonarqube/elasticsearch/bin/elasticsearch
2021.11.28 02:07:26 INFO  app[][o.s.a.SchedulerImpl] Waiting for Elasticsearch to be up and running
2021.11.28 02:07:37 INFO  app[][o.s.a.SchedulerImpl] Process[es] is up
2021.11.28 02:07:37 INFO  app[][o.s.a.ProcessLauncherImpl] Launch process[[key='web', ipcIndex=2, logFilenamePrefix=web]] from [/opt/sonarqube]: /opt/java/openjdk/bin/java -Djava.awt.headless=true -Dfile.encoding=UTF-8 -Djava.io.tmpdir=/opt/sonarqube/temp -XX:-OmitStackTraceInFastThrow --add-opens=java.base/java.util=ALL-UNNAMED --add-opens=java.base/java.lang=ALL-UNNAMED --add-opens=java.base/java.io=ALL-UNNAMED --add-opens=java.rmi/sun.rmi.transport=ALL-UNNAMED -Xmx512m -Xms128m -XX:+HeapDumpOnOutOfMemoryError -Dhttp.nonProxyHosts=localhost|127.*|[::1] -cp ./lib/sonar-application-8.9.3.48735.jar:/opt/sonarqube/lib/jdbc/h2/h2-1.4.199.jar org.sonar.server.app.WebServer /opt/sonarqube/temp/sq-process15394779829051185117properties
2021.11.28 02:07:50 INFO  app[][o.s.a.SchedulerImpl] Process[web] is up
2021.11.28 02:07:50 INFO  app[][o.s.a.ProcessLauncherImpl] Launch process[[key='ce', ipcIndex=3, logFilenamePrefix=ce]] from [/opt/sonarqube]: /opt/java/openjdk/bin/java -Djava.awt.headless=true -Dfile.encoding=UTF-8 -Djava.io.tmpdir=/opt/sonarqube/temp -XX:-OmitStackTraceInFastThrow --add-opens=java.base/java.util=ALL-UNNAMED -Xmx512m -Xms128m -XX:+HeapDumpOnOutOfMemoryError -Dhttp.nonProxyHosts=localhost|127.*|[::1] -cp ./lib/sonar-application-8.9.3.48735.jar:/opt/sonarqube/lib/jdbc/h2/h2-1.4.199.jar org.sonar.ce.app.CeServer /opt/sonarqube/temp/sq-process13402898949034678209properties
2021.11.28 02:07:53 INFO  app[][o.s.a.SchedulerImpl] Process[ce] is up
2021.11.28 02:07:53 INFO  app[][o.s.a.SchedulerImpl] SonarQube is up
2021.11.28 02:15:56 INFO  app[][o.s.a.SchedulerImpl] Stopping SonarQube
2021.11.28 02:15:57 INFO  app[][o.s.a.SchedulerImpl] Process[ce] is stopped
2021.11.28 02:15:57 INFO  app[][o.s.a.SchedulerImpl] Process[web] is stopped
2021.11.28 02:15:58 INFO  app[][o.s.a.SchedulerImpl] Process[es] is stopped
2021.11.28 02:15:58 WARN  app[][o.s.a.p.AbstractManagedProcess] Process exited with exit value [es]: 143
2021.11.28 02:15:58 INFO  app[][o.s.a.SchedulerImpl] SonarQube is stopped
2021.11.28 02:16:14 INFO  app[][o.s.a.AppFileSystem] Cleaning or creating temp directory /opt/sonarqube/temp
2021.11.28 02:16:14 INFO  app[][o.s.a.es.EsSettings] Elasticsearch listening on [HTTP: 127.0.0.1:9001, TCP: 127.0.0.1:36627]
2021.11.28 02:16:14 INFO  app[][o.s.a.ProcessLauncherImpl] Launch process[[key='es', ipcIndex=1, logFilenamePrefix=es]] from [/opt/sonarqube/elasticsearch]: /opt/sonarqube/elasticsearch/bin/elasticsearch
2021.11.28 02:16:14 INFO  app[][o.s.a.SchedulerImpl] Waiting for Elasticsearch to be up and running
2021.11.28 02:16:26 INFO  app[][o.s.a.SchedulerImpl] Process[es] is up
2021.11.28 02:16:26 INFO  app[][o.s.a.ProcessLauncherImpl] Launch process[[key='web', ipcIndex=2, logFilenamePrefix=web]] from [/opt/sonarqube]: /opt/java/openjdk/bin/java -Djava.awt.headless=true -Dfile.encoding=UTF-8 -Djava.io.tmpdir=/opt/sonarqube/temp -XX:-OmitStackTraceInFastThrow --add-opens=java.base/java.util=ALL-UNNAMED --add-opens=java.base/java.lang=ALL-UNNAMED --add-opens=java.base/java.io=ALL-UNNAMED --add-opens=java.rmi/sun.rmi.transport=ALL-UNNAMED -Xmx512m -Xms128m -XX:+HeapDumpOnOutOfMemoryError -Dhttp.nonProxyHosts=localhost|127.*|[::1] -cp ./lib/sonar-application-8.9.3.48735.jar:/opt/sonarqube/lib/jdbc/h2/h2-1.4.199.jar org.sonar.server.app.WebServer /opt/sonarqube/temp/sq-process5239409673007034450properties
2021.11.28 02:16:40 INFO  app[][o.s.a.SchedulerImpl] Process[web] is up
2021.11.28 02:16:40 INFO  app[][o.s.a.ProcessLauncherImpl] Launch process[[key='ce', ipcIndex=3, logFilenamePrefix=ce]] from [/opt/sonarqube]: /opt/java/openjdk/bin/java -Djava.awt.headless=true -Dfile.encoding=UTF-8 -Djava.io.tmpdir=/opt/sonarqube/temp -XX:-OmitStackTraceInFastThrow --add-opens=java.base/java.util=ALL-UNNAMED -Xmx512m -Xms128m -XX:+HeapDumpOnOutOfMemoryError -Dhttp.nonProxyHosts=localhost|127.*|[::1] -cp ./lib/sonar-application-8.9.3.48735.jar:/opt/sonarqube/lib/jdbc/h2/h2-1.4.199.jar org.sonar.ce.app.CeServer /opt/sonarqube/temp/sq-process16884953945390686266properties
2021.11.28 02:16:43 INFO  app[][o.s.a.SchedulerImpl] Process[ce] is up
2021.11.28 02:16:43 INFO  app[][o.s.a.SchedulerImpl] SonarQube is up
2021.11.28 02:17:56 INFO  app[][o.s.a.SchedulerImpl] Stopping SonarQube
2021.11.28 02:17:56 INFO  app[][o.s.a.SchedulerImpl] Process[ce] is stopped
2021.11.28 02:17:56 INFO  app[][o.s.a.SchedulerImpl] Process[web] is stopped
2021.11.28 02:17:57 WARN  app[][o.s.a.p.AbstractManagedProcess] Process exited with exit value [es]: 143
2021.11.28 02:17:57 INFO  app[][o.s.a.SchedulerImpl] Process[es] is stopped
2021.11.28 02:17:57 INFO  app[][o.s.a.SchedulerImpl] SonarQube is stopped
2021.11.28 02:18:45 INFO  app[][o.s.a.AppFileSystem] Cleaning or creating temp directory /opt/sonarqube/temp
2021.11.28 02:18:45 INFO  app[][o.s.a.es.EsSettings] Elasticsearch listening on [HTTP: 127.0.0.1:9001, TCP: 127.0.0.1:46155]
2021.11.28 02:18:45 INFO  app[][o.s.a.ProcessLauncherImpl] Launch process[[key='es', ipcIndex=1, logFilenamePrefix=es]] from [/opt/sonarqube/elasticsearch]: /opt/sonarqube/elasticsearch/bin/elasticsearch
2021.11.28 02:18:45 INFO  app[][o.s.a.SchedulerImpl] Waiting for Elasticsearch to be up and running
2021.11.28 02:18:57 INFO  app[][o.s.a.SchedulerImpl] Process[es] is up
2021.11.28 02:18:57 INFO  app[][o.s.a.ProcessLauncherImpl] Launch process[[key='web', ipcIndex=2, logFilenamePrefix=web]] from [/opt/sonarqube]: /opt/java/openjdk/bin/java -Djava.awt.headless=true -Dfile.encoding=UTF-8 -Djava.io.tmpdir=/opt/sonarqube/temp -XX:-OmitStackTraceInFastThrow --add-opens=java.base/java.util=ALL-UNNAMED --add-opens=java.base/java.lang=ALL-UNNAMED --add-opens=java.base/java.io=ALL-UNNAMED --add-opens=java.rmi/sun.rmi.transport=ALL-UNNAMED -Xmx512m -Xms128m -XX:+HeapDumpOnOutOfMemoryError -Dhttp.nonProxyHosts=localhost|127.*|[::1] -cp ./lib/sonar-application-8.9.3.48735.jar:/opt/sonarqube/lib/jdbc/h2/h2-1.4.199.jar org.sonar.server.app.WebServer /opt/sonarqube/temp/sq-process2975291194549302925properties
2021.11.28 02:19:11 INFO  app[][o.s.a.SchedulerImpl] Process[web] is up
2021.11.28 02:19:11 INFO  app[][o.s.a.ProcessLauncherImpl] Launch process[[key='ce', ipcIndex=3, logFilenamePrefix=ce]] from [/opt/sonarqube]: /opt/java/openjdk/bin/java -Djava.awt.headless=true -Dfile.encoding=UTF-8 -Djava.io.tmpdir=/opt/sonarqube/temp -XX:-OmitStackTraceInFastThrow --add-opens=java.base/java.util=ALL-UNNAMED -Xmx512m -Xms128m -XX:+HeapDumpOnOutOfMemoryError -Dhttp.nonProxyHosts=localhost|127.*|[::1] -cp ./lib/sonar-application-8.9.3.48735.jar:/opt/sonarqube/lib/jdbc/h2/h2-1.4.199.jar org.sonar.ce.app.CeServer /opt/sonarqube/temp/sq-process2657268403022126822properties
2021.11.28 02:19:14 INFO  app[][o.s.a.SchedulerImpl] Process[ce] is up
2021.11.28 02:19:14 INFO  app[][o.s.a.SchedulerImpl] SonarQube is up
2021.11.28 02:21:35 INFO  app[][o.s.a.SchedulerImpl] Stopping SonarQube
2021.11.28 02:21:35 INFO  app[][o.s.a.SchedulerImpl] Process[ce] is stopped
2021.11.28 02:21:36 INFO  app[][o.s.a.SchedulerImpl] Process[web] is stopped
2021.11.28 02:21:36 WARN  app[][o.s.a.p.AbstractManagedProcess] Process exited with exit value [es]: 143
2021.11.28 02:21:36 INFO  app[][o.s.a.SchedulerImpl] Process[es] is stopped
2021.11.28 02:21:36 INFO  app[][o.s.a.SchedulerImpl] SonarQube is stopped
2021.11.28 02:47:40 INFO  app[][o.s.a.AppFileSystem] Cleaning or creating temp directory /opt/sonarqube/temp
2021.11.28 02:47:40 INFO  app[][o.s.a.es.EsSettings] Elasticsearch listening on [HTTP: 127.0.0.1:9001, TCP: 127.0.0.1:46641]
2021.11.28 02:47:40 INFO  app[][o.s.a.ProcessLauncherImpl] Launch process[[key='es', ipcIndex=1, logFilenamePrefix=es]] from [/opt/sonarqube/elasticsearch]: /opt/sonarqube/elasticsearch/bin/elasticsearch
2021.11.28 02:47:40 INFO  app[][o.s.a.SchedulerImpl] Waiting for Elasticsearch to be up and running
2021.11.28 02:47:52 INFO  app[][o.s.a.SchedulerImpl] Process[es] is up
2021.11.28 02:47:52 INFO  app[][o.s.a.ProcessLauncherImpl] Launch process[[key='web', ipcIndex=2, logFilenamePrefix=web]] from [/opt/sonarqube]: /opt/java/openjdk/bin/java -Djava.awt.headless=true -Dfile.encoding=UTF-8 -Djava.io.tmpdir=/opt/sonarqube/temp -XX:-OmitStackTraceInFastThrow --add-opens=java.base/java.util=ALL-UNNAMED --add-opens=java.base/java.lang=ALL-UNNAMED --add-opens=java.base/java.io=ALL-UNNAMED --add-opens=java.rmi/sun.rmi.transport=ALL-UNNAMED -Xmx512m -Xms128m -XX:+HeapDumpOnOutOfMemoryError -Dhttp.nonProxyHosts=localhost|127.*|[::1] -cp ./lib/sonar-application-8.9.3.48735.jar:/opt/sonarqube/lib/jdbc/h2/h2-1.4.199.jar org.sonar.server.app.WebServer /opt/sonarqube/temp/sq-process36408648815661920properties
2021.11.28 02:48:06 INFO  app[][o.s.a.SchedulerImpl] Process[web] is up
2021.11.28 02:48:06 INFO  app[][o.s.a.ProcessLauncherImpl] Launch process[[key='ce', ipcIndex=3, logFilenamePrefix=ce]] from [/opt/sonarqube]: /opt/java/openjdk/bin/java -Djava.awt.headless=true -Dfile.encoding=UTF-8 -Djava.io.tmpdir=/opt/sonarqube/temp -XX:-OmitStackTraceInFastThrow --add-opens=java.base/java.util=ALL-UNNAMED -Xmx512m -Xms128m -XX:+HeapDumpOnOutOfMemoryError -Dhttp.nonProxyHosts=localhost|127.*|[::1] -cp ./lib/sonar-application-8.9.3.48735.jar:/opt/sonarqube/lib/jdbc/h2/h2-1.4.199.jar org.sonar.ce.app.CeServer /opt/sonarqube/temp/sq-process14528081971802086221properties
2021.11.28 02:48:09 INFO  app[][o.s.a.SchedulerImpl] Process[ce] is up
2021.11.28 02:48:09 INFO  app[][o.s.a.SchedulerImpl] SonarQube is up
2021.11.28 02:55:31 INFO  app[][o.s.a.SchedulerImpl] Stopping SonarQube
2021.11.28 02:55:31 INFO  app[][o.s.a.SchedulerImpl] Process[ce] is stopped
2021.11.28 02:55:32 INFO  app[][o.s.a.SchedulerImpl] Process[web] is stopped
2021.11.28 02:55:32 INFO  app[][o.s.a.SchedulerImpl] Process[es] is stopped
2021.11.28 02:55:32 WARN  app[][o.s.a.p.AbstractManagedProcess] Process exited with exit value [es]: 143
2021.11.28 02:55:32 INFO  app[][o.s.a.SchedulerImpl] SonarQube is stopped
2021.11.28 02:55:45 INFO  app[][o.s.a.AppFileSystem] Cleaning or creating temp directory /opt/sonarqube/temp
2021.11.28 02:55:45 INFO  app[][o.s.a.es.EsSettings] Elasticsearch listening on [HTTP: 127.0.0.1:9001, TCP: 127.0.0.1:40165]
2021.11.28 02:55:45 INFO  app[][o.s.a.ProcessLauncherImpl] Launch process[[key='es', ipcIndex=1, logFilenamePrefix=es]] from [/opt/sonarqube/elasticsearch]: /opt/sonarqube/elasticsearch/bin/elasticsearch
2021.11.28 02:55:45 INFO  app[][o.s.a.SchedulerImpl] Waiting for Elasticsearch to be up and running
2021.11.28 02:55:57 INFO  app[][o.s.a.SchedulerImpl] Process[es] is up
2021.11.28 02:55:57 INFO  app[][o.s.a.ProcessLauncherImpl] Launch process[[key='web', ipcIndex=2, logFilenamePrefix=web]] from [/opt/sonarqube]: /opt/java/openjdk/bin/java -Djava.awt.headless=true -Dfile.encoding=UTF-8 -Djava.io.tmpdir=/opt/sonarqube/temp -XX:-OmitStackTraceInFastThrow --add-opens=java.base/java.util=ALL-UNNAMED --add-opens=java.base/java.lang=ALL-UNNAMED --add-opens=java.base/java.io=ALL-UNNAMED --add-opens=java.rmi/sun.rmi.transport=ALL-UNNAMED -Xmx512m -Xms128m -XX:+HeapDumpOnOutOfMemoryError -Dhttp.nonProxyHosts=localhost|127.*|[::1] -cp ./lib/sonar-application-8.9.3.48735.jar:/opt/sonarqube/lib/jdbc/h2/h2-1.4.199.jar org.sonar.server.app.WebServer /opt/sonarqube/temp/sq-process5166753036658699654properties
2021.11.28 02:56:11 INFO  app[][o.s.a.SchedulerImpl] Process[web] is up
2021.11.28 02:56:11 INFO  app[][o.s.a.ProcessLauncherImpl] Launch process[[key='ce', ipcIndex=3, logFilenamePrefix=ce]] from [/opt/sonarqube]: /opt/java/openjdk/bin/java -Djava.awt.headless=true -Dfile.encoding=UTF-8 -Djava.io.tmpdir=/opt/sonarqube/temp -XX:-OmitStackTraceInFastThrow --add-opens=java.base/java.util=ALL-UNNAMED -Xmx512m -Xms128m -XX:+HeapDumpOnOutOfMemoryError -Dhttp.nonProxyHosts=localhost|127.*|[::1] -cp ./lib/sonar-application-8.9.3.48735.jar:/opt/sonarqube/lib/jdbc/h2/h2-1.4.199.jar org.sonar.ce.app.CeServer /opt/sonarqube/temp/sq-process663705775012773486properties
2021.11.28 02:56:14 INFO  app[][o.s.a.SchedulerImpl] Process[ce] is up
2021.11.28 02:56:14 INFO  app[][o.s.a.SchedulerImpl] SonarQube is up
2021.11.28 03:06:13 INFO  app[][o.s.a.SchedulerImpl] Stopping SonarQube
2021.11.28 03:06:13 INFO  app[][o.s.a.SchedulerImpl] Process[ce] is stopped
2021.11.28 03:06:14 INFO  app[][o.s.a.SchedulerImpl] Process[web] is stopped
2021.11.28 03:06:14 INFO  app[][o.s.a.SchedulerImpl] Process[es] is stopped
2021.11.28 03:06:14 WARN  app[][o.s.a.p.AbstractManagedProcess] Process exited with exit value [es]: 143
2021.11.28 03:06:14 INFO  app[][o.s.a.SchedulerImpl] SonarQube is stopped
2021.11.28 03:07:15 INFO  app[][o.s.a.AppFileSystem] Cleaning or creating temp directory /opt/sonarqube/temp
2021.11.28 03:07:15 INFO  app[][o.s.a.es.EsSettings] Elasticsearch listening on [HTTP: 127.0.0.1:9001, TCP: 127.0.0.1:34903]
2021.11.28 03:07:15 INFO  app[][o.s.a.ProcessLauncherImpl] Launch process[[key='es', ipcIndex=1, logFilenamePrefix=es]] from [/opt/sonarqube/elasticsearch]: /opt/sonarqube/elasticsearch/bin/elasticsearch
2021.11.28 03:07:15 INFO  app[][o.s.a.SchedulerImpl] Waiting for Elasticsearch to be up and running
2021.11.28 03:07:26 INFO  app[][o.s.a.SchedulerImpl] Process[es] is up
2021.11.28 03:07:26 INFO  app[][o.s.a.ProcessLauncherImpl] Launch process[[key='web', ipcIndex=2, logFilenamePrefix=web]] from [/opt/sonarqube]: /opt/java/openjdk/bin/java -Djava.awt.headless=true -Dfile.encoding=UTF-8 -Djava.io.tmpdir=/opt/sonarqube/temp -XX:-OmitStackTraceInFastThrow --add-opens=java.base/java.util=ALL-UNNAMED --add-opens=java.base/java.lang=ALL-UNNAMED --add-opens=java.base/java.io=ALL-UNNAMED --add-opens=java.rmi/sun.rmi.transport=ALL-UNNAMED -Xmx512m -Xms128m -XX:+HeapDumpOnOutOfMemoryError -Dhttp.nonProxyHosts=localhost|127.*|[::1] -cp ./lib/sonar-application-8.9.3.48735.jar:/opt/sonarqube/lib/jdbc/h2/h2-1.4.199.jar org.sonar.server.app.WebServer /opt/sonarqube/temp/sq-process16462770171649005373properties
2021.11.28 03:07:39 INFO  app[][o.s.a.SchedulerImpl] Process[web] is up
2021.11.28 03:07:39 INFO  app[][o.s.a.ProcessLauncherImpl] Launch process[[key='ce', ipcIndex=3, logFilenamePrefix=ce]] from [/opt/sonarqube]: /opt/java/openjdk/bin/java -Djava.awt.headless=true -Dfile.encoding=UTF-8 -Djava.io.tmpdir=/opt/sonarqube/temp -XX:-OmitStackTraceInFastThrow --add-opens=java.base/java.util=ALL-UNNAMED -Xmx512m -Xms128m -XX:+HeapDumpOnOutOfMemoryError -Dhttp.nonProxyHosts=localhost|127.*|[::1] -cp ./lib/sonar-application-8.9.3.48735.jar:/opt/sonarqube/lib/jdbc/h2/h2-1.4.199.jar org.sonar.ce.app.CeServer /opt/sonarqube/temp/sq-process5482205403379423890properties
2021.11.28 03:07:42 INFO  app[][o.s.a.SchedulerImpl] Process[ce] is up
2021.11.28 03:07:42 INFO  app[][o.s.a.SchedulerImpl] SonarQube is up
2021.11.28 03:10:54 INFO  app[][o.s.a.SchedulerImpl] Stopping SonarQube
2021.11.28 03:10:55 INFO  app[][o.s.a.SchedulerImpl] Process[ce] is stopped
2021.11.28 03:10:55 INFO  app[][o.s.a.SchedulerImpl] Process[web] is stopped
2021.11.28 03:10:56 WARN  app[][o.s.a.p.AbstractManagedProcess] Process exited with exit value [es]: 143
2021.11.28 03:10:56 INFO  app[][o.s.a.SchedulerImpl] Process[es] is stopped
2021.11.28 03:10:56 INFO  app[][o.s.a.SchedulerImpl] SonarQube is stopped
2021.11.28 03:11:07 INFO  app[][o.s.a.AppFileSystem] Cleaning or creating temp directory /opt/sonarqube/temp
2021.11.28 03:11:07 INFO  app[][o.s.a.es.EsSettings] Elasticsearch listening on [HTTP: 127.0.0.1:9001, TCP: 127.0.0.1:46525]
2021.11.28 03:11:07 INFO  app[][o.s.a.ProcessLauncherImpl] Launch process[[key='es', ipcIndex=1, logFilenamePrefix=es]] from [/opt/sonarqube/elasticsearch]: /opt/sonarqube/elasticsearch/bin/elasticsearch
2021.11.28 03:11:07 INFO  app[][o.s.a.SchedulerImpl] Waiting for Elasticsearch to be up and running
2021.11.28 03:11:18 INFO  app[][o.s.a.SchedulerImpl] Process[es] is up
2021.11.28 03:11:18 INFO  app[][o.s.a.ProcessLauncherImpl] Launch process[[key='web', ipcIndex=2, logFilenamePrefix=web]] from [/opt/sonarqube]: /opt/java/openjdk/bin/java -Djava.awt.headless=true -Dfile.encoding=UTF-8 -Djava.io.tmpdir=/opt/sonarqube/temp -XX:-OmitStackTraceInFastThrow --add-opens=java.base/java.util=ALL-UNNAMED --add-opens=java.base/java.lang=ALL-UNNAMED --add-opens=java.base/java.io=ALL-UNNAMED --add-opens=java.rmi/sun.rmi.transport=ALL-UNNAMED -Xmx512m -Xms128m -XX:+HeapDumpOnOutOfMemoryError -Dhttp.nonProxyHosts=localhost|127.*|[::1] -cp ./lib/sonar-application-8.9.3.48735.jar:/opt/sonarqube/lib/jdbc/h2/h2-1.4.199.jar org.sonar.server.app.WebServer /opt/sonarqube/temp/sq-process16514859789812890833properties
2021.11.28 03:11:32 INFO  app[][o.s.a.SchedulerImpl] Process[web] is up
2021.11.28 03:11:32 INFO  app[][o.s.a.ProcessLauncherImpl] Launch process[[key='ce', ipcIndex=3, logFilenamePrefix=ce]] from [/opt/sonarqube]: /opt/java/openjdk/bin/java -Djava.awt.headless=true -Dfile.encoding=UTF-8 -Djava.io.tmpdir=/opt/sonarqube/temp -XX:-OmitStackTraceInFastThrow --add-opens=java.base/java.util=ALL-UNNAMED -Xmx512m -Xms128m -XX:+HeapDumpOnOutOfMemoryError -Dhttp.nonProxyHosts=localhost|127.*|[::1] -cp ./lib/sonar-application-8.9.3.48735.jar:/opt/sonarqube/lib/jdbc/h2/h2-1.4.199.jar org.sonar.ce.app.CeServer /opt/sonarqube/temp/sq-process52163632356774957properties
2021.11.28 03:11:35 INFO  app[][o.s.a.SchedulerImpl] Process[ce] is up
2021.11.28 03:11:35 INFO  app[][o.s.a.SchedulerImpl] SonarQube is up
2021.11.28 03:12:03 INFO  app[][o.s.a.SchedulerImpl] Stopping SonarQube
2021.11.28 03:12:03 INFO  app[][o.s.a.SchedulerImpl] Process[ce] is stopped
2021.11.28 03:12:04 INFO  app[][o.s.a.SchedulerImpl] Process[web] is stopped
2021.11.28 03:12:04 INFO  app[][o.s.a.SchedulerImpl] Process[es] is stopped
2021.11.28 03:12:04 WARN  app[][o.s.a.p.AbstractManagedProcess] Process exited with exit value [es]: 143
2021.11.28 03:12:04 INFO  app[][o.s.a.SchedulerImpl] SonarQube is stopped
2021.11.28 03:12:22 INFO  app[][o.s.a.AppFileSystem] Cleaning or creating temp directory /opt/sonarqube/temp
2021.11.28 03:12:22 INFO  app[][o.s.a.es.EsSettings] Elasticsearch listening on [HTTP: 127.0.0.1:9001, TCP: 127.0.0.1:43811]
2021.11.28 03:12:23 INFO  app[][o.s.a.ProcessLauncherImpl] Launch process[[key='es', ipcIndex=1, logFilenamePrefix=es]] from [/opt/sonarqube/elasticsearch]: /opt/sonarqube/elasticsearch/bin/elasticsearch
2021.11.28 03:12:23 INFO  app[][o.s.a.SchedulerImpl] Waiting for Elasticsearch to be up and running
2021.11.28 03:12:33 INFO  app[][o.s.a.SchedulerImpl] Process[es] is up
2021.11.28 03:12:33 INFO  app[][o.s.a.ProcessLauncherImpl] Launch process[[key='web', ipcIndex=2, logFilenamePrefix=web]] from [/opt/sonarqube]: /opt/java/openjdk/bin/java -Djava.awt.headless=true -Dfile.encoding=UTF-8 -Djava.io.tmpdir=/opt/sonarqube/temp -XX:-OmitStackTraceInFastThrow --add-opens=java.base/java.util=ALL-UNNAMED --add-opens=java.base/java.lang=ALL-UNNAMED --add-opens=java.base/java.io=ALL-UNNAMED --add-opens=java.rmi/sun.rmi.transport=ALL-UNNAMED -Xmx512m -Xms128m -XX:+HeapDumpOnOutOfMemoryError -Dhttp.nonProxyHosts=localhost|127.*|[::1] -cp ./lib/sonar-application-8.9.3.48735.jar:/opt/sonarqube/lib/jdbc/h2/h2-1.4.199.jar org.sonar.server.app.WebServer /opt/sonarqube/temp/sq-process12990599193852913943properties
2021.11.28 03:12:47 INFO  app[][o.s.a.SchedulerImpl] Process[web] is up
2021.11.28 03:12:47 INFO  app[][o.s.a.ProcessLauncherImpl] Launch process[[key='ce', ipcIndex=3, logFilenamePrefix=ce]] from [/opt/sonarqube]: /opt/java/openjdk/bin/java -Djava.awt.headless=true -Dfile.encoding=UTF-8 -Djava.io.tmpdir=/opt/sonarqube/temp -XX:-OmitStackTraceInFastThrow --add-opens=java.base/java.util=ALL-UNNAMED -Xmx512m -Xms128m -XX:+HeapDumpOnOutOfMemoryError -Dhttp.nonProxyHosts=localhost|127.*|[::1] -cp ./lib/sonar-application-8.9.3.48735.jar:/opt/sonarqube/lib/jdbc/h2/h2-1.4.199.jar org.sonar.ce.app.CeServer /opt/sonarqube/temp/sq-process142184589308285569properties
2021.11.28 03:12:50 INFO  app[][o.s.a.SchedulerImpl] Process[ce] is up
2021.11.28 03:12:50 INFO  app[][o.s.a.SchedulerImpl] SonarQube is up
2021.11.28 23:15:42 INFO  app[][o.s.a.SchedulerImpl] Stopping SonarQube
2021.11.28 23:15:42 INFO  app[][o.s.a.SchedulerImpl] Process[ce] is stopped
2021.11.28 23:15:43 INFO  app[][o.s.a.SchedulerImpl] Process[web] is stopped
2021.11.28 23:15:43 WARN  app[][o.s.a.p.AbstractManagedProcess] Process exited with exit value [es]: 143
2021.11.28 23:15:43 INFO  app[][o.s.a.SchedulerImpl] Process[es] is stopped
2021.11.28 23:15:43 INFO  app[][o.s.a.SchedulerImpl] SonarQube is stopped
2021.11.28 23:16:31 INFO  app[][o.s.a.AppFileSystem] Cleaning or creating temp directory /opt/sonarqube/temp
2021.11.28 23:16:32 INFO  app[][o.s.a.es.EsSettings] Elasticsearch listening on [HTTP: 127.0.0.1:9001, TCP: 127.0.0.1:42497]
2021.11.28 23:16:32 INFO  app[][o.s.a.ProcessLauncherImpl] Launch process[[key='es', ipcIndex=1, logFilenamePrefix=es]] from [/opt/sonarqube/elasticsearch]: /opt/sonarqube/elasticsearch/bin/elasticsearch
2021.11.28 23:16:32 INFO  app[][o.s.a.SchedulerImpl] Waiting for Elasticsearch to be up and running
2021.11.28 23:16:40 INFO  app[][o.s.a.SchedulerImpl] Process[es] is up
2021.11.28 23:16:40 INFO  app[][o.s.a.ProcessLauncherImpl] Launch process[[key='web', ipcIndex=2, logFilenamePrefix=web]] from [/opt/sonarqube]: /opt/java/openjdk/bin/java -Djava.awt.headless=true -Dfile.encoding=UTF-8 -Djava.io.tmpdir=/opt/sonarqube/temp -XX:-OmitStackTraceInFastThrow --add-opens=java.base/java.util=ALL-UNNAMED --add-opens=java.base/java.lang=ALL-UNNAMED --add-opens=java.base/java.io=ALL-UNNAMED --add-opens=java.rmi/sun.rmi.transport=ALL-UNNAMED -Xmx512m -Xms128m -XX:+HeapDumpOnOutOfMemoryError -Dhttp.nonProxyHosts=localhost|127.*|[::1] -cp ./lib/sonar-application-8.9.3.48735.jar:/opt/sonarqube/lib/jdbc/h2/h2-1.4.199.jar org.sonar.server.app.WebServer /opt/sonarqube/temp/sq-process3680065822425377162properties
2021.11.28 23:16:55 INFO  app[][o.s.a.SchedulerImpl] Process[web] is up
2021.11.28 23:16:55 INFO  app[][o.s.a.ProcessLauncherImpl] Launch process[[key='ce', ipcIndex=3, logFilenamePrefix=ce]] from [/opt/sonarqube]: /opt/java/openjdk/bin/java -Djava.awt.headless=true -Dfile.encoding=UTF-8 -Djava.io.tmpdir=/opt/sonarqube/temp -XX:-OmitStackTraceInFastThrow --add-opens=java.base/java.util=ALL-UNNAMED -Xmx512m -Xms128m -XX:+HeapDumpOnOutOfMemoryError -Dhttp.nonProxyHosts=localhost|127.*|[::1] -cp ./lib/sonar-application-8.9.3.48735.jar:/opt/sonarqube/lib/jdbc/h2/h2-1.4.199.jar org.sonar.ce.app.CeServer /opt/sonarqube/temp/sq-process6333271687691599102properties
2021.11.28 23:16:58 INFO  app[][o.s.a.SchedulerImpl] Process[ce] is up
2021.11.28 23:16:58 INFO  app[][o.s.a.SchedulerImpl] SonarQube is up
2021.11.28 23:17:57 INFO  app[][o.s.a.SchedulerImpl] Stopping SonarQube
2021.11.28 23:17:57 INFO  app[][o.s.a.SchedulerImpl] Process[ce] is stopped
2021.11.28 23:17:58 INFO  app[][o.s.a.SchedulerImpl] Process[web] is stopped
2021.11.28 23:17:58 INFO  app[][o.s.a.SchedulerImpl] Process[es] is stopped
2021.11.28 23:17:58 WARN  app[][o.s.a.p.AbstractManagedProcess] Process exited with exit value [es]: 143
2021.11.28 23:17:58 INFO  app[][o.s.a.SchedulerImpl] SonarQube is stopped
2021.11.28 23:18:28 INFO  app[][o.s.a.AppFileSystem] Cleaning or creating temp directory /opt/sonarqube/temp
2021.11.28 23:18:28 INFO  app[][o.s.a.es.EsSettings] Elasticsearch listening on [HTTP: 127.0.0.1:9001, TCP: 127.0.0.1:44815]
2021.11.28 23:18:29 INFO  app[][o.s.a.ProcessLauncherImpl] Launch process[[key='es', ipcIndex=1, logFilenamePrefix=es]] from [/opt/sonarqube/elasticsearch]: /opt/sonarqube/elasticsearch/bin/elasticsearch
2021.11.28 23:18:29 INFO  app[][o.s.a.SchedulerImpl] Waiting for Elasticsearch to be up and running
2021.11.28 23:18:37 INFO  app[][o.s.a.SchedulerImpl] Process[es] is up
2021.11.28 23:18:37 INFO  app[][o.s.a.ProcessLauncherImpl] Launch process[[key='web', ipcIndex=2, logFilenamePrefix=web]] from [/opt/sonarqube]: /opt/java/openjdk/bin/java -Djava.awt.headless=true -Dfile.encoding=UTF-8 -Djava.io.tmpdir=/opt/sonarqube/temp -XX:-OmitStackTraceInFastThrow --add-opens=java.base/java.util=ALL-UNNAMED --add-opens=java.base/java.lang=ALL-UNNAMED --add-opens=java.base/java.io=ALL-UNNAMED --add-opens=java.rmi/sun.rmi.transport=ALL-UNNAMED -Xmx512m -Xms128m -XX:+HeapDumpOnOutOfMemoryError -Dhttp.nonProxyHosts=localhost|127.*|[::1] -cp ./lib/sonar-application-8.9.3.48735.jar:/opt/sonarqube/lib/jdbc/h2/h2-1.4.199.jar org.sonar.server.app.WebServer /opt/sonarqube/temp/sq-process16986643927608349335properties
2021.11.28 23:18:51 INFO  app[][o.s.a.SchedulerImpl] Process[web] is up
2021.11.28 23:18:51 INFO  app[][o.s.a.ProcessLauncherImpl] Launch process[[key='ce', ipcIndex=3, logFilenamePrefix=ce]] from [/opt/sonarqube]: /opt/java/openjdk/bin/java -Djava.awt.headless=true -Dfile.encoding=UTF-8 -Djava.io.tmpdir=/opt/sonarqube/temp -XX:-OmitStackTraceInFastThrow --add-opens=java.base/java.util=ALL-UNNAMED -Xmx512m -Xms128m -XX:+HeapDumpOnOutOfMemoryError -Dhttp.nonProxyHosts=localhost|127.*|[::1] -cp ./lib/sonar-application-8.9.3.48735.jar:/opt/sonarqube/lib/jdbc/h2/h2-1.4.199.jar org.sonar.ce.app.CeServer /opt/sonarqube/temp/sq-process10342757529270940585properties
2021.11.28 23:18:54 INFO  app[][o.s.a.SchedulerImpl] Process[ce] is up
2021.11.28 23:18:54 INFO  app[][o.s.a.SchedulerImpl] SonarQube is up
2021.11.28 23:24:10 INFO  app[][o.s.a.SchedulerImpl] Stopping SonarQube
2021.11.28 23:24:11 INFO  app[][o.s.a.SchedulerImpl] Process[ce] is stopped
2021.11.28 23:24:12 INFO  app[][o.s.a.SchedulerImpl] Process[web] is stopped
2021.11.28 23:24:12 WARN  app[][o.s.a.p.AbstractManagedProcess] Process exited with exit value [es]: 143
2021.11.28 23:24:12 INFO  app[][o.s.a.SchedulerImpl] Process[es] is stopped
2021.11.28 23:24:12 INFO  app[][o.s.a.SchedulerImpl] SonarQube is stopped
2021.11.28 23:24:33 INFO  app[][o.s.a.AppFileSystem] Cleaning or creating temp directory /opt/sonarqube/temp
2021.11.28 23:24:33 INFO  app[][o.s.a.es.EsSettings] Elasticsearch listening on [HTTP: 127.0.0.1:9001, TCP: 127.0.0.1:45059]
2021.11.28 23:24:33 INFO  app[][o.s.a.ProcessLauncherImpl] Launch process[[key='es', ipcIndex=1, logFilenamePrefix=es]] from [/opt/sonarqube/elasticsearch]: /opt/sonarqube/elasticsearch/bin/elasticsearch
2021.11.28 23:24:33 INFO  app[][o.s.a.SchedulerImpl] Waiting for Elasticsearch to be up and running
2021.11.28 23:24:43 INFO  app[][o.s.a.SchedulerImpl] Process[es] is up
2021.11.28 23:24:43 INFO  app[][o.s.a.ProcessLauncherImpl] Launch process[[key='web', ipcIndex=2, logFilenamePrefix=web]] from [/opt/sonarqube]: /opt/java/openjdk/bin/java -Djava.awt.headless=true -Dfile.encoding=UTF-8 -Djava.io.tmpdir=/opt/sonarqube/temp -XX:-OmitStackTraceInFastThrow --add-opens=java.base/java.util=ALL-UNNAMED --add-opens=java.base/java.lang=ALL-UNNAMED --add-opens=java.base/java.io=ALL-UNNAMED --add-opens=java.rmi/sun.rmi.transport=ALL-UNNAMED -Xmx512m -Xms128m -XX:+HeapDumpOnOutOfMemoryError -Dhttp.nonProxyHosts=localhost|127.*|[::1] -cp ./lib/sonar-application-8.9.3.48735.jar:/opt/sonarqube/lib/jdbc/h2/h2-1.4.199.jar org.sonar.server.app.WebServer /opt/sonarqube/temp/sq-process14346122795273440106properties
2021.11.28 23:24:56 INFO  app[][o.s.a.SchedulerImpl] Process[web] is up
2021.11.28 23:24:56 INFO  app[][o.s.a.ProcessLauncherImpl] Launch process[[key='ce', ipcIndex=3, logFilenamePrefix=ce]] from [/opt/sonarqube]: /opt/java/openjdk/bin/java -Djava.awt.headless=true -Dfile.encoding=UTF-8 -Djava.io.tmpdir=/opt/sonarqube/temp -XX:-OmitStackTraceInFastThrow --add-opens=java.base/java.util=ALL-UNNAMED -Xmx512m -Xms128m -XX:+HeapDumpOnOutOfMemoryError -Dhttp.nonProxyHosts=localhost|127.*|[::1] -cp ./lib/sonar-application-8.9.3.48735.jar:/opt/sonarqube/lib/jdbc/h2/h2-1.4.199.jar org.sonar.ce.app.CeServer /opt/sonarqube/temp/sq-process2260742468726371937properties
2021.11.28 23:25:00 INFO  app[][o.s.a.SchedulerImpl] Process[ce] is up
2021.11.28 23:25:00 INFO  app[][o.s.a.SchedulerImpl] SonarQube is up
2021.11.28 23:28:14 INFO  app[][o.s.a.SchedulerImpl] Stopping SonarQube
2021.11.28 23:28:14 INFO  app[][o.s.a.SchedulerImpl] Process[ce] is stopped
2021.11.28 23:28:15 INFO  app[][o.s.a.SchedulerImpl] Process[web] is stopped
2021.11.28 23:28:15 WARN  app[][o.s.a.p.AbstractManagedProcess] Process exited with exit value [es]: 143
2021.11.28 23:28:15 INFO  app[][o.s.a.SchedulerImpl] Process[es] is stopped
2021.11.28 23:28:15 INFO  app[][o.s.a.SchedulerImpl] SonarQube is stopped
2021.11.28 23:28:47 INFO  app[][o.s.a.AppFileSystem] Cleaning or creating temp directory /opt/sonarqube/temp
2021.11.28 23:28:47 INFO  app[][o.s.a.es.EsSettings] Elasticsearch listening on [HTTP: 127.0.0.1:9001, TCP: 127.0.0.1:35997]
2021.11.28 23:28:47 INFO  app[][o.s.a.ProcessLauncherImpl] Launch process[[key='es', ipcIndex=1, logFilenamePrefix=es]] from [/opt/sonarqube/elasticsearch]: /opt/sonarqube/elasticsearch/bin/elasticsearch
2021.11.28 23:28:47 INFO  app[][o.s.a.SchedulerImpl] Waiting for Elasticsearch to be up and running
2021.11.28 23:28:55 INFO  app[][o.s.a.SchedulerImpl] Process[es] is up
2021.11.28 23:28:55 INFO  app[][o.s.a.ProcessLauncherImpl] Launch process[[key='web', ipcIndex=2, logFilenamePrefix=web]] from [/opt/sonarqube]: /opt/java/openjdk/bin/java -Djava.awt.headless=true -Dfile.encoding=UTF-8 -Djava.io.tmpdir=/opt/sonarqube/temp -XX:-OmitStackTraceInFastThrow --add-opens=java.base/java.util=ALL-UNNAMED --add-opens=java.base/java.lang=ALL-UNNAMED --add-opens=java.base/java.io=ALL-UNNAMED --add-opens=java.rmi/sun.rmi.transport=ALL-UNNAMED -Xmx512m -Xms128m -XX:+HeapDumpOnOutOfMemoryError -Dhttp.nonProxyHosts=localhost|127.*|[::1] -cp ./lib/sonar-application-8.9.3.48735.jar:/opt/sonarqube/lib/jdbc/h2/h2-1.4.199.jar org.sonar.server.app.WebServer /opt/sonarqube/temp/sq-process17639253119674539224properties
2021.11.28 23:29:09 INFO  app[][o.s.a.SchedulerImpl] Process[web] is up
2021.11.28 23:29:09 INFO  app[][o.s.a.ProcessLauncherImpl] Launch process[[key='ce', ipcIndex=3, logFilenamePrefix=ce]] from [/opt/sonarqube]: /opt/java/openjdk/bin/java -Djava.awt.headless=true -Dfile.encoding=UTF-8 -Djava.io.tmpdir=/opt/sonarqube/temp -XX:-OmitStackTraceInFastThrow --add-opens=java.base/java.util=ALL-UNNAMED -Xmx512m -Xms128m -XX:+HeapDumpOnOutOfMemoryError -Dhttp.nonProxyHosts=localhost|127.*|[::1] -cp ./lib/sonar-application-8.9.3.48735.jar:/opt/sonarqube/lib/jdbc/h2/h2-1.4.199.jar org.sonar.ce.app.CeServer /opt/sonarqube/temp/sq-process4309940195288893586properties
2021.11.28 23:29:12 INFO  app[][o.s.a.SchedulerImpl] Process[ce] is up
2021.11.28 23:29:12 INFO  app[][o.s.a.SchedulerImpl] SonarQube is up
2021.11.28 23:37:02 INFO  app[][o.s.a.SchedulerImpl] Stopping SonarQube
2021.11.28 23:37:03 INFO  app[][o.s.a.SchedulerImpl] Process[ce] is stopped
2021.11.28 23:37:03 INFO  app[][o.s.a.SchedulerImpl] Process[web] is stopped
2021.11.28 23:37:03 INFO  app[][o.s.a.SchedulerImpl] Process[es] is stopped
2021.11.28 23:37:03 WARN  app[][o.s.a.p.AbstractManagedProcess] Process exited with exit value [es]: 143
2021.11.28 23:37:03 INFO  app[][o.s.a.SchedulerImpl] SonarQube is stopped
2021.11.28 23:40:11 INFO  app[][o.s.a.AppFileSystem] Cleaning or creating temp directory /opt/sonarqube/temp
2021.11.28 23:40:11 INFO  app[][o.s.a.es.EsSettings] Elasticsearch listening on [HTTP: 127.0.0.1:9001, TCP: 127.0.0.1:42579]
2021.11.28 23:40:11 INFO  app[][o.s.a.ProcessLauncherImpl] Launch process[[key='es', ipcIndex=1, logFilenamePrefix=es]] from [/opt/sonarqube/elasticsearch]: /opt/sonarqube/elasticsearch/bin/elasticsearch
2021.11.28 23:40:11 INFO  app[][o.s.a.SchedulerImpl] Waiting for Elasticsearch to be up and running
2021.11.28 23:40:19 INFO  app[][o.s.a.SchedulerImpl] Process[es] is up
2021.11.28 23:40:19 INFO  app[][o.s.a.ProcessLauncherImpl] Launch process[[key='web', ipcIndex=2, logFilenamePrefix=web]] from [/opt/sonarqube]: /opt/java/openjdk/bin/java -Djava.awt.headless=true -Dfile.encoding=UTF-8 -Djava.io.tmpdir=/opt/sonarqube/temp -XX:-OmitStackTraceInFastThrow --add-opens=java.base/java.util=ALL-UNNAMED --add-opens=java.base/java.lang=ALL-UNNAMED --add-opens=java.base/java.io=ALL-UNNAMED --add-opens=java.rmi/sun.rmi.transport=ALL-UNNAMED -Xmx512m -Xms128m -XX:+HeapDumpOnOutOfMemoryError -Dhttp.nonProxyHosts=localhost|127.*|[::1] -cp ./lib/sonar-application-8.9.3.48735.jar:/opt/sonarqube/lib/jdbc/h2/h2-1.4.199.jar org.sonar.server.app.WebServer /opt/sonarqube/temp/sq-process11026114232731842366properties
2021.11.28 23:40:32 INFO  app[][o.s.a.SchedulerImpl] Process[web] is up
2021.11.28 23:40:32 INFO  app[][o.s.a.ProcessLauncherImpl] Launch process[[key='ce', ipcIndex=3, logFilenamePrefix=ce]] from [/opt/sonarqube]: /opt/java/openjdk/bin/java -Djava.awt.headless=true -Dfile.encoding=UTF-8 -Djava.io.tmpdir=/opt/sonarqube/temp -XX:-OmitStackTraceInFastThrow --add-opens=java.base/java.util=ALL-UNNAMED -Xmx512m -Xms128m -XX:+HeapDumpOnOutOfMemoryError -Dhttp.nonProxyHosts=localhost|127.*|[::1] -cp ./lib/sonar-application-8.9.3.48735.jar:/opt/sonarqube/lib/jdbc/h2/h2-1.4.199.jar org.sonar.ce.app.CeServer /opt/sonarqube/temp/sq-process2677466448444518841properties
2021.11.28 23:40:35 INFO  app[][o.s.a.SchedulerImpl] Process[ce] is up
2021.11.28 23:40:35 INFO  app[][o.s.a.SchedulerImpl] SonarQube is up
2021.11.28 23:47:09 INFO  app[][o.s.a.SchedulerImpl] Stopping SonarQube
2021.11.28 23:47:09 INFO  app[][o.s.a.SchedulerImpl] Process[ce] is stopped
2021.11.28 23:47:10 INFO  app[][o.s.a.SchedulerImpl] Process[web] is stopped
2021.11.28 23:47:10 INFO  app[][o.s.a.SchedulerImpl] Process[es] is stopped
2021.11.28 23:47:10 WARN  app[][o.s.a.p.AbstractManagedProcess] Process exited with exit value [es]: 143
2021.11.28 23:47:10 INFO  app[][o.s.a.SchedulerImpl] SonarQube is stopped
