2021.12.03 00:10:09 INFO  web[][o.s.p.ProcessEntryPoint] Gracefully stopping process
2021.12.03 00:10:09 INFO  web[][o.s.s.n.NotificationDaemon] Notification service stopped
2021.12.03 00:10:10 INFO  web[][o.s.s.p.d.EmbeddedDatabase] Embedded database stopped
2021.12.03 00:10:10 INFO  web[][o.s.s.app.WebServer] WebServer stopped
2021.12.03 00:14:41 INFO  web[][o.s.p.ProcessEntryPoint] Starting web
2021.12.03 00:14:41 INFO  web[][o.a.t.u.n.NioSelectorPool] Using a shared selector for servlet write/read
2021.12.03 00:14:42 INFO  web[][o.s.s.e.EsClientProvider] Connected to local Elasticsearch: [http://localhost:9001]
2021.12.03 00:14:42 INFO  web[][o.s.s.p.LogServerVersion] SonarQube Server / 8.9.3.48735 / f66fd41c02b18a63c6241c6eb4a1509e490719b4
2021.12.03 00:14:42 INFO  web[][o.s.s.p.d.EmbeddedDatabase] Starting embedded database on port 9092 with url jdbc:h2:tcp://127.0.0.1:9092/sonar
2021.12.03 00:14:42 INFO  web[][o.s.s.p.d.EmbeddedDatabase] Embedded database started. Data stored in: /opt/sonarqube/data
2021.12.03 00:14:42 INFO  web[][o.sonar.db.Database] Create JDBC data source for jdbc:h2:tcp://127.0.0.1:9092/sonar
2021.12.03 00:14:43 WARN  web[][o.s.db.dialect.H2] H2 database should be used for evaluation purpose only.
2021.12.03 00:14:43 INFO  web[][o.s.s.p.ServerFileSystemImpl] SonarQube home: /opt/sonarqube
2021.12.03 00:14:43 INFO  web[][o.s.s.u.SystemPasscodeImpl] System authentication by passcode is disabled
2021.12.03 00:14:44 INFO  web[][o.s.s.p.ServerPluginManager] Deploy plugin C# Code Quality and Security / 8.22.0.31243 / e3cee7838d992e31dcdd90cf4f7406bb20535e8e
2021.12.03 00:14:44 INFO  web[][o.s.s.p.ServerPluginManager] Deploy plugin CSS Code Quality and Security / 1.4.2.2002 / faa7d4f1407df67df7ada53caf677ab783721173
2021.12.03 00:14:44 INFO  web[][o.s.s.p.ServerPluginManager] Deploy plugin Flex Code Quality and Security / 2.6.1.2564 / bb723840701bda72510b7a47742811d20daad331
2021.12.03 00:14:44 INFO  web[][o.s.s.p.ServerPluginManager] Deploy plugin Go Code Quality and Security / 1.8.3.2219 / d6ad7a5a47fc4785d2e80918fb7424be46e38a7f
2021.12.03 00:14:44 INFO  web[][o.s.s.p.ServerPluginManager] Deploy plugin HTML Code Quality and Security / 3.4.0.2754 / 38f7ff864ae15152c9f1efc3014594f7e7ca7b6e
2021.12.03 00:14:44 INFO  web[][o.s.s.p.ServerPluginManager] Deploy plugin JaCoCo / 1.1.1.1157 / 83478572b9f23efac29de15e30c7758bbb0c0e47
2021.12.03 00:14:44 INFO  web[][o.s.s.p.ServerPluginManager] Deploy plugin Java Code Quality and Security / 6.15.1.26025 / 1b1e96715bfa9f6a4ae24e95cc5b91f0edce609f
2021.12.03 00:14:44 INFO  web[][o.s.s.p.ServerPluginManager] Deploy plugin JavaScript/TypeScript Code Quality and Security / 7.4.4.15624 / 481b2e69339b016b5d7d1eb27f0abf20dd6bd961
2021.12.03 00:14:44 INFO  web[][o.s.s.p.ServerPluginManager] Deploy plugin Kotlin Code Quality and Security / 1.8.3.2219 / d6ad7a5a47fc4785d2e80918fb7424be46e38a7f
2021.12.03 00:14:44 INFO  web[][o.s.s.p.ServerPluginManager] Deploy plugin PHP Code Quality and Security / 3.17.0.7439 / 44c7760147080c157fa0ff579772f92d3c8e1ebf
2021.12.03 00:14:44 INFO  web[][o.s.s.p.ServerPluginManager] Deploy plugin Python Code Quality and Security / 3.4.1.8066 / 22139ec73fb2f32044f66477ea52734415683668
2021.12.03 00:14:44 INFO  web[][o.s.s.p.ServerPluginManager] Deploy plugin Ruby Code Quality and Security / 1.8.3.2219 / d6ad7a5a47fc4785d2e80918fb7424be46e38a7f
2021.12.03 00:14:44 INFO  web[][o.s.s.p.ServerPluginManager] Deploy plugin Scala Code Quality and Security / 1.8.3.2219 / d6ad7a5a47fc4785d2e80918fb7424be46e38a7f
2021.12.03 00:14:44 INFO  web[][o.s.s.p.ServerPluginManager] Deploy plugin VB.NET Code Quality and Security / 8.22.0.31243 / e3cee7838d992e31dcdd90cf4f7406bb20535e8e
2021.12.03 00:14:44 INFO  web[][o.s.s.p.ServerPluginManager] Deploy plugin XML Code Quality and Security / 2.2.0.2973 / 16002945f0725643a7b42f090572795dd8b72a0f
2021.12.03 00:14:44 INFO  web[][o.s.s.p.w.MasterServletFilter] Initializing servlet filter org.sonar.server.platform.web.WebServiceFilter@ce48607 [pattern=UrlPattern{inclusions=[/api/system/migrate_db.*, ...], exclusions=[/api/components/update_key, ...]}]
2021.12.03 00:14:44 INFO  web[][o.s.s.a.EmbeddedTomcat] HTTP connector enabled on port 9000
2021.12.03 00:14:45 INFO  web[][o.s.s.p.UpdateCenterClient] Update center: https://update.sonarsource.org/update-center.properties (no proxy)
2021.12.03 00:14:46 INFO  web[][o.s.s.s.LogServerId] Server ID: BF41A1F2-AX1Z9-PrK3f4-1FZLOEX
2021.12.03 00:14:46 WARN  web[][o.s.s.a.LogOAuthWarning] For security reasons, OAuth authentication should use HTTPS. You should set the property 'Administration > Configuration > Server base URL' to a HTTPS URL.
2021.12.03 00:14:47 WARN  web[][o.s.a.s.w.WebService$Action] The response example is not set on action api/plugins/download
2021.12.03 00:14:47 WARN  web[][o.s.a.s.w.WebService$Action] The response example is not set on action api/permissions/search_templates
2021.12.03 00:14:47 WARN  web[][o.s.a.s.w.WebService$Action] The response example is not set on action api/alm_integrations/list_bitbucketserver_projects
2021.12.03 00:14:47 WARN  web[][o.s.a.s.w.WebService$Action] The response example is not set on action api/alm_integrations/check_pat
2021.12.03 00:14:47 WARN  web[][o.s.a.s.w.WebService$Action] The response example is not set on action api/alm_integrations/list_azure_projects
2021.12.03 00:14:47 WARN  web[][o.s.a.s.w.WebService$Action] The response example is not set on action api/alm_integrations/search_bitbucketserver_repos
2021.12.03 00:14:47 WARN  web[][o.s.a.s.w.WebService$Action] The response example is not set on action api/alm_integrations/search_azure_repos
2021.12.03 00:14:47 WARN  web[][o.s.a.s.w.WebService$Action] The response example is not set on action api/alm_integrations/list_github_organizations
2021.12.03 00:14:47 WARN  web[][o.s.a.s.w.WebService$Action] The response example is not set on action api/alm_integrations/list_github_repositories
2021.12.03 00:14:47 WARN  web[][o.s.a.s.w.WebService$Action] The response example is not set on action api/alm_integrations/get_github_client_id
2021.12.03 00:14:47 WARN  web[][o.s.a.s.w.WebService$Action] The response example is not set on action api/alm_settings/get_binding
2021.12.03 00:14:47 WARN  web[][o.s.a.s.w.WebService$Action] The response example is not set on action api/alm_settings/list
2021.12.03 00:14:47 WARN  web[][o.s.a.s.w.WebService$Action] The response example is not set on action api/alm_settings/list_definitions
2021.12.03 00:14:47 WARN  web[][o.s.a.s.w.WebService$Action] The response example is not set on action api/alm_settings/count_binding
2021.12.03 00:14:47 WARN  web[][o.s.a.s.w.WebService$Action] The response example is not set on action api/alm_settings/validate
2021.12.03 00:14:47 INFO  web[][o.s.s.t.TelemetryDaemon] Sharing of SonarQube statistics is enabled.
2021.12.03 00:14:47 INFO  web[][o.s.s.n.NotificationDaemon] Notification service started (delay 60 sec.)
2021.12.03 00:14:47 INFO  web[][o.s.s.a.p.ExpiredSessionsCleaner] Purge of expired session tokens has removed 0 elements
2021.12.03 00:14:47 INFO  web[][o.s.s.a.p.ExpiredSessionsCleaner] Purge of expired SAML message ids has removed 0 elements
2021.12.03 00:14:47 INFO  web[][o.s.s.s.GeneratePluginIndex] Generate scanner plugin index
2021.12.03 00:14:47 INFO  web[][o.s.s.s.RegisterPlugins] Register plugins
2021.12.03 00:14:47 INFO  web[][o.s.s.s.RegisterMetrics] Register metrics
2021.12.03 00:14:47 INFO  web[][o.s.s.r.RegisterRules] Register rules
2021.12.03 00:14:53 INFO  web[][o.s.s.q.BuiltInQProfileRepositoryImpl] Load quality profiles
2021.12.03 00:14:54 INFO  web[][o.s.s.q.RegisterQualityProfiles] Register quality profiles
2021.12.03 00:14:54 INFO  web[][o.s.s.q.RegisterQualityProfiles] Update profile css/Sonar way
2021.12.03 00:14:54 INFO  web[][o.s.s.q.RegisterQualityProfiles] Update profile scala/Sonar way
2021.12.03 00:14:54 INFO  web[][o.s.s.q.RegisterQualityProfiles] Update profile jsp/Sonar way
2021.12.03 00:14:54 INFO  web[][o.s.s.q.RegisterQualityProfiles] Update profile go/Sonar way
2021.12.03 00:14:54 INFO  web[][o.s.s.q.RegisterQualityProfiles] Update profile kotlin/Sonar way
2021.12.03 00:14:54 INFO  web[][o.s.s.q.RegisterQualityProfiles] Update profile js/Sonar way
2021.12.03 00:14:54 INFO  web[][o.s.s.q.RegisterQualityProfiles] Update profile py/Sonar way
2021.12.03 00:14:54 INFO  web[][o.s.s.q.RegisterQualityProfiles] Update profile ruby/Sonar way
2021.12.03 00:14:54 INFO  web[][o.s.s.q.RegisterQualityProfiles] Update profile cs/Sonar way
2021.12.03 00:14:54 INFO  web[][o.s.s.q.RegisterQualityProfiles] Update profile java/Sonar way
2021.12.03 00:14:55 INFO  web[][o.s.s.q.RegisterQualityProfiles] Update profile web/Sonar way
2021.12.03 00:14:55 INFO  web[][o.s.s.q.RegisterQualityProfiles] Update profile flex/Sonar way
2021.12.03 00:14:55 INFO  web[][o.s.s.q.RegisterQualityProfiles] Update profile xml/Sonar way
2021.12.03 00:14:55 INFO  web[][o.s.s.q.RegisterQualityProfiles] Update profile php/Sonar way
2021.12.03 00:14:55 INFO  web[][o.s.s.q.RegisterQualityProfiles] Update profile php/PSR-2
2021.12.03 00:14:55 INFO  web[][o.s.s.q.RegisterQualityProfiles] Update profile php/Drupal
2021.12.03 00:14:55 INFO  web[][o.s.s.q.RegisterQualityProfiles] Update profile vbnet/Sonar way
2021.12.03 00:14:55 INFO  web[][o.s.s.q.RegisterQualityProfiles] Update profile ts/Sonar way
2021.12.03 00:14:55 INFO  web[][o.s.s.s.RegisterPermissionTemplates] Register permission templates
2021.12.03 00:14:55 INFO  web[][o.s.s.s.RenameDeprecatedPropertyKeys] Rename deprecated property keys
2021.12.03 00:14:55 INFO  web[][o.s.s.p.w.MasterServletFilter] Initializing servlet filter org.sonar.server.platform.web.SonarLintConnectionFilter@219cd55d [pattern=UrlPattern{inclusions=[/api/*], exclusions=[]}]
2021.12.03 00:14:55 INFO  web[][o.s.s.p.w.MasterServletFilter] Initializing servlet filter org.sonar.server.platform.web.WebServiceFilter@30115884 [pattern=UrlPattern{inclusions=[/api/issues/delete_comment.*, ...], exclusions=[/api/authentication/login.*, ...]}]
2021.12.03 00:14:55 INFO  web[][o.s.s.p.w.MasterServletFilter] Initializing servlet filter org.sonar.server.platform.web.WebServiceReroutingFilter@397cab45 [pattern=UrlPattern{inclusions=[/api/components/bulk_update_key, ...], exclusions=[]}]
2021.12.03 00:14:55 INFO  web[][o.s.s.p.w.MasterServletFilter] Initializing servlet filter org.sonar.server.plugins.PluginsRiskConsentFilter@2734ae3 [pattern=UrlPattern{inclusions=[/*], exclusions=[*.css, ...]}]
2021.12.03 00:14:55 INFO  web[][o.s.s.p.w.MasterServletFilter] Initializing servlet filter org.sonar.server.authentication.DefaultAdminCredentialsVerifierFilter@4118b440 [pattern=UrlPattern{inclusions=[/*], exclusions=[*.css, ...]}]
2021.12.03 00:14:55 INFO  web[][o.s.s.p.w.MasterServletFilter] Initializing servlet filter org.sonar.server.authentication.InitFilter@6840399e [pattern=UrlPattern{inclusions=[/sessions/init/*], exclusions=[]}]
2021.12.03 00:14:55 INFO  web[][o.s.s.p.w.MasterServletFilter] Initializing servlet filter org.sonar.server.authentication.OAuth2CallbackFilter@3200a513 [pattern=UrlPattern{inclusions=[/oauth2/callback/*], exclusions=[]}]
2021.12.03 00:14:55 INFO  web[][o.s.s.p.w.MasterServletFilter] Initializing servlet filter org.sonar.server.authentication.ResetPasswordFilter@7d0572a6 [pattern=UrlPattern{inclusions=[/*], exclusions=[*.css, ...]}]
2021.12.03 00:14:55 INFO  web[][o.s.s.p.w.MasterServletFilter] Initializing servlet filter org.sonar.server.authentication.ws.LoginAction@75d40c37 [pattern=UrlPattern{inclusions=[/api/authentication/login], exclusions=[]}]
2021.12.03 00:14:55 INFO  web[][o.s.s.p.w.MasterServletFilter] Initializing servlet filter org.sonar.server.authentication.ws.LogoutAction@28183a9e [pattern=UrlPattern{inclusions=[/api/authentication/logout], exclusions=[]}]
2021.12.03 00:14:55 INFO  web[][o.s.s.p.w.MasterServletFilter] Initializing servlet filter org.sonar.server.authentication.ws.ValidateAction@56114094 [pattern=UrlPattern{inclusions=[/api/authentication/validate], exclusions=[]}]
2021.12.03 00:14:55 INFO  web[][o.s.s.q.ProjectsInWarningDaemon] Counting number of projects in warning is not started as there are no projects in this situation.
2021.12.03 00:14:55 INFO  web[][o.s.s.p.p.PlatformLevelStartup] Running Community Edition
2021.12.03 00:14:55 INFO  web[][o.s.s.p.Platform] WebServer is operational
2021.12.03 00:21:20 INFO  web[][o.s.p.ProcessEntryPoint] Gracefully stopping process
2021.12.03 00:21:20 INFO  web[][o.s.s.n.NotificationDaemon] Notification service stopped
2021.12.03 00:21:20 INFO  web[][o.s.s.p.d.EmbeddedDatabase] Embedded database stopped
2021.12.03 00:21:20 INFO  web[][o.s.s.app.WebServer] WebServer stopped
2021.12.03 00:38:11 INFO  web[][o.s.p.ProcessEntryPoint] Starting web
2021.12.03 00:38:11 INFO  web[][o.a.t.u.n.NioSelectorPool] Using a shared selector for servlet write/read
2021.12.03 00:38:11 INFO  web[][o.s.s.e.EsClientProvider] Connected to local Elasticsearch: [http://localhost:9001]
2021.12.03 00:38:12 INFO  web[][o.s.s.p.LogServerVersion] SonarQube Server / 8.9.3.48735 / f66fd41c02b18a63c6241c6eb4a1509e490719b4
2021.12.03 00:38:12 INFO  web[][o.s.s.p.d.EmbeddedDatabase] Starting embedded database on port 9092 with url jdbc:h2:tcp://127.0.0.1:9092/sonar
2021.12.03 00:38:12 INFO  web[][o.s.s.p.d.EmbeddedDatabase] Embedded database started. Data stored in: /opt/sonarqube/data
2021.12.03 00:38:12 INFO  web[][o.sonar.db.Database] Create JDBC data source for jdbc:h2:tcp://127.0.0.1:9092/sonar
2021.12.03 00:38:12 WARN  web[][o.s.db.dialect.H2] H2 database should be used for evaluation purpose only.
2021.12.03 00:38:15 INFO  web[][o.s.s.p.ServerFileSystemImpl] SonarQube home: /opt/sonarqube
2021.12.03 00:38:15 INFO  web[][o.s.s.u.SystemPasscodeImpl] System authentication by passcode is disabled
2021.12.03 00:38:16 INFO  web[][o.s.s.p.ServerPluginManager] Deploy plugin C# Code Quality and Security / 8.22.0.31243 / e3cee7838d992e31dcdd90cf4f7406bb20535e8e
2021.12.03 00:38:16 INFO  web[][o.s.s.p.ServerPluginManager] Deploy plugin CSS Code Quality and Security / 1.4.2.2002 / faa7d4f1407df67df7ada53caf677ab783721173
2021.12.03 00:38:16 INFO  web[][o.s.s.p.ServerPluginManager] Deploy plugin Flex Code Quality and Security / 2.6.1.2564 / bb723840701bda72510b7a47742811d20daad331
2021.12.03 00:38:16 INFO  web[][o.s.s.p.ServerPluginManager] Deploy plugin Go Code Quality and Security / 1.8.3.2219 / d6ad7a5a47fc4785d2e80918fb7424be46e38a7f
2021.12.03 00:38:16 INFO  web[][o.s.s.p.ServerPluginManager] Deploy plugin HTML Code Quality and Security / 3.4.0.2754 / 38f7ff864ae15152c9f1efc3014594f7e7ca7b6e
2021.12.03 00:38:16 INFO  web[][o.s.s.p.ServerPluginManager] Deploy plugin JaCoCo / 1.1.1.1157 / 83478572b9f23efac29de15e30c7758bbb0c0e47
2021.12.03 00:38:16 INFO  web[][o.s.s.p.ServerPluginManager] Deploy plugin Java Code Quality and Security / 6.15.1.26025 / 1b1e96715bfa9f6a4ae24e95cc5b91f0edce609f
2021.12.03 00:38:16 INFO  web[][o.s.s.p.ServerPluginManager] Deploy plugin JavaScript/TypeScript Code Quality and Security / 7.4.4.15624 / 481b2e69339b016b5d7d1eb27f0abf20dd6bd961
2021.12.03 00:38:16 INFO  web[][o.s.s.p.ServerPluginManager] Deploy plugin Kotlin Code Quality and Security / 1.8.3.2219 / d6ad7a5a47fc4785d2e80918fb7424be46e38a7f
2021.12.03 00:38:16 INFO  web[][o.s.s.p.ServerPluginManager] Deploy plugin PHP Code Quality and Security / 3.17.0.7439 / 44c7760147080c157fa0ff579772f92d3c8e1ebf
2021.12.03 00:38:16 INFO  web[][o.s.s.p.ServerPluginManager] Deploy plugin Python Code Quality and Security / 3.4.1.8066 / 22139ec73fb2f32044f66477ea52734415683668
2021.12.03 00:38:16 INFO  web[][o.s.s.p.ServerPluginManager] Deploy plugin Ruby Code Quality and Security / 1.8.3.2219 / d6ad7a5a47fc4785d2e80918fb7424be46e38a7f
2021.12.03 00:38:16 INFO  web[][o.s.s.p.ServerPluginManager] Deploy plugin Scala Code Quality and Security / 1.8.3.2219 / d6ad7a5a47fc4785d2e80918fb7424be46e38a7f
2021.12.03 00:38:16 INFO  web[][o.s.s.p.ServerPluginManager] Deploy plugin VB.NET Code Quality and Security / 8.22.0.31243 / e3cee7838d992e31dcdd90cf4f7406bb20535e8e
2021.12.03 00:38:16 INFO  web[][o.s.s.p.ServerPluginManager] Deploy plugin XML Code Quality and Security / 2.2.0.2973 / 16002945f0725643a7b42f090572795dd8b72a0f
2021.12.03 00:38:19 INFO  web[][o.s.s.p.w.MasterServletFilter] Initializing servlet filter org.sonar.server.platform.web.WebServiceFilter@5c92cbee [pattern=UrlPattern{inclusions=[/api/system/migrate_db.*, ...], exclusions=[/api/components/update_key, ...]}]
2021.12.03 00:38:19 INFO  web[][o.s.s.a.EmbeddedTomcat] HTTP connector enabled on port 9000
2021.12.03 00:38:20 INFO  web[][o.s.s.p.UpdateCenterClient] Update center: https://update.sonarsource.org/update-center.properties (no proxy)
2021.12.03 00:38:21 INFO  web[][o.s.s.s.LogServerId] Server ID: BF41A1F2-AX1Z9-PrK3f4-1FZLOEX
2021.12.03 00:38:21 WARN  web[][o.s.s.a.LogOAuthWarning] For security reasons, OAuth authentication should use HTTPS. You should set the property 'Administration > Configuration > Server base URL' to a HTTPS URL.
2021.12.03 00:38:21 WARN  web[][o.s.a.s.w.WebService$Action] The response example is not set on action api/plugins/download
2021.12.03 00:38:22 WARN  web[][o.s.a.s.w.WebService$Action] The response example is not set on action api/permissions/search_templates
2021.12.03 00:38:22 WARN  web[][o.s.a.s.w.WebService$Action] The response example is not set on action api/alm_integrations/list_bitbucketserver_projects
2021.12.03 00:38:22 WARN  web[][o.s.a.s.w.WebService$Action] The response example is not set on action api/alm_integrations/check_pat
2021.12.03 00:38:22 WARN  web[][o.s.a.s.w.WebService$Action] The response example is not set on action api/alm_integrations/list_azure_projects
2021.12.03 00:38:22 WARN  web[][o.s.a.s.w.WebService$Action] The response example is not set on action api/alm_integrations/search_bitbucketserver_repos
2021.12.03 00:38:22 WARN  web[][o.s.a.s.w.WebService$Action] The response example is not set on action api/alm_integrations/search_azure_repos
2021.12.03 00:38:22 WARN  web[][o.s.a.s.w.WebService$Action] The response example is not set on action api/alm_integrations/list_github_organizations
2021.12.03 00:38:22 WARN  web[][o.s.a.s.w.WebService$Action] The response example is not set on action api/alm_integrations/list_github_repositories
2021.12.03 00:38:22 WARN  web[][o.s.a.s.w.WebService$Action] The response example is not set on action api/alm_integrations/get_github_client_id
2021.12.03 00:38:22 WARN  web[][o.s.a.s.w.WebService$Action] The response example is not set on action api/alm_settings/get_binding
2021.12.03 00:38:22 WARN  web[][o.s.a.s.w.WebService$Action] The response example is not set on action api/alm_settings/list
2021.12.03 00:38:22 WARN  web[][o.s.a.s.w.WebService$Action] The response example is not set on action api/alm_settings/list_definitions
2021.12.03 00:38:22 WARN  web[][o.s.a.s.w.WebService$Action] The response example is not set on action api/alm_settings/count_binding
2021.12.03 00:38:22 WARN  web[][o.s.a.s.w.WebService$Action] The response example is not set on action api/alm_settings/validate
2021.12.03 00:38:22 INFO  web[][o.s.s.t.TelemetryDaemon] Sharing of SonarQube statistics is enabled.
2021.12.03 00:38:22 INFO  web[][o.s.s.n.NotificationDaemon] Notification service started (delay 60 sec.)
2021.12.03 00:38:22 INFO  web[][o.s.s.a.p.ExpiredSessionsCleaner] Purge of expired session tokens has removed 0 elements
2021.12.03 00:38:22 INFO  web[][o.s.s.a.p.ExpiredSessionsCleaner] Purge of expired SAML message ids has removed 0 elements
2021.12.03 00:38:22 INFO  web[][o.s.s.s.GeneratePluginIndex] Generate scanner plugin index
2021.12.03 00:38:22 INFO  web[][o.s.s.s.RegisterPlugins] Register plugins
2021.12.03 00:38:22 INFO  web[][o.s.s.s.RegisterMetrics] Register metrics
2021.12.03 00:38:22 INFO  web[][o.s.s.r.RegisterRules] Register rules
2021.12.03 00:38:27 INFO  web[][o.s.s.q.BuiltInQProfileRepositoryImpl] Load quality profiles
2021.12.03 00:38:30 INFO  web[][o.s.s.q.RegisterQualityProfiles] Register quality profiles
2021.12.03 00:38:30 INFO  web[][o.s.s.q.RegisterQualityProfiles] Update profile css/Sonar way
2021.12.03 00:38:30 INFO  web[][o.s.s.q.RegisterQualityProfiles] Update profile scala/Sonar way
2021.12.03 00:38:30 INFO  web[][o.s.s.q.RegisterQualityProfiles] Update profile jsp/Sonar way
2021.12.03 00:38:30 INFO  web[][o.s.s.q.RegisterQualityProfiles] Update profile go/Sonar way
2021.12.03 00:38:30 INFO  web[][o.s.s.q.RegisterQualityProfiles] Update profile kotlin/Sonar way
2021.12.03 00:38:30 INFO  web[][o.s.s.q.RegisterQualityProfiles] Update profile js/Sonar way
2021.12.03 00:38:30 INFO  web[][o.s.s.q.RegisterQualityProfiles] Update profile py/Sonar way
2021.12.03 00:38:30 INFO  web[][o.s.s.q.RegisterQualityProfiles] Update profile ruby/Sonar way
2021.12.03 00:38:30 INFO  web[][o.s.s.q.RegisterQualityProfiles] Update profile cs/Sonar way
2021.12.03 00:38:30 INFO  web[][o.s.s.q.RegisterQualityProfiles] Update profile java/Sonar way
2021.12.03 00:38:30 INFO  web[][o.s.s.q.RegisterQualityProfiles] Update profile web/Sonar way
2021.12.03 00:38:30 INFO  web[][o.s.s.q.RegisterQualityProfiles] Update profile flex/Sonar way
2021.12.03 00:38:30 INFO  web[][o.s.s.q.RegisterQualityProfiles] Update profile xml/Sonar way
2021.12.03 00:38:31 INFO  web[][o.s.s.q.RegisterQualityProfiles] Update profile php/Sonar way
2021.12.03 00:38:31 INFO  web[][o.s.s.q.RegisterQualityProfiles] Update profile php/PSR-2
2021.12.03 00:38:31 INFO  web[][o.s.s.q.RegisterQualityProfiles] Update profile php/Drupal
2021.12.03 00:38:31 INFO  web[][o.s.s.q.RegisterQualityProfiles] Update profile vbnet/Sonar way
2021.12.03 00:38:31 INFO  web[][o.s.s.q.RegisterQualityProfiles] Update profile ts/Sonar way
2021.12.03 00:38:31 INFO  web[][o.s.s.s.RegisterPermissionTemplates] Register permission templates
2021.12.03 00:38:31 INFO  web[][o.s.s.s.RenameDeprecatedPropertyKeys] Rename deprecated property keys
2021.12.03 00:38:31 INFO  web[][o.s.s.p.w.MasterServletFilter] Initializing servlet filter org.sonar.server.platform.web.SonarLintConnectionFilter@20a78669 [pattern=UrlPattern{inclusions=[/api/*], exclusions=[]}]
2021.12.03 00:38:31 INFO  web[][o.s.s.p.w.MasterServletFilter] Initializing servlet filter org.sonar.server.platform.web.WebServiceFilter@73c42a6c [pattern=UrlPattern{inclusions=[/api/issues/delete_comment.*, ...], exclusions=[/api/authentication/login.*, ...]}]
2021.12.03 00:38:31 INFO  web[][o.s.s.p.w.MasterServletFilter] Initializing servlet filter org.sonar.server.platform.web.WebServiceReroutingFilter@7c70506a [pattern=UrlPattern{inclusions=[/api/components/bulk_update_key, ...], exclusions=[]}]
2021.12.03 00:38:31 INFO  web[][o.s.s.p.w.MasterServletFilter] Initializing servlet filter org.sonar.server.plugins.PluginsRiskConsentFilter@3ffea5f4 [pattern=UrlPattern{inclusions=[/*], exclusions=[*.css, ...]}]
2021.12.03 00:38:31 INFO  web[][o.s.s.p.w.MasterServletFilter] Initializing servlet filter org.sonar.server.authentication.DefaultAdminCredentialsVerifierFilter@43645dbf [pattern=UrlPattern{inclusions=[/*], exclusions=[*.css, ...]}]
2021.12.03 00:38:31 INFO  web[][o.s.s.p.w.MasterServletFilter] Initializing servlet filter org.sonar.server.authentication.InitFilter@4cbe3666 [pattern=UrlPattern{inclusions=[/sessions/init/*], exclusions=[]}]
2021.12.03 00:38:31 INFO  web[][o.s.s.p.w.MasterServletFilter] Initializing servlet filter org.sonar.server.authentication.OAuth2CallbackFilter@6af464b4 [pattern=UrlPattern{inclusions=[/oauth2/callback/*], exclusions=[]}]
2021.12.03 00:38:31 INFO  web[][o.s.s.p.w.MasterServletFilter] Initializing servlet filter org.sonar.server.authentication.ResetPasswordFilter@2b025e99 [pattern=UrlPattern{inclusions=[/*], exclusions=[*.css, ...]}]
2021.12.03 00:38:31 INFO  web[][o.s.s.p.w.MasterServletFilter] Initializing servlet filter org.sonar.server.authentication.ws.LoginAction@142d41b9 [pattern=UrlPattern{inclusions=[/api/authentication/login], exclusions=[]}]
2021.12.03 00:38:31 INFO  web[][o.s.s.p.w.MasterServletFilter] Initializing servlet filter org.sonar.server.authentication.ws.LogoutAction@62078d8b [pattern=UrlPattern{inclusions=[/api/authentication/logout], exclusions=[]}]
2021.12.03 00:38:31 INFO  web[][o.s.s.p.w.MasterServletFilter] Initializing servlet filter org.sonar.server.authentication.ws.ValidateAction@39988101 [pattern=UrlPattern{inclusions=[/api/authentication/validate], exclusions=[]}]
2021.12.03 00:38:31 INFO  web[][o.s.s.q.ProjectsInWarningDaemon] Counting number of projects in warning is not started as there are no projects in this situation.
2021.12.03 00:38:31 INFO  web[][o.s.s.p.p.PlatformLevelStartup] Running Community Edition
2021.12.03 00:38:31 INFO  web[][o.s.s.p.Platform] WebServer is operational
2021.12.03 08:31:06 INFO  web[][o.s.p.ProcessEntryPoint] Starting web
2021.12.03 08:31:07 INFO  web[][o.a.t.u.n.NioSelectorPool] Using a shared selector for servlet write/read
2021.12.03 08:31:08 INFO  web[][o.s.s.e.EsClientProvider] Connected to local Elasticsearch: [http://localhost:9001]
2021.12.03 08:31:09 INFO  web[][o.s.s.p.LogServerVersion] SonarQube Server / 8.9.3.48735 / f66fd41c02b18a63c6241c6eb4a1509e490719b4
2021.12.03 08:31:11 INFO  web[][o.s.s.p.d.EmbeddedDatabase] Starting embedded database on port 9092 with url jdbc:h2:tcp://127.0.0.1:9092/sonar
2021.12.03 08:31:11 INFO  web[][o.s.s.p.d.EmbeddedDatabase] Embedded database started. Data stored in: /opt/sonarqube/data
2021.12.03 08:31:11 INFO  web[][o.sonar.db.Database] Create JDBC data source for jdbc:h2:tcp://127.0.0.1:9092/sonar
2021.12.03 08:31:11 WARN  web[][o.s.db.dialect.H2] H2 database should be used for evaluation purpose only.
2021.12.03 08:31:13 INFO  web[][o.s.s.p.ServerFileSystemImpl] SonarQube home: /opt/sonarqube
2021.12.03 08:31:13 INFO  web[][o.s.s.u.SystemPasscodeImpl] System authentication by passcode is disabled
2021.12.03 08:31:14 INFO  web[][o.s.s.p.ServerPluginManager] Deploy plugin C# Code Quality and Security / 8.22.0.31243 / e3cee7838d992e31dcdd90cf4f7406bb20535e8e
2021.12.03 08:31:14 INFO  web[][o.s.s.p.ServerPluginManager] Deploy plugin CSS Code Quality and Security / 1.4.2.2002 / faa7d4f1407df67df7ada53caf677ab783721173
2021.12.03 08:31:14 INFO  web[][o.s.s.p.ServerPluginManager] Deploy plugin Flex Code Quality and Security / 2.6.1.2564 / bb723840701bda72510b7a47742811d20daad331
2021.12.03 08:31:14 INFO  web[][o.s.s.p.ServerPluginManager] Deploy plugin Go Code Quality and Security / 1.8.3.2219 / d6ad7a5a47fc4785d2e80918fb7424be46e38a7f
2021.12.03 08:31:14 INFO  web[][o.s.s.p.ServerPluginManager] Deploy plugin HTML Code Quality and Security / 3.4.0.2754 / 38f7ff864ae15152c9f1efc3014594f7e7ca7b6e
2021.12.03 08:31:14 INFO  web[][o.s.s.p.ServerPluginManager] Deploy plugin JaCoCo / 1.1.1.1157 / 83478572b9f23efac29de15e30c7758bbb0c0e47
2021.12.03 08:31:14 INFO  web[][o.s.s.p.ServerPluginManager] Deploy plugin Java Code Quality and Security / 6.15.1.26025 / 1b1e96715bfa9f6a4ae24e95cc5b91f0edce609f
2021.12.03 08:31:14 INFO  web[][o.s.s.p.ServerPluginManager] Deploy plugin JavaScript/TypeScript Code Quality and Security / 7.4.4.15624 / 481b2e69339b016b5d7d1eb27f0abf20dd6bd961
2021.12.03 08:31:14 INFO  web[][o.s.s.p.ServerPluginManager] Deploy plugin Kotlin Code Quality and Security / 1.8.3.2219 / d6ad7a5a47fc4785d2e80918fb7424be46e38a7f
2021.12.03 08:31:14 INFO  web[][o.s.s.p.ServerPluginManager] Deploy plugin PHP Code Quality and Security / 3.17.0.7439 / 44c7760147080c157fa0ff579772f92d3c8e1ebf
2021.12.03 08:31:14 INFO  web[][o.s.s.p.ServerPluginManager] Deploy plugin Python Code Quality and Security / 3.4.1.8066 / 22139ec73fb2f32044f66477ea52734415683668
2021.12.03 08:31:14 INFO  web[][o.s.s.p.ServerPluginManager] Deploy plugin Ruby Code Quality and Security / 1.8.3.2219 / d6ad7a5a47fc4785d2e80918fb7424be46e38a7f
2021.12.03 08:31:14 INFO  web[][o.s.s.p.ServerPluginManager] Deploy plugin Scala Code Quality and Security / 1.8.3.2219 / d6ad7a5a47fc4785d2e80918fb7424be46e38a7f
2021.12.03 08:31:14 INFO  web[][o.s.s.p.ServerPluginManager] Deploy plugin VB.NET Code Quality and Security / 8.22.0.31243 / e3cee7838d992e31dcdd90cf4f7406bb20535e8e
2021.12.03 08:31:14 INFO  web[][o.s.s.p.ServerPluginManager] Deploy plugin XML Code Quality and Security / 2.2.0.2973 / 16002945f0725643a7b42f090572795dd8b72a0f
2021.12.03 08:31:16 INFO  web[][o.s.s.p.w.MasterServletFilter] Initializing servlet filter org.sonar.server.platform.web.WebServiceFilter@1b349fa0 [pattern=UrlPattern{inclusions=[/api/system/migrate_db.*, ...], exclusions=[/api/components/update_key, ...]}]
2021.12.03 08:31:16 INFO  web[][o.s.s.a.EmbeddedTomcat] HTTP connector enabled on port 9000
2021.12.03 08:31:18 INFO  web[][o.s.s.p.UpdateCenterClient] Update center: https://update.sonarsource.org/update-center.properties (no proxy)
2021.12.03 08:31:21 INFO  web[][o.s.s.s.LogServerId] Server ID: BF41A1F2-AX1Z9-PrK3f4-1FZLOEX
2021.12.03 08:31:21 WARN  web[][o.s.s.a.LogOAuthWarning] For security reasons, OAuth authentication should use HTTPS. You should set the property 'Administration > Configuration > Server base URL' to a HTTPS URL.
2021.12.03 08:31:22 WARN  web[][o.s.a.s.w.WebService$Action] The response example is not set on action api/plugins/download
2021.12.03 08:31:22 WARN  web[][o.s.a.s.w.WebService$Action] The response example is not set on action api/permissions/search_templates
2021.12.03 08:31:22 WARN  web[][o.s.a.s.w.WebService$Action] The response example is not set on action api/alm_integrations/list_bitbucketserver_projects
2021.12.03 08:31:22 WARN  web[][o.s.a.s.w.WebService$Action] The response example is not set on action api/alm_integrations/check_pat
2021.12.03 08:31:22 WARN  web[][o.s.a.s.w.WebService$Action] The response example is not set on action api/alm_integrations/list_azure_projects
2021.12.03 08:31:22 WARN  web[][o.s.a.s.w.WebService$Action] The response example is not set on action api/alm_integrations/search_bitbucketserver_repos
2021.12.03 08:31:22 WARN  web[][o.s.a.s.w.WebService$Action] The response example is not set on action api/alm_integrations/search_azure_repos
2021.12.03 08:31:22 WARN  web[][o.s.a.s.w.WebService$Action] The response example is not set on action api/alm_integrations/list_github_organizations
2021.12.03 08:31:22 WARN  web[][o.s.a.s.w.WebService$Action] The response example is not set on action api/alm_integrations/list_github_repositories
2021.12.03 08:31:22 WARN  web[][o.s.a.s.w.WebService$Action] The response example is not set on action api/alm_integrations/get_github_client_id
2021.12.03 08:31:22 WARN  web[][o.s.a.s.w.WebService$Action] The response example is not set on action api/alm_settings/get_binding
2021.12.03 08:31:22 WARN  web[][o.s.a.s.w.WebService$Action] The response example is not set on action api/alm_settings/list
2021.12.03 08:31:22 WARN  web[][o.s.a.s.w.WebService$Action] The response example is not set on action api/alm_settings/list_definitions
2021.12.03 08:31:22 WARN  web[][o.s.a.s.w.WebService$Action] The response example is not set on action api/alm_settings/count_binding
2021.12.03 08:31:22 WARN  web[][o.s.a.s.w.WebService$Action] The response example is not set on action api/alm_settings/validate
2021.12.03 08:31:22 INFO  web[][o.s.s.t.TelemetryDaemon] Sharing of SonarQube statistics is enabled.
2021.12.03 08:31:22 INFO  web[][o.s.s.n.NotificationDaemon] Notification service started (delay 60 sec.)
2021.12.03 08:31:22 INFO  web[][o.s.s.a.p.ExpiredSessionsCleaner] Purge of expired session tokens has removed 0 elements
2021.12.03 08:31:22 INFO  web[][o.s.s.a.p.ExpiredSessionsCleaner] Purge of expired SAML message ids has removed 0 elements
2021.12.03 08:31:23 INFO  web[][o.s.s.s.GeneratePluginIndex] Generate scanner plugin index
2021.12.03 08:31:23 INFO  web[][o.s.s.s.RegisterPlugins] Register plugins
2021.12.03 08:31:23 INFO  web[][o.s.s.s.RegisterMetrics] Register metrics
2021.12.03 08:31:23 INFO  web[][o.s.s.r.RegisterRules] Register rules
2021.12.03 08:31:37 INFO  web[][o.s.s.q.BuiltInQProfileRepositoryImpl] Load quality profiles
2021.12.03 08:31:39 INFO  web[][o.s.s.q.RegisterQualityProfiles] Register quality profiles
2021.12.03 08:31:39 INFO  web[][o.s.s.q.RegisterQualityProfiles] Update profile css/Sonar way
2021.12.03 08:31:39 INFO  web[][o.s.s.q.RegisterQualityProfiles] Update profile scala/Sonar way
2021.12.03 08:31:39 INFO  web[][o.s.s.q.RegisterQualityProfiles] Update profile jsp/Sonar way
2021.12.03 08:31:39 INFO  web[][o.s.s.q.RegisterQualityProfiles] Update profile go/Sonar way
2021.12.03 08:31:39 INFO  web[][o.s.s.q.RegisterQualityProfiles] Update profile kotlin/Sonar way
2021.12.03 08:31:39 INFO  web[][o.s.s.q.RegisterQualityProfiles] Update profile js/Sonar way
2021.12.03 08:31:40 INFO  web[][o.s.s.q.RegisterQualityProfiles] Update profile py/Sonar way
2021.12.03 08:31:40 INFO  web[][o.s.s.q.RegisterQualityProfiles] Update profile ruby/Sonar way
2021.12.03 08:31:40 INFO  web[][o.s.s.q.RegisterQualityProfiles] Update profile cs/Sonar way
2021.12.03 08:31:40 INFO  web[][o.s.s.q.RegisterQualityProfiles] Update profile java/Sonar way
2021.12.03 08:31:41 INFO  web[][o.s.s.q.RegisterQualityProfiles] Update profile web/Sonar way
2021.12.03 08:31:41 INFO  web[][o.s.s.q.RegisterQualityProfiles] Update profile flex/Sonar way
2021.12.03 08:31:41 INFO  web[][o.s.s.q.RegisterQualityProfiles] Update profile xml/Sonar way
2021.12.03 08:31:41 INFO  web[][o.s.s.q.RegisterQualityProfiles] Update profile php/Sonar way
2021.12.03 08:31:41 INFO  web[][o.s.s.q.RegisterQualityProfiles] Update profile php/PSR-2
2021.12.03 08:31:41 INFO  web[][o.s.s.q.RegisterQualityProfiles] Update profile php/Drupal
2021.12.03 08:31:41 INFO  web[][o.s.s.q.RegisterQualityProfiles] Update profile vbnet/Sonar way
2021.12.03 08:31:41 INFO  web[][o.s.s.q.RegisterQualityProfiles] Update profile ts/Sonar way
2021.12.03 08:31:41 INFO  web[][o.s.s.s.RegisterPermissionTemplates] Register permission templates
2021.12.03 08:31:41 INFO  web[][o.s.s.s.RenameDeprecatedPropertyKeys] Rename deprecated property keys
2021.12.03 08:31:41 INFO  web[][o.s.s.p.w.MasterServletFilter] Initializing servlet filter org.sonar.server.platform.web.SonarLintConnectionFilter@6e7b3707 [pattern=UrlPattern{inclusions=[/api/*], exclusions=[]}]
2021.12.03 08:31:41 INFO  web[][o.s.s.p.w.MasterServletFilter] Initializing servlet filter org.sonar.server.platform.web.WebServiceFilter@33c99f54 [pattern=UrlPattern{inclusions=[/api/issues/delete_comment.*, ...], exclusions=[/api/authentication/login.*, ...]}]
2021.12.03 08:31:41 INFO  web[][o.s.s.p.w.MasterServletFilter] Initializing servlet filter org.sonar.server.platform.web.WebServiceReroutingFilter@77427097 [pattern=UrlPattern{inclusions=[/api/components/bulk_update_key, ...], exclusions=[]}]
2021.12.03 08:31:41 INFO  web[][o.s.s.p.w.MasterServletFilter] Initializing servlet filter org.sonar.server.plugins.PluginsRiskConsentFilter@d1273b0 [pattern=UrlPattern{inclusions=[/*], exclusions=[*.css, ...]}]
2021.12.03 08:31:41 INFO  web[][o.s.s.p.w.MasterServletFilter] Initializing servlet filter org.sonar.server.authentication.DefaultAdminCredentialsVerifierFilter@bef89d8 [pattern=UrlPattern{inclusions=[/*], exclusions=[*.css, ...]}]
2021.12.03 08:31:41 INFO  web[][o.s.s.p.w.MasterServletFilter] Initializing servlet filter org.sonar.server.authentication.InitFilter@591a1943 [pattern=UrlPattern{inclusions=[/sessions/init/*], exclusions=[]}]
2021.12.03 08:31:41 INFO  web[][o.s.s.p.w.MasterServletFilter] Initializing servlet filter org.sonar.server.authentication.OAuth2CallbackFilter@53217927 [pattern=UrlPattern{inclusions=[/oauth2/callback/*], exclusions=[]}]
2021.12.03 08:31:41 INFO  web[][o.s.s.p.w.MasterServletFilter] Initializing servlet filter org.sonar.server.authentication.ResetPasswordFilter@1a7d4bf8 [pattern=UrlPattern{inclusions=[/*], exclusions=[*.css, ...]}]
2021.12.03 08:31:41 INFO  web[][o.s.s.p.w.MasterServletFilter] Initializing servlet filter org.sonar.server.authentication.ws.LoginAction@3fae5e74 [pattern=UrlPattern{inclusions=[/api/authentication/login], exclusions=[]}]
2021.12.03 08:31:41 INFO  web[][o.s.s.p.w.MasterServletFilter] Initializing servlet filter org.sonar.server.authentication.ws.LogoutAction@61921d0c [pattern=UrlPattern{inclusions=[/api/authentication/logout], exclusions=[]}]
2021.12.03 08:31:41 INFO  web[][o.s.s.p.w.MasterServletFilter] Initializing servlet filter org.sonar.server.authentication.ws.ValidateAction@7e11a858 [pattern=UrlPattern{inclusions=[/api/authentication/validate], exclusions=[]}]
2021.12.03 08:31:42 INFO  web[][o.s.s.q.ProjectsInWarningDaemon] Counting number of projects in warning is not started as there are no projects in this situation.
2021.12.03 08:31:42 INFO  web[][o.s.s.p.p.PlatformLevelStartup] Running Community Edition
2021.12.03 08:31:42 INFO  web[][o.s.s.p.Platform] WebServer is operational
2021.12.03 10:42:20 INFO  web[][o.s.p.ProcessEntryPoint] Gracefully stopping process
2021.12.03 10:42:20 INFO  web[][o.s.s.n.NotificationDaemon] Notification service stopped
2021.12.03 10:42:20 INFO  web[][o.s.s.p.d.EmbeddedDatabase] Embedded database stopped
2021.12.03 10:42:20 INFO  web[][o.s.s.app.WebServer] WebServer stopped
2021.12.03 11:44:49 INFO  web[][o.s.p.ProcessEntryPoint] Starting web
2021.12.03 11:44:50 INFO  web[][o.a.t.u.n.NioSelectorPool] Using a shared selector for servlet write/read
2021.12.03 11:44:51 INFO  web[][o.s.s.e.EsClientProvider] Connected to local Elasticsearch: [http://localhost:9001]
2021.12.03 11:44:51 INFO  web[][o.s.s.p.LogServerVersion] SonarQube Server / 8.9.3.48735 / f66fd41c02b18a63c6241c6eb4a1509e490719b4
2021.12.03 11:44:52 INFO  web[][o.s.s.p.d.EmbeddedDatabase] Starting embedded database on port 9092 with url jdbc:h2:tcp://127.0.0.1:9092/sonar
2021.12.03 11:44:52 INFO  web[][o.s.s.p.d.EmbeddedDatabase] Embedded database started. Data stored in: /opt/sonarqube/data
2021.12.03 11:44:52 INFO  web[][o.sonar.db.Database] Create JDBC data source for jdbc:h2:tcp://127.0.0.1:9092/sonar
2021.12.03 11:44:53 WARN  web[][o.s.db.dialect.H2] H2 database should be used for evaluation purpose only.
2021.12.03 11:44:54 INFO  web[][o.s.s.p.ServerFileSystemImpl] SonarQube home: /opt/sonarqube
2021.12.03 11:44:54 INFO  web[][o.s.s.u.SystemPasscodeImpl] System authentication by passcode is disabled
2021.12.03 11:44:54 INFO  web[][o.s.s.p.ServerPluginManager] Deploy plugin C# Code Quality and Security / 8.22.0.31243 / e3cee7838d992e31dcdd90cf4f7406bb20535e8e
2021.12.03 11:44:54 INFO  web[][o.s.s.p.ServerPluginManager] Deploy plugin CSS Code Quality and Security / 1.4.2.2002 / faa7d4f1407df67df7ada53caf677ab783721173
2021.12.03 11:44:54 INFO  web[][o.s.s.p.ServerPluginManager] Deploy plugin Flex Code Quality and Security / 2.6.1.2564 / bb723840701bda72510b7a47742811d20daad331
2021.12.03 11:44:54 INFO  web[][o.s.s.p.ServerPluginManager] Deploy plugin Go Code Quality and Security / 1.8.3.2219 / d6ad7a5a47fc4785d2e80918fb7424be46e38a7f
2021.12.03 11:44:54 INFO  web[][o.s.s.p.ServerPluginManager] Deploy plugin HTML Code Quality and Security / 3.4.0.2754 / 38f7ff864ae15152c9f1efc3014594f7e7ca7b6e
2021.12.03 11:44:54 INFO  web[][o.s.s.p.ServerPluginManager] Deploy plugin JaCoCo / 1.1.1.1157 / 83478572b9f23efac29de15e30c7758bbb0c0e47
2021.12.03 11:44:54 INFO  web[][o.s.s.p.ServerPluginManager] Deploy plugin Java Code Quality and Security / 6.15.1.26025 / 1b1e96715bfa9f6a4ae24e95cc5b91f0edce609f
2021.12.03 11:44:54 INFO  web[][o.s.s.p.ServerPluginManager] Deploy plugin JavaScript/TypeScript Code Quality and Security / 7.4.4.15624 / 481b2e69339b016b5d7d1eb27f0abf20dd6bd961
2021.12.03 11:44:54 INFO  web[][o.s.s.p.ServerPluginManager] Deploy plugin Kotlin Code Quality and Security / 1.8.3.2219 / d6ad7a5a47fc4785d2e80918fb7424be46e38a7f
2021.12.03 11:44:54 INFO  web[][o.s.s.p.ServerPluginManager] Deploy plugin PHP Code Quality and Security / 3.17.0.7439 / 44c7760147080c157fa0ff579772f92d3c8e1ebf
2021.12.03 11:44:54 INFO  web[][o.s.s.p.ServerPluginManager] Deploy plugin Python Code Quality and Security / 3.4.1.8066 / 22139ec73fb2f32044f66477ea52734415683668
2021.12.03 11:44:54 INFO  web[][o.s.s.p.ServerPluginManager] Deploy plugin Ruby Code Quality and Security / 1.8.3.2219 / d6ad7a5a47fc4785d2e80918fb7424be46e38a7f
2021.12.03 11:44:54 INFO  web[][o.s.s.p.ServerPluginManager] Deploy plugin Scala Code Quality and Security / 1.8.3.2219 / d6ad7a5a47fc4785d2e80918fb7424be46e38a7f
2021.12.03 11:44:54 INFO  web[][o.s.s.p.ServerPluginManager] Deploy plugin VB.NET Code Quality and Security / 8.22.0.31243 / e3cee7838d992e31dcdd90cf4f7406bb20535e8e
2021.12.03 11:44:54 INFO  web[][o.s.s.p.ServerPluginManager] Deploy plugin XML Code Quality and Security / 2.2.0.2973 / 16002945f0725643a7b42f090572795dd8b72a0f
2021.12.03 11:44:56 INFO  web[][o.s.s.p.w.MasterServletFilter] Initializing servlet filter org.sonar.server.platform.web.WebServiceFilter@5b90779c [pattern=UrlPattern{inclusions=[/api/system/migrate_db.*, ...], exclusions=[/api/components/update_key, ...]}]
2021.12.03 11:44:56 INFO  web[][o.s.s.a.EmbeddedTomcat] HTTP connector enabled on port 9000
2021.12.03 11:44:58 INFO  web[][o.s.s.p.UpdateCenterClient] Update center: https://update.sonarsource.org/update-center.properties (no proxy)
2021.12.03 11:45:00 INFO  web[][o.s.s.s.LogServerId] Server ID: BF41A1F2-AX1Z9-PrK3f4-1FZLOEX
2021.12.03 11:45:00 WARN  web[][o.s.s.a.LogOAuthWarning] For security reasons, OAuth authentication should use HTTPS. You should set the property 'Administration > Configuration > Server base URL' to a HTTPS URL.
2021.12.03 11:45:01 WARN  web[][o.s.a.s.w.WebService$Action] The response example is not set on action api/plugins/download
2021.12.03 11:45:01 WARN  web[][o.s.a.s.w.WebService$Action] The response example is not set on action api/permissions/search_templates
2021.12.03 11:45:01 WARN  web[][o.s.a.s.w.WebService$Action] The response example is not set on action api/alm_integrations/list_bitbucketserver_projects
2021.12.03 11:45:01 WARN  web[][o.s.a.s.w.WebService$Action] The response example is not set on action api/alm_integrations/check_pat
2021.12.03 11:45:01 WARN  web[][o.s.a.s.w.WebService$Action] The response example is not set on action api/alm_integrations/list_azure_projects
2021.12.03 11:45:01 WARN  web[][o.s.a.s.w.WebService$Action] The response example is not set on action api/alm_integrations/search_bitbucketserver_repos
2021.12.03 11:45:01 WARN  web[][o.s.a.s.w.WebService$Action] The response example is not set on action api/alm_integrations/search_azure_repos
2021.12.03 11:45:01 WARN  web[][o.s.a.s.w.WebService$Action] The response example is not set on action api/alm_integrations/list_github_organizations
2021.12.03 11:45:01 WARN  web[][o.s.a.s.w.WebService$Action] The response example is not set on action api/alm_integrations/list_github_repositories
2021.12.03 11:45:01 WARN  web[][o.s.a.s.w.WebService$Action] The response example is not set on action api/alm_integrations/get_github_client_id
2021.12.03 11:45:01 WARN  web[][o.s.a.s.w.WebService$Action] The response example is not set on action api/alm_settings/get_binding
2021.12.03 11:45:01 WARN  web[][o.s.a.s.w.WebService$Action] The response example is not set on action api/alm_settings/list
2021.12.03 11:45:01 WARN  web[][o.s.a.s.w.WebService$Action] The response example is not set on action api/alm_settings/list_definitions
2021.12.03 11:45:01 WARN  web[][o.s.a.s.w.WebService$Action] The response example is not set on action api/alm_settings/count_binding
2021.12.03 11:45:01 WARN  web[][o.s.a.s.w.WebService$Action] The response example is not set on action api/alm_settings/validate
2021.12.03 11:45:01 INFO  web[][o.s.s.t.TelemetryDaemon] Sharing of SonarQube statistics is enabled.
2021.12.03 11:45:01 INFO  web[][o.s.s.n.NotificationDaemon] Notification service started (delay 60 sec.)
2021.12.03 11:45:01 INFO  web[][o.s.s.a.p.ExpiredSessionsCleaner] Purge of expired session tokens has removed 0 elements
2021.12.03 11:45:01 INFO  web[][o.s.s.a.p.ExpiredSessionsCleaner] Purge of expired SAML message ids has removed 0 elements
2021.12.03 11:45:01 INFO  web[][o.s.s.s.GeneratePluginIndex] Generate scanner plugin index
2021.12.03 11:45:01 INFO  web[][o.s.s.s.RegisterPlugins] Register plugins
2021.12.03 11:45:01 INFO  web[][o.s.s.s.RegisterMetrics] Register metrics
2021.12.03 11:45:01 INFO  web[][o.s.s.r.RegisterRules] Register rules
2021.12.03 11:45:12 INFO  web[][o.s.s.q.BuiltInQProfileRepositoryImpl] Load quality profiles
2021.12.03 11:45:14 INFO  web[][o.s.s.q.RegisterQualityProfiles] Register quality profiles
2021.12.03 11:45:14 INFO  web[][o.s.s.q.RegisterQualityProfiles] Update profile css/Sonar way
2021.12.03 11:45:14 INFO  web[][o.s.s.q.RegisterQualityProfiles] Update profile scala/Sonar way
2021.12.03 11:45:14 INFO  web[][o.s.s.q.RegisterQualityProfiles] Update profile jsp/Sonar way
2021.12.03 11:45:14 INFO  web[][o.s.s.q.RegisterQualityProfiles] Update profile go/Sonar way
2021.12.03 11:45:14 INFO  web[][o.s.s.q.RegisterQualityProfiles] Update profile kotlin/Sonar way
2021.12.03 11:45:14 INFO  web[][o.s.s.q.RegisterQualityProfiles] Update profile js/Sonar way
2021.12.03 11:45:15 INFO  web[][o.s.s.q.RegisterQualityProfiles] Update profile py/Sonar way
2021.12.03 11:45:15 INFO  web[][o.s.s.q.RegisterQualityProfiles] Update profile ruby/Sonar way
2021.12.03 11:45:15 INFO  web[][o.s.s.q.RegisterQualityProfiles] Update profile cs/Sonar way
2021.12.03 11:45:15 INFO  web[][o.s.s.q.RegisterQualityProfiles] Update profile java/Sonar way
2021.12.03 11:45:16 INFO  web[][o.s.s.q.RegisterQualityProfiles] Update profile web/Sonar way
2021.12.03 11:45:16 INFO  web[][o.s.s.q.RegisterQualityProfiles] Update profile flex/Sonar way
2021.12.03 11:45:16 INFO  web[][o.s.s.q.RegisterQualityProfiles] Update profile xml/Sonar way
2021.12.03 11:45:16 INFO  web[][o.s.s.q.RegisterQualityProfiles] Update profile php/Sonar way
2021.12.03 11:45:16 INFO  web[][o.s.s.q.RegisterQualityProfiles] Update profile php/PSR-2
2021.12.03 11:45:16 INFO  web[][o.s.s.q.RegisterQualityProfiles] Update profile php/Drupal
2021.12.03 11:45:16 INFO  web[][o.s.s.q.RegisterQualityProfiles] Update profile vbnet/Sonar way
2021.12.03 11:45:16 INFO  web[][o.s.s.q.RegisterQualityProfiles] Update profile ts/Sonar way
2021.12.03 11:45:16 INFO  web[][o.s.s.s.RegisterPermissionTemplates] Register permission templates
2021.12.03 11:45:16 INFO  web[][o.s.s.s.RenameDeprecatedPropertyKeys] Rename deprecated property keys
2021.12.03 11:45:16 INFO  web[][o.s.s.p.w.MasterServletFilter] Initializing servlet filter org.sonar.server.platform.web.SonarLintConnectionFilter@2a05608f [pattern=UrlPattern{inclusions=[/api/*], exclusions=[]}]
2021.12.03 11:45:16 INFO  web[][o.s.s.p.w.MasterServletFilter] Initializing servlet filter org.sonar.server.platform.web.WebServiceFilter@46ee9074 [pattern=UrlPattern{inclusions=[/api/issues/delete_comment.*, ...], exclusions=[/api/authentication/login.*, ...]}]
2021.12.03 11:45:16 INFO  web[][o.s.s.p.w.MasterServletFilter] Initializing servlet filter org.sonar.server.platform.web.WebServiceReroutingFilter@14443c8a [pattern=UrlPattern{inclusions=[/api/components/bulk_update_key, ...], exclusions=[]}]
2021.12.03 11:45:16 INFO  web[][o.s.s.p.w.MasterServletFilter] Initializing servlet filter org.sonar.server.plugins.PluginsRiskConsentFilter@39a4b86c [pattern=UrlPattern{inclusions=[/*], exclusions=[*.css, ...]}]
2021.12.03 11:45:16 INFO  web[][o.s.s.p.w.MasterServletFilter] Initializing servlet filter org.sonar.server.authentication.DefaultAdminCredentialsVerifierFilter@1016a2f5 [pattern=UrlPattern{inclusions=[/*], exclusions=[*.css, ...]}]
2021.12.03 11:45:16 INFO  web[][o.s.s.p.w.MasterServletFilter] Initializing servlet filter org.sonar.server.authentication.InitFilter@7365f5dc [pattern=UrlPattern{inclusions=[/sessions/init/*], exclusions=[]}]
2021.12.03 11:45:16 INFO  web[][o.s.s.p.w.MasterServletFilter] Initializing servlet filter org.sonar.server.authentication.OAuth2CallbackFilter@24ed10c [pattern=UrlPattern{inclusions=[/oauth2/callback/*], exclusions=[]}]
2021.12.03 11:45:16 INFO  web[][o.s.s.p.w.MasterServletFilter] Initializing servlet filter org.sonar.server.authentication.ResetPasswordFilter@429fe63c [pattern=UrlPattern{inclusions=[/*], exclusions=[*.css, ...]}]
2021.12.03 11:45:16 INFO  web[][o.s.s.p.w.MasterServletFilter] Initializing servlet filter org.sonar.server.authentication.ws.LoginAction@43cb1c84 [pattern=UrlPattern{inclusions=[/api/authentication/login], exclusions=[]}]
2021.12.03 11:45:16 INFO  web[][o.s.s.p.w.MasterServletFilter] Initializing servlet filter org.sonar.server.authentication.ws.LogoutAction@2fe535e9 [pattern=UrlPattern{inclusions=[/api/authentication/logout], exclusions=[]}]
2021.12.03 11:45:16 INFO  web[][o.s.s.p.w.MasterServletFilter] Initializing servlet filter org.sonar.server.authentication.ws.ValidateAction@5762da66 [pattern=UrlPattern{inclusions=[/api/authentication/validate], exclusions=[]}]
2021.12.03 11:45:16 INFO  web[][o.s.s.q.ProjectsInWarningDaemon] Counting number of projects in warning is not started as there are no projects in this situation.
2021.12.03 11:45:16 INFO  web[][o.s.s.p.p.PlatformLevelStartup] Running Community Edition
2021.12.03 11:45:16 INFO  web[][o.s.s.p.Platform] WebServer is operational
