--- Copying files at Tue Nov 23 00:13:16 UTC 2021
--- Copying files at Thu Nov 25 16:51:11 UTC 2021
--- Copying files at Thu Nov 25 21:31:11 UTC 2021
--- Copying files at Thu Nov 25 23:05:11 UTC 2021
--- Copying files at Thu Nov 25 23:34:43 UTC 2021
--- Copying files at Fri Nov 26 00:56:53 UTC 2021
--- Copying files at Fri Nov 26 01:14:41 UTC 2021
--- Copying files at Fri Nov 26 01:15:36 UTC 2021
--- Copying files at Fri Nov 26 01:21:27 UTC 2021
--- Copying files at Fri Nov 26 01:52:28 UTC 2021
--- Copying files at Fri Nov 26 01:59:04 UTC 2021
--- Copying files at Sat Nov 27 21:59:45 UTC 2021
--- Copying files at Sat Nov 27 22:11:00 UTC 2021
--- Copying files at Sat Nov 27 22:13:02 UTC 2021
--- Copying files at Sat Nov 27 22:16:12 UTC 2021
--- Copying files at Sat Nov 27 22:36:08 UTC 2021
--- Copying files at Sun Nov 28 00:02:27 UTC 2021
--- Copying files at Sun Nov 28 00:26:15 UTC 2021
--- Copying files at Sun Nov 28 00:29:37 UTC 2021
--- Copying files at Sun Nov 28 00:36:23 UTC 2021
--- Copying files at Sun Nov 28 00:40:50 UTC 2021
--- Copying files at Sun Nov 28 00:43:14 UTC 2021
--- Copying files at Sun Nov 28 00:44:41 UTC 2021
--- Copying files at Sun Nov 28 00:56:06 UTC 2021
--- Copying files at Sun Nov 28 00:57:28 UTC 2021
--- Copying files at Sun Nov 28 00:59:45 UTC 2021
--- Copying files at Sun Nov 28 01:03:43 UTC 2021
--- Copying files at Sun Nov 28 01:04:58 UTC 2021
--- Copying files at Sun Nov 28 01:06:22 UTC 2021
--- Copying files at Sun Nov 28 01:09:39 UTC 2021
--- Copying files at Sun Nov 28 01:10:48 UTC 2021
--- Copying files at Sun Nov 28 01:11:29 UTC 2021
--- Copying files at Sun Nov 28 01:12:41 UTC 2021
--- Copying files at Sun Nov 28 01:15:09 UTC 2021
--- Copying files at Sun Nov 28 01:29:03 UTC 2021
--- Copying files at Sun Nov 28 01:48:25 UTC 2021
--- Copying files at Sun Nov 28 02:01:09 UTC 2021
--- Copying files at Sun Nov 28 02:05:41 UTC 2021
--- Copying files at Sun Nov 28 02:06:30 UTC 2021
--- Copying files at Sun Nov 28 02:07:26 UTC 2021
--- Copying files at Sun Nov 28 02:16:15 UTC 2021
--- Copying files at Sun Nov 28 02:18:46 UTC 2021
--- Copying files at Sun Nov 28 02:47:41 UTC 2021
--- Copying files at Sun Nov 28 02:55:46 UTC 2021
--- Copying files at Sun Nov 28 03:07:15 UTC 2021
--- Copying files at Sun Nov 28 03:11:08 UTC 2021
--- Copying files at Sun Nov 28 03:12:23 UTC 2021
--- Copying files at Sun Nov 28 23:16:32 UTC 2021
--- Copying files at Sun Nov 28 23:18:29 UTC 2021
--- Copying files at Sun Nov 28 23:24:34 UTC 2021
--- Copying files at Sun Nov 28 23:25:35 UTC 2021
--- Copying files at Sun Nov 28 23:26:23 UTC 2021
--- Copying files at Sun Nov 28 23:28:48 UTC 2021
--- Copying files at Sun Nov 28 23:31:42 UTC 2021
--- Copying files at Sun Nov 28 23:40:09 UTC 2021
--- Copying files at Sun Nov 28 23:48:04 UTC 2021
--- Copying files at Sun Nov 28 23:58:14 UTC 2021
--- Copying files at Tue Nov 30 00:36:52 UTC 2021
--- Copying files at Tue Nov 30 00:38:40 UTC 2021
--- Copying files at Tue Nov 30 00:40:18 UTC 2021
--- Copying files at Tue Nov 30 00:43:12 UTC 2021
--- Copying files at Tue Nov 30 00:43:19 UTC 2021
--- Copying files at Tue Nov 30 00:44:44 UTC 2021
--- Copying files at Tue Nov 30 00:46:05 UTC 2021
--- Copying files at Tue Nov 30 00:48:23 UTC 2021
--- Copying files at Tue Nov 30 01:18:38 UTC 2021
--- Copying files at Tue Nov 30 01:18:39 UTC 2021
--- Copying files at Tue Nov 30 01:18:40 UTC 2021
--- Copying files at Tue Nov 30 01:18:41 UTC 2021
--- Copying files at Tue Nov 30 01:18:43 UTC 2021
--- Copying files at Tue Nov 30 01:18:46 UTC 2021
--- Copying files at Tue Nov 30 01:18:50 UTC 2021
--- Copying files at Tue Nov 30 01:18:57 UTC 2021
--- Copying files at Tue Nov 30 01:19:11 UTC 2021
--- Copying files at Tue Nov 30 01:19:37 UTC 2021
--- Copying files at Tue Nov 30 01:20:29 UTC 2021
--- Copying files at Tue Nov 30 01:22:05 UTC 2021
--- Copying files at Tue Nov 30 01:22:07 UTC 2021
--- Copying files at Tue Nov 30 01:22:08 UTC 2021
--- Copying files at Tue Nov 30 01:22:10 UTC 2021
--- Copying files at Tue Nov 30 01:22:12 UTC 2021
--- Copying files at Tue Nov 30 01:22:14 UTC 2021
--- Copying files at Tue Nov 30 01:22:19 UTC 2021
--- Copying files at Tue Nov 30 01:22:26 UTC 2021
--- Copying files at Tue Nov 30 01:22:40 UTC 2021
--- Copying files at Tue Nov 30 01:23:07 UTC 2021
--- Copying files at Tue Nov 30 01:23:59 UTC 2021
--- Copying files at Tue Nov 30 01:25:00 UTC 2021
--- Copying files at Tue Nov 30 01:26:01 UTC 2021
--- Copying files at Tue Nov 30 01:27:02 UTC 2021
--- Copying files at Tue Nov 30 01:28:03 UTC 2021
--- Copying files at Tue Nov 30 01:29:03 UTC 2021
--- Copying files at Tue Nov 30 01:30:04 UTC 2021
--- Copying files at Tue Nov 30 01:31:05 UTC 2021
--- Copying files at Tue Nov 30 01:32:06 UTC 2021
--- Copying files at Tue Nov 30 01:33:07 UTC 2021
--- Copying files at Tue Nov 30 01:34:08 UTC 2021
--- Copying files at Tue Nov 30 01:37:28 UTC 2021
--- Copying files at Tue Nov 30 01:37:30 UTC 2021
--- Copying files at Tue Nov 30 01:37:32 UTC 2021
--- Copying files at Tue Nov 30 01:37:33 UTC 2021
--- Copying files at Tue Nov 30 01:37:35 UTC 2021
--- Copying files at Tue Nov 30 01:37:38 UTC 2021
--- Copying files at Tue Nov 30 01:37:42 UTC 2021
--- Copying files at Tue Nov 30 01:37:49 UTC 2021
--- Copying files at Tue Nov 30 01:38:03 UTC 2021
--- Copying files at Tue Nov 30 01:38:29 UTC 2021
--- Copying files at Tue Nov 30 01:39:22 UTC 2021
--- Copying files at Tue Nov 30 01:40:03 UTC 2021
--- Copying files at Tue Nov 30 01:40:04 UTC 2021
--- Copying files at Tue Nov 30 01:40:05 UTC 2021
--- Copying files at Tue Nov 30 01:40:06 UTC 2021
--- Copying files at Tue Nov 30 01:40:08 UTC 2021
--- Copying files at Tue Nov 30 01:40:11 UTC 2021
--- Copying files at Tue Nov 30 01:40:15 UTC 2021
--- Copying files at Tue Nov 30 01:40:22 UTC 2021
--- Copying files at Tue Nov 30 01:40:36 UTC 2021
--- Copying files at Tue Nov 30 01:41:02 UTC 2021
--- Copying files at Tue Nov 30 01:41:49 UTC 2021
--- Copying files at Tue Nov 30 01:41:50 UTC 2021
--- Copying files at Tue Nov 30 01:41:51 UTC 2021
--- Copying files at Tue Nov 30 01:41:53 UTC 2021
--- Copying files at Tue Nov 30 01:41:54 UTC 2021
--- Copying files at Tue Nov 30 01:41:57 UTC 2021
--- Copying files at Tue Nov 30 01:42:01 UTC 2021
--- Copying files at Tue Nov 30 01:42:08 UTC 2021
--- Copying files at Tue Nov 30 01:42:22 UTC 2021
--- Copying files at Tue Nov 30 01:43:16 UTC 2021
--- Copying files at Tue Nov 30 02:28:43 UTC 2021
--- Copying files at Tue Nov 30 02:40:04 UTC 2021
--- Copying files at Tue Nov 30 02:46:58 UTC 2021
--- Copying files at Tue Nov 30 03:10:28 UTC 2021
--- Copying files at Tue Nov 30 03:15:04 UTC 2021
--- Copying files at Tue Nov 30 11:05:28 UTC 2021
--- Copying files at Tue Nov 30 12:39:21 UTC 2021
--- Copying files at Tue Nov 30 23:46:54 UTC 2021
--- Copying files at Wed Dec  1 00:39:09 UTC 2021
--- Copying files at Wed Dec  1 00:39:14 UTC 2021
--- Copying files at Wed Dec  1 00:39:16 UTC 2021
--- Copying files at Wed Dec  1 00:39:19 UTC 2021
--- Copying files at Wed Dec  1 00:39:23 UTC 2021
--- Copying files at Wed Dec  1 00:39:27 UTC 2021
--- Copying files at Wed Dec  1 00:39:32 UTC 2021
--- Copying files at Wed Dec  1 00:39:41 UTC 2021
--- Copying files at Wed Dec  1 00:39:56 UTC 2021
--- Copying files at Wed Dec  1 00:40:24 UTC 2021
--- Copying files at Wed Dec  1 00:41:17 UTC 2021
--- Copying files at Wed Dec  1 00:42:19 UTC 2021
--- Copying files at Wed Dec  1 00:43:21 UTC 2021
--- Copying files at Wed Dec  1 00:44:23 UTC 2021
--- Copying files at Wed Dec  1 00:45:25 UTC 2021
--- Copying files at Wed Dec  1 00:46:27 UTC 2021
--- Copying files at Wed Dec  1 00:49:10 UTC 2021
--- Copying files at Wed Dec  1 00:49:14 UTC 2021
--- Copying files at Wed Dec  1 00:49:16 UTC 2021
--- Copying files at Wed Dec  1 00:49:18 UTC 2021
--- Copying files at Wed Dec  1 00:49:20 UTC 2021
--- Copying files at Wed Dec  1 00:49:24 UTC 2021
--- Copying files at Wed Dec  1 00:49:28 UTC 2021
--- Copying files at Wed Dec  1 00:49:36 UTC 2021
--- Copying files at Wed Dec  1 00:49:50 UTC 2021
--- Copying files at Wed Dec  1 00:50:17 UTC 2021
--- Copying files at Wed Dec  1 00:51:09 UTC 2021
--- Copying files at Wed Dec  1 00:52:11 UTC 2021
--- Copying files at Wed Dec  1 00:53:12 UTC 2021
--- Copying files at Wed Dec  1 00:55:35 UTC 2021
--- Copying files at Wed Dec  1 00:56:29 UTC 2021
--- Copying files at Wed Dec  1 00:58:34 UTC 2021
--- Copying files at Wed Dec  1 00:59:28 UTC 2021
--- Copying files at Wed Dec  1 01:04:46 UTC 2021
--- Copying files at Wed Dec  1 01:05:44 UTC 2021
--- Copying files at Wed Dec  1 01:33:27 UTC 2021
--- Copying files at Wed Dec  1 01:33:42 UTC 2021
--- Copying files at Wed Dec  1 01:44:18 UTC 2021
--- Copying files at Wed Dec  1 01:48:16 UTC 2021
--- Copying files at Wed Dec  1 01:56:32 UTC 2021
--- Copying files at Wed Dec  1 23:07:37 UTC 2021
--- Copying files at Wed Dec  1 23:08:38 UTC 2021
--- Copying files at Wed Dec  1 23:10:05 UTC 2021
--- Copying files at Wed Dec  1 23:10:16 UTC 2021
--- Copying files at Wed Dec  1 23:10:35 UTC 2021
--- Copying files at Wed Dec  1 23:12:51 UTC 2021
--- Copying files at Wed Dec  1 23:16:58 UTC 2021
--- Copying files at Wed Dec  1 23:18:11 UTC 2021
--- Copying files at Wed Dec  1 23:24:28 UTC 2021
--- Copying files at Wed Dec  1 23:26:33 UTC 2021
--- Copying files at Wed Dec  1 23:27:29 UTC 2021
--- Copying files at Wed Dec  1 23:29:35 UTC 2021
--- Copying files at Wed Dec  1 23:31:31 UTC 2021
--- Copying files at Wed Dec  1 23:34:11 UTC 2021
--- Copying files at Wed Dec  1 23:37:45 UTC 2021
--- Copying files at Wed Dec  1 23:38:05 UTC 2021
--- Copying files at Wed Dec  1 23:38:21 UTC 2021
--- Copying files at Wed Dec  1 23:38:51 UTC 2021
--- Copying files at Wed Dec  1 23:39:07 UTC 2021
--- Copying files at Wed Dec  1 23:41:38 UTC 2021
--- Copying files at Wed Dec  1 23:43:26 UTC 2021
--- Copying files at Wed Dec  1 23:53:00 UTC 2021
--- Copying files at Wed Dec  1 23:54:32 UTC 2021
--- Copying files at Wed Dec  1 23:57:34 UTC 2021
--- Copying files at Wed Dec  1 23:57:50 UTC 2021
--- Copying files at Wed Dec  1 23:58:28 UTC 2021
--- Copying files at Wed Dec  1 23:58:39 UTC 2021
--- Copying files at Thu Dec  2 00:00:11 UTC 2021
--- Copying files at Thu Dec  2 01:13:18 UTC 2021
--- Copying files at Thu Dec  2 01:33:33 UTC 2021
--- Copying files at Thu Dec  2 08:56:56 UTC 2021
--- Copying files at Thu Dec  2 08:58:02 UTC 2021
--- Copying files at Thu Dec  2 09:03:06 UTC 2021
--- Copying files at Thu Dec  2 09:12:10 UTC 2021
--- Copying files at Thu Dec  2 09:27:03 UTC 2021
--- Copying files at Thu Dec  2 09:28:20 UTC 2021
--- Copying files at Thu Dec  2 09:31:42 UTC 2021
--- Copying files at Thu Dec  2 09:44:58 UTC 2021
--- Copying files at Thu Dec  2 09:49:36 UTC 2021
--- Copying files at Thu Dec  2 11:31:34 UTC 2021
--- Copying files at Thu Dec  2 11:35:47 UTC 2021
--- Copying files at Thu Dec  2 11:36:03 UTC 2021
--- Copying files at Thu Dec  2 11:36:07 UTC 2021
--- Copying files at Thu Dec  2 11:36:12 UTC 2021
--- Copying files at Thu Dec  2 11:36:16 UTC 2021
--- Copying files at Thu Dec  2 11:36:34 UTC 2021
--- Copying files at Thu Dec  2 11:38:14 UTC 2021
--- Copying files at Thu Dec  2 11:40:35 UTC 2021
--- Copying files at Thu Dec  2 11:40:47 UTC 2021
--- Copying files at Thu Dec  2 11:40:51 UTC 2021
--- Copying files at Thu Dec  2 11:41:55 UTC 2021
--- Copying files at Thu Dec  2 11:42:05 UTC 2021
--- Copying files at Thu Dec  2 11:42:11 UTC 2021
--- Copying files at Thu Dec  2 15:13:12 UTC 2021
--- Copying files at Thu Dec  2 15:13:36 UTC 2021
--- Copying files at Thu Dec  2 16:05:16 UTC 2021
--- Copying files at Thu Dec  2 16:15:47 UTC 2021
--- Copying files at Thu Dec  2 16:45:57 UTC 2021
--- Copying files at Thu Dec  2 19:17:10 UTC 2021
--- Copying files at Thu Dec  2 20:31:46 UTC 2021
--- Copying files at Thu Dec  2 20:39:57 UTC 2021
--- Copying files at Thu Dec  2 20:40:42 UTC 2021
--- Copying files at Thu Dec  2 20:43:25 UTC 2021
--- Copying files at Thu Dec  2 20:51:12 UTC 2021
--- Copying files at Thu Dec  2 21:10:13 UTC 2021
--- Copying files at Thu Dec  2 21:11:32 UTC 2021
--- Copying files at Thu Dec  2 21:13:16 UTC 2021
--- Copying files at Thu Dec  2 22:56:12 UTC 2021
--- Copying files at Thu Dec  2 23:06:01 UTC 2021
--- Copying files at Thu Dec  2 23:30:03 UTC 2021
--- Copying files at Thu Dec  2 23:38:23 UTC 2021
--- Copying files at Thu Dec  2 23:55:45 UTC 2021
--- Copying files at Fri Dec  3 00:14:28 UTC 2021
--- Copying files at Fri Dec  3 00:23:20 UTC 2021
--- Copying files at Fri Dec  3 00:27:51 UTC 2021
--- Copying files at Fri Dec  3 00:37:56 UTC 2021
--- Copying files at Fri Dec  3 08:30:30 UTC 2021
--- Copying files at Fri Dec  3 11:44:24 UTC 2021
--- Copying files at Sat Dec  4 00:35:57 UTC 2021
--- Copying files at Sat Dec  4 00:38:36 UTC 2021
--- Copying files at Sat Dec  4 01:15:53 UTC 2021
--- Copying files at Sat Dec  4 03:12:34 UTC 2021
--- Copying files at Sat Dec  4 20:39:54 UTC 2021
--- Copying files at Sun Dec  5 02:57:18 UTC 2021
--- Copying files at Sun Dec  5 03:11:50 UTC 2021
--- Copying files at Sun Dec  5 03:17:53 UTC 2021
